#
# There is insufficient memory for the Java Runtime Environment to continue.
# Native memory allocation (malloc) failed to allocate 1517136 bytes for Chunk::new
# Possible reasons:
#   The system is out of physical RAM or swap space
#   The process is running with CompressedOops enabled, and the Java Heap may be blocking the growth of the native heap
# Possible solutions:
#   Reduce memory load on the system
#   Increase physical memory or swap space
#   Check if swap backing store is full
#   Decrease Java heap size (-Xmx/-Xms)
#   Decrease number of Java threads
#   Decrease Java thread stack sizes (-Xss)
#   Set larger code cache with -XX:ReservedCodeCacheSize=
#   JVM is running with Unscaled Compressed Oops mode in which the Java heap is
#     placed in the first 4GB address space. The Java Heap base address is the
#     maximum limit for the native heap growth. Please use -XX:HeapBaseMinAddress
#     to set the Java Heap base and to place the Java Heap above 4GB virtual address.
# This output file may be truncated or incomplete.
#
#  Out of Memory Error (./open/src/hotspot/share/memory/arena.cpp:197), pid=24472, tid=20024
#
# JRE version: Java(TM) SE Runtime Environment 18.9 (11.0.15.1+2) (build 11.0.15.1+2-LTS-10)
# Java VM: Java HotSpot(TM) 64-Bit Server VM 18.9 (11.0.15.1+2-LTS-10, mixed mode, tiered, compressed oops, g1 gc, windows-amd64)
# No core dump will be written. Minidumps are not enabled by default on client versions of Windows
#

---------------  S U M M A R Y ------------

Command Line: --add-opens=java.base/java.util=ALL-UNNAMED --add-opens=java.base/java.lang=ALL-UNNAMED --add-opens=java.base/java.lang.invoke=ALL-UNNAMED --add-opens=java.prefs/java.util.prefs=ALL-UNNAMED --add-opens=java.base/java.nio.charset=ALL-UNNAMED --add-opens=java.base/java.net=ALL-UNNAMED --add-opens=java.base/java.util.concurrent.atomic=ALL-UNNAMED -XX:MaxMetaspaceSize=256m -XX:+HeapDumpOnOutOfMemoryError -Xms256m -Xmx512m -Dfile.encoding=UTF-8 -Duser.country=KR -Duser.language=ko -Duser.variant org.gradle.launcher.daemon.bootstrap.GradleDaemon 7.6

Host: AMD Ryzen 5 4500U with Radeon Graphics         , 6 cores, 7G,  Windows 10 , 64 bit Build 19041 (10.0.19041.2251)
Time: Wed Dec  7 16:54:19 2022 대한민국 표준시 elapsed time: 23.816817 seconds (0d 0h 0m 23s)

---------------  T H R E A D  ---------------

Current thread (0x000001e1598fe800):  JavaThread "C2 CompilerThread1" daemon [_thread_in_native, id=20024, stack(0x000000a58bf00000,0x000000a58c000000)]


Current CompileTask:
C2:  23816 6436   !   4       org.gradle.internal.classpath.InstrumentingClasspathFileTransformer::lambda$visitEntries$1 (180 bytes)

Stack: [0x000000a58bf00000,0x000000a58c000000]
Native frames: (J=compiled Java code, j=interpreted, Vv=VM code, C=native code)
V  [jvm.dll+0x629d8a]
V  [jvm.dll+0x7638ff]
V  [jvm.dll+0x764fa9]
V  [jvm.dll+0x765633]
V  [jvm.dll+0x23d9c8]
V  [jvm.dll+0xb2a1c]
V  [jvm.dll+0xb2fdc]
V  [jvm.dll+0x341047]
V  [jvm.dll+0x18cd11]
V  [jvm.dll+0x1f8672]
V  [jvm.dll+0x1f774d]
V  [jvm.dll+0x177c51]
V  [jvm.dll+0x207026]
V  [jvm.dll+0x2051bb]
V  [jvm.dll+0x729820]
V  [jvm.dll+0x7223f4]
V  [jvm.dll+0x628c26]
C  [ucrtbase.dll+0x21bb2]
C  [KERNEL32.DLL+0x174b4]
C  [ntdll.dll+0x526a1]


---------------  P R O C E S S  ---------------

Threads class SMR info:
_java_thread_list=0x000001e155315440, length=38, elements={
0x000001e1342d8800, 0x000001e150533800, 0x000001e150534800, 0x000001e15055d000,
0x000001e150560800, 0x000001e150e4b800, 0x000001e150569000, 0x000001e15056b000,
0x000001e15056e000, 0x000001e150fcb800, 0x000001e152f37800, 0x000001e153053000,
0x000001e1526e0000, 0x000001e153552800, 0x000001e153553800, 0x000001e1520e6000,
0x000001e1520e6800, 0x000001e151e8c800, 0x000001e15219d800, 0x000001e15304f800,
0x000001e153050800, 0x000001e15304e000, 0x000001e15304b000, 0x000001e15304c800,
0x000001e15304d800, 0x000001e153051800, 0x000001e15304b800, 0x000001e15304f000,
0x000001e1537ae000, 0x000001e1537a9800, 0x000001e1537ab800, 0x000001e1537aa800,
0x000001e1537ad000, 0x000001e1537a8000, 0x000001e1537ac000, 0x000001e1537ae800,
0x000001e1537a9000, 0x000001e1598fe800
}

Java Threads: ( => current thread )
  0x000001e1342d8800 JavaThread "main" [_thread_blocked, id=26696, stack(0x000000a588d00000,0x000000a588e00000)]
  0x000001e150533800 JavaThread "Reference Handler" daemon [_thread_blocked, id=27312, stack(0x000000a589400000,0x000000a589500000)]
  0x000001e150534800 JavaThread "Finalizer" daemon [_thread_blocked, id=19836, stack(0x000000a589500000,0x000000a589600000)]
  0x000001e15055d000 JavaThread "Signal Dispatcher" daemon [_thread_blocked, id=25628, stack(0x000000a589600000,0x000000a589700000)]
  0x000001e150560800 JavaThread "Attach Listener" daemon [_thread_blocked, id=26464, stack(0x000000a589700000,0x000000a589800000)]
  0x000001e150e4b800 JavaThread "Service Thread" daemon [_thread_blocked, id=27372, stack(0x000000a589800000,0x000000a589900000)]
  0x000001e150569000 JavaThread "C2 CompilerThread0" daemon [_thread_in_native, id=24740, stack(0x000000a589900000,0x000000a589a00000)]
  0x000001e15056b000 JavaThread "C1 CompilerThread0" daemon [_thread_blocked, id=13668, stack(0x000000a589a00000,0x000000a589b00000)]
  0x000001e15056e000 JavaThread "Sweeper thread" daemon [_thread_blocked, id=8324, stack(0x000000a589b00000,0x000000a589c00000)]
  0x000001e150fcb800 JavaThread "Common-Cleaner" daemon [_thread_blocked, id=23208, stack(0x000000a589c00000,0x000000a589d00000)]
  0x000001e152f37800 JavaThread "Daemon health stats" [_thread_blocked, id=720, stack(0x000000a58a400000,0x000000a58a500000)]
  0x000001e153053000 JavaThread "Incoming local TCP Connector on port 60285" [_thread_in_native, id=23700, stack(0x000000a589e00000,0x000000a589f00000)]
  0x000001e1526e0000 JavaThread "Daemon periodic checks" [_thread_blocked, id=26356, stack(0x000000a58a500000,0x000000a58a600000)]
  0x000001e153552800 JavaThread "Daemon" [_thread_blocked, id=20836, stack(0x000000a58a600000,0x000000a58a700000)]
  0x000001e153553800 JavaThread "Handler for socket connection from /127.0.0.1:60285 to /127.0.0.1:60286" [_thread_in_native, id=25708, stack(0x000000a58a700000,0x000000a58a800000)]
  0x000001e1520e6000 JavaThread "Cancel handler" [_thread_blocked, id=27076, stack(0x000000a58a800000,0x000000a58a900000)]
  0x000001e1520e6800 JavaThread "Daemon worker" [_thread_blocked, id=23088, stack(0x000000a58a900000,0x000000a58aa00000)]
  0x000001e151e8c800 JavaThread "Asynchronous log dispatcher for DefaultDaemonConnection: socket connection from /127.0.0.1:60285 to /127.0.0.1:60286" [_thread_blocked, id=18548, stack(0x000000a58aa00000,0x000000a58ab00000)]
  0x000001e15219d800 JavaThread "Stdin handler" [_thread_blocked, id=2828, stack(0x000000a58ab00000,0x000000a58ac00000)]
  0x000001e15304f800 JavaThread "Daemon client event forwarder" [_thread_blocked, id=13116, stack(0x000000a58ac00000,0x000000a58ad00000)]
  0x000001e153050800 JavaThread "Cache worker for journal cache (C:\Users\self0\.gradle\caches\journal-1)" [_thread_blocked, id=13208, stack(0x000000a58ad00000,0x000000a58ae00000)]
  0x000001e15304e000 JavaThread "File lock request listener" [_thread_in_native, id=23072, stack(0x000000a58ae00000,0x000000a58af00000)]
  0x000001e15304b000 JavaThread "Cache worker for file hash cache (C:\Users\self0\.gradle\caches\7.6\fileHashes)" [_thread_blocked, id=24896, stack(0x000000a58b000000,0x000000a58b100000)]
  0x000001e15304c800 JavaThread "File watcher server" daemon [_thread_in_native, id=13768, stack(0x000000a58b200000,0x000000a58b300000)]
  0x000001e15304d800 JavaThread "File watcher consumer" daemon [_thread_blocked, id=17684, stack(0x000000a58b300000,0x000000a58b400000)]
  0x000001e153051800 JavaThread "jar transforms" [_thread_in_Java, id=12540, stack(0x000000a58b100000,0x000000a58b200000)]
  0x000001e15304b800 JavaThread "jar transforms Thread 2" [_thread_in_native, id=13752, stack(0x000000a58b400000,0x000000a58b500000)]
  0x000001e15304f000 JavaThread "jar transforms Thread 3" [_thread_blocked, id=10416, stack(0x000000a58b500000,0x000000a58b600000)]
  0x000001e1537ae000 JavaThread "jar transforms Thread 4" [_thread_blocked, id=26504, stack(0x000000a58b600000,0x000000a58b700000)]
  0x000001e1537a9800 JavaThread "jar transforms Thread 5" [_thread_in_Java, id=11200, stack(0x000000a58b700000,0x000000a58b800000)]
  0x000001e1537ab800 JavaThread "jar transforms Thread 6" [_thread_blocked, id=27180, stack(0x000000a58b800000,0x000000a58b900000)]
  0x000001e1537aa800 JavaThread "Cache worker for checksums cache (C:\z_yy\intellij\security\sp-fastcampus-spring-sec\.gradle\7.6\checksums)" [_thread_blocked, id=23708, stack(0x000000a58b900000,0x000000a58ba00000)]
  0x000001e1537ad000 JavaThread "Cache worker for cache directory md-rule (C:\Users\self0\.gradle\caches\7.6\md-rule)" [_thread_blocked, id=18760, stack(0x000000a58ba00000,0x000000a58bb00000)]
  0x000001e1537a8000 JavaThread "Cache worker for file content cache (C:\Users\self0\.gradle\caches\7.6\fileContent)" [_thread_blocked, id=22932, stack(0x000000a58bb00000,0x000000a58bc00000)]
  0x000001e1537ac000 JavaThread "Cache worker for file hash cache (C:\z_yy\intellij\security\sp-fastcampus-spring-sec\.gradle\7.6\fileHashes)" [_thread_blocked, id=20828, stack(0x000000a58bc00000,0x000000a58bd00000)]
  0x000001e1537ae800 JavaThread "Cache worker for cache directory md-supplier (C:\Users\self0\.gradle\caches\7.6\md-supplier)" [_thread_blocked, id=2864, stack(0x000000a58bd00000,0x000000a58be00000)]
  0x000001e1537a9000 JavaThread "Cache worker for execution history cache (C:\Users\self0\.gradle\caches\7.6\executionHistory)" [_thread_blocked, id=19424, stack(0x000000a58be00000,0x000000a58bf00000)]
=>0x000001e1598fe800 JavaThread "C2 CompilerThread1" daemon [_thread_in_native, id=20024, stack(0x000000a58bf00000,0x000000a58c000000)]

Other Threads:
  0x000001e150510800 VMThread "VM Thread" [stack: 0x000000a589300000,0x000000a589400000] [id=26688]
  0x000001e15101d000 WatcherThread [stack: 0x000000a589d00000,0x000000a589e00000] [id=20268]
  0x000001e1342ee800 GCTaskThread "GC Thread#0" [stack: 0x000000a588e00000,0x000000a588f00000] [id=12360]
  0x000001e151d71800 GCTaskThread "GC Thread#1" [stack: 0x000000a589f00000,0x000000a58a000000] [id=17480]
  0x000001e151d72000 GCTaskThread "GC Thread#2" [stack: 0x000000a58a000000,0x000000a58a100000] [id=8312]
  0x000001e152276800 GCTaskThread "GC Thread#3" [stack: 0x000000a58a100000,0x000000a58a200000] [id=27228]
  0x000001e152277800 GCTaskThread "GC Thread#4" [stack: 0x000000a58a200000,0x000000a58a300000] [id=22620]
  0x000001e151ca7800 GCTaskThread "GC Thread#5" [stack: 0x000000a58a300000,0x000000a58a400000] [id=22732]
  0x000001e134301000 ConcurrentGCThread "G1 Main Marker" [stack: 0x000000a588f00000,0x000000a589000000] [id=27084]
  0x000001e134302800 ConcurrentGCThread "G1 Conc#0" [stack: 0x000000a589000000,0x000000a589100000] [id=11420]
  0x000001e152813800 ConcurrentGCThread "G1 Conc#1" [stack: 0x000000a58af00000,0x000000a58b000000] [id=20840]
  0x000001e1503ac800 ConcurrentGCThread "G1 Refine#0" [stack: 0x000000a589100000,0x000000a589200000] [id=15456]
  0x000001e1503af000 ConcurrentGCThread "G1 Young RemSet Sampling" [stack: 0x000000a589200000,0x000000a589300000] [id=21516]

Threads with active compile tasks:
C2 CompilerThread0  23870 6438       4       org.gradle.internal.classpath.InstrumentingClasspathFileTransformer$$Lambda$445/0x0000000100599040::visit (17 bytes)
C2 CompilerThread1  23870 6436   !   4       org.gradle.internal.classpath.InstrumentingClasspathFileTransformer::lambda$visitEntries$1 (180 bytes)

VM state:not at safepoint (normal execution)

VM Mutex/Monitor currently owned by a thread: None

Heap address: 0x00000000e0000000, size: 512 MB, Compressed Oops mode: 32-bit
Narrow klass base: 0x0000000000000000, Narrow klass shift: 3
Compressed class space size: 260046848 Address: 0x0000000100000000

Heap:
 garbage-first heap   total 262144K, used 212171K [0x00000000e0000000, 0x0000000100000000)
  region size 1024K, 99 young (101376K), 8 survivors (8192K)
 Metaspace       used 50549K, capacity 51821K, committed 51968K, reserved 299008K
  class space    used 6560K, capacity 7087K, committed 7168K, reserved 253952K
Heap Regions: E=young(eden), S=young(survivor), O=old, HS=humongous(starts), HC=humongous(continues), CS=collection set, F=free, A=archive, TAMS=top-at-mark-start (previous, next)
|   0|0x00000000e0000000, 0x00000000e0100000, 0x00000000e0100000|100%|HS|  |TAMS 0x00000000e0100000, 0x00000000e0000000| Complete 
|   1|0x00000000e0100000, 0x00000000e0200000, 0x00000000e0200000|100%|HC|  |TAMS 0x00000000e0200000, 0x00000000e0100000| Complete 
|   2|0x00000000e0200000, 0x00000000e0300000, 0x00000000e0300000|100%|HC|  |TAMS 0x00000000e0300000, 0x00000000e0200000| Complete 
|   3|0x00000000e0300000, 0x00000000e0400000, 0x00000000e0400000|100%| O|  |TAMS 0x00000000e0400000, 0x00000000e0300000| Untracked 
|   4|0x00000000e0400000, 0x00000000e0500000, 0x00000000e0500000|100%| O|  |TAMS 0x00000000e0500000, 0x00000000e0400000| Untracked 
|   5|0x00000000e0500000, 0x00000000e0600000, 0x00000000e0600000|100%| O|  |TAMS 0x00000000e0600000, 0x00000000e0500000| Untracked 
|   6|0x00000000e0600000, 0x00000000e0700000, 0x00000000e0700000|100%| O|  |TAMS 0x00000000e0700000, 0x00000000e0600000| Untracked 
|   7|0x00000000e0700000, 0x00000000e0800000, 0x00000000e0800000|100%| O|  |TAMS 0x00000000e0800000, 0x00000000e0700000| Untracked 
|   8|0x00000000e0800000, 0x00000000e0900000, 0x00000000e0900000|100%| O|  |TAMS 0x00000000e0900000, 0x00000000e0800000| Untracked 
|   9|0x00000000e0900000, 0x00000000e0a00000, 0x00000000e0a00000|100%| O|  |TAMS 0x00000000e0a00000, 0x00000000e0900000| Untracked 
|  10|0x00000000e0a00000, 0x00000000e0b00000, 0x00000000e0b00000|100%| O|  |TAMS 0x00000000e0b00000, 0x00000000e0a00000| Untracked 
|  11|0x00000000e0b00000, 0x00000000e0c00000, 0x00000000e0c00000|100%| O|  |TAMS 0x00000000e0c00000, 0x00000000e0b00000| Untracked 
|  12|0x00000000e0c00000, 0x00000000e0d00000, 0x00000000e0d00000|100%| O|  |TAMS 0x00000000e0d00000, 0x00000000e0c00000| Untracked 
|  13|0x00000000e0d00000, 0x00000000e0e00000, 0x00000000e0e00000|100%| O|  |TAMS 0x00000000e0e00000, 0x00000000e0d00000| Untracked 
|  14|0x00000000e0e00000, 0x00000000e0f00000, 0x00000000e0f00000|100%| O|  |TAMS 0x00000000e0f00000, 0x00000000e0e00000| Untracked 
|  15|0x00000000e0f00000, 0x00000000e1000000, 0x00000000e1000000|100%| O|  |TAMS 0x00000000e1000000, 0x00000000e0f00000| Untracked 
|  16|0x00000000e1000000, 0x00000000e1100000, 0x00000000e1100000|100%| O|  |TAMS 0x00000000e1100000, 0x00000000e1000000| Untracked 
|  17|0x00000000e1100000, 0x00000000e1200000, 0x00000000e1200000|100%|HS|  |TAMS 0x00000000e1200000, 0x00000000e1100000| Complete 
|  18|0x00000000e1200000, 0x00000000e1300000, 0x00000000e1300000|100%|HC|  |TAMS 0x00000000e1300000, 0x00000000e1200000| Complete 
|  19|0x00000000e1300000, 0x00000000e1400000, 0x00000000e1400000|100%|HS|  |TAMS 0x00000000e1400000, 0x00000000e1300000| Complete 
|  20|0x00000000e1400000, 0x00000000e1500000, 0x00000000e1500000|100%|HC|  |TAMS 0x00000000e1500000, 0x00000000e1400000| Complete 
|  21|0x00000000e1500000, 0x00000000e1600000, 0x00000000e1600000|100%|HC|  |TAMS 0x00000000e1600000, 0x00000000e1500000| Complete 
|  22|0x00000000e1600000, 0x00000000e1700000, 0x00000000e1700000|100%|HS|  |TAMS 0x00000000e1700000, 0x00000000e1600000| Complete 
|  23|0x00000000e1700000, 0x00000000e1800000, 0x00000000e1800000|100%|HC|  |TAMS 0x00000000e1800000, 0x00000000e1700000| Complete 
|  24|0x00000000e1800000, 0x00000000e1900000, 0x00000000e1900000|100%|HC|  |TAMS 0x00000000e1900000, 0x00000000e1800000| Complete 
|  25|0x00000000e1900000, 0x00000000e1a00000, 0x00000000e1a00000|100%|HS|  |TAMS 0x00000000e1a00000, 0x00000000e1900000| Complete 
|  26|0x00000000e1a00000, 0x00000000e1b00000, 0x00000000e1b00000|100%|HC|  |TAMS 0x00000000e1b00000, 0x00000000e1a00000| Complete 
|  27|0x00000000e1b00000, 0x00000000e1c00000, 0x00000000e1c00000|100%|HS|  |TAMS 0x00000000e1c00000, 0x00000000e1b00000| Complete 
|  28|0x00000000e1c00000, 0x00000000e1d00000, 0x00000000e1d00000|100%|HC|  |TAMS 0x00000000e1d00000, 0x00000000e1c00000| Complete 
|  29|0x00000000e1d00000, 0x00000000e1e00000, 0x00000000e1e00000|100%|HC|  |TAMS 0x00000000e1e00000, 0x00000000e1d00000| Complete 
|  30|0x00000000e1e00000, 0x00000000e1f00000, 0x00000000e1f00000|100%|HC|  |TAMS 0x00000000e1f00000, 0x00000000e1e00000| Complete 
|  31|0x00000000e1f00000, 0x00000000e2000000, 0x00000000e2000000|100%|HC|  |TAMS 0x00000000e2000000, 0x00000000e1f00000| Complete 
|  32|0x00000000e2000000, 0x00000000e2100000, 0x00000000e2100000|100%|HC|  |TAMS 0x00000000e2100000, 0x00000000e2000000| Complete 
|  33|0x00000000e2100000, 0x00000000e2200000, 0x00000000e2200000|100%|HC|  |TAMS 0x00000000e2200000, 0x00000000e2100000| Complete 
|  34|0x00000000e2200000, 0x00000000e2300000, 0x00000000e2300000|100%|HC|  |TAMS 0x00000000e2300000, 0x00000000e2200000| Complete 
|  35|0x00000000e2300000, 0x00000000e2400000, 0x00000000e2400000|100%|HC|  |TAMS 0x00000000e2400000, 0x00000000e2300000| Complete 
|  36|0x00000000e2400000, 0x00000000e2500000, 0x00000000e2500000|100%|HC|  |TAMS 0x00000000e2500000, 0x00000000e2400000| Complete 
|  37|0x00000000e2500000, 0x00000000e2600000, 0x00000000e2600000|100%|HS|  |TAMS 0x00000000e2600000, 0x00000000e2500000| Complete 
|  38|0x00000000e2600000, 0x00000000e2700000, 0x00000000e2700000|100%|HC|  |TAMS 0x00000000e2700000, 0x00000000e2600000| Complete 
|  39|0x00000000e2700000, 0x00000000e2800000, 0x00000000e2800000|100%|HS|  |TAMS 0x00000000e2800000, 0x00000000e2700000| Complete 
|  40|0x00000000e2800000, 0x00000000e2900000, 0x00000000e2900000|100%|HC|  |TAMS 0x00000000e2900000, 0x00000000e2800000| Complete 
|  41|0x00000000e2900000, 0x00000000e2a00000, 0x00000000e2a00000|100%|HC|  |TAMS 0x00000000e2a00000, 0x00000000e2900000| Complete 
|  42|0x00000000e2a00000, 0x00000000e2b00000, 0x00000000e2b00000|100%|HC|  |TAMS 0x00000000e2b00000, 0x00000000e2a00000| Complete 
|  43|0x00000000e2b00000, 0x00000000e2c00000, 0x00000000e2c00000|100%|HC|  |TAMS 0x00000000e2c00000, 0x00000000e2b00000| Complete 
|  44|0x00000000e2c00000, 0x00000000e2d00000, 0x00000000e2d00000|100%|HC|  |TAMS 0x00000000e2d00000, 0x00000000e2c00000| Complete 
|  45|0x00000000e2d00000, 0x00000000e2e00000, 0x00000000e2e00000|100%|HC|  |TAMS 0x00000000e2e00000, 0x00000000e2d00000| Complete 
|  46|0x00000000e2e00000, 0x00000000e2f00000, 0x00000000e2f00000|100%|HS|  |TAMS 0x00000000e2f00000, 0x00000000e2e00000| Complete 
|  47|0x00000000e2f00000, 0x00000000e3000000, 0x00000000e3000000|100%|HS|  |TAMS 0x00000000e3000000, 0x00000000e2f00000| Complete 
|  48|0x00000000e3000000, 0x00000000e3100000, 0x00000000e3100000|100%| O|  |TAMS 0x00000000e3100000, 0x00000000e3000000| Untracked 
|  49|0x00000000e3100000, 0x00000000e3200000, 0x00000000e3200000|100%|HS|  |TAMS 0x00000000e3100000, 0x00000000e3100000| Complete 
|  50|0x00000000e3200000, 0x00000000e3300000, 0x00000000e3300000|100%|HC|  |TAMS 0x00000000e3200000, 0x00000000e3200000| Complete 
|  51|0x00000000e3300000, 0x00000000e3400000, 0x00000000e3400000|100%| O|  |TAMS 0x00000000e3300000, 0x00000000e3300000| Untracked 
|  52|0x00000000e3400000, 0x00000000e3500000, 0x00000000e3500000|100%| O|  |TAMS 0x00000000e3500000, 0x00000000e3400000| Untracked 
|  53|0x00000000e3500000, 0x00000000e3600000, 0x00000000e3600000|100%| O|  |TAMS 0x00000000e3600000, 0x00000000e3500000| Untracked 
|  54|0x00000000e3600000, 0x00000000e3700000, 0x00000000e3700000|100%| O|  |TAMS 0x00000000e3600000, 0x00000000e3600000| Untracked 
|  55|0x00000000e3700000, 0x00000000e3800000, 0x00000000e3800000|100%| O|  |TAMS 0x00000000e3800000, 0x00000000e3700000| Untracked 
|  56|0x00000000e3800000, 0x00000000e3900000, 0x00000000e3900000|100%| O|  |TAMS 0x00000000e3800000, 0x00000000e3800000| Untracked 
|  57|0x00000000e3900000, 0x00000000e3a00000, 0x00000000e3a00000|100%| O|  |TAMS 0x00000000e3900000, 0x00000000e3900000| Untracked 
|  58|0x00000000e3a00000, 0x00000000e3b00000, 0x00000000e3b00000|100%| O|  |TAMS 0x00000000e3b00000, 0x00000000e3a00000| Untracked 
|  59|0x00000000e3b00000, 0x00000000e3c00000, 0x00000000e3c00000|100%| O|  |TAMS 0x00000000e3c00000, 0x00000000e3b00000| Untracked 
|  60|0x00000000e3c00000, 0x00000000e3d00000, 0x00000000e3d00000|100%| O|  |TAMS 0x00000000e3d00000, 0x00000000e3c00000| Untracked 
|  61|0x00000000e3d00000, 0x00000000e3e00000, 0x00000000e3e00000|100%| O|  |TAMS 0x00000000e3e00000, 0x00000000e3d00000| Untracked 
|  62|0x00000000e3e00000, 0x00000000e3e32e00, 0x00000000e3f00000| 19%| O|  |TAMS 0x00000000e3e00000, 0x00000000e3e00000| Untracked 
|  63|0x00000000e3f00000, 0x00000000e3f00000, 0x00000000e4000000|  0%| F|  |TAMS 0x00000000e3f00000, 0x00000000e3f00000| Untracked 
|  64|0x00000000e4000000, 0x00000000e4100000, 0x00000000e4100000|100%| O|  |TAMS 0x00000000e40cae00, 0x00000000e4000000| Untracked 
|  65|0x00000000e4100000, 0x00000000e4200000, 0x00000000e4200000|100%|HS|  |TAMS 0x00000000e4200000, 0x00000000e4100000| Complete 
|  66|0x00000000e4200000, 0x00000000e4300000, 0x00000000e4300000|100%|HS|  |TAMS 0x00000000e4300000, 0x00000000e4200000| Complete 
|  67|0x00000000e4300000, 0x00000000e4400000, 0x00000000e4400000|100%|HC|  |TAMS 0x00000000e4400000, 0x00000000e4300000| Complete 
|  68|0x00000000e4400000, 0x00000000e4500000, 0x00000000e4500000|100%| O|  |TAMS 0x00000000e4500000, 0x00000000e4400000| Untracked 
|  69|0x00000000e4500000, 0x00000000e4500000, 0x00000000e4600000|  0%| F|  |TAMS 0x00000000e4500000, 0x00000000e4500000| Untracked 
|  70|0x00000000e4600000, 0x00000000e4700000, 0x00000000e4700000|100%| O|  |TAMS 0x00000000e4700000, 0x00000000e4600000| Untracked 
|  71|0x00000000e4700000, 0x00000000e4800000, 0x00000000e4800000|100%| O|  |TAMS 0x00000000e4800000, 0x00000000e4700000| Untracked 
|  72|0x00000000e4800000, 0x00000000e4900000, 0x00000000e4900000|100%| O|  |TAMS 0x00000000e4900000, 0x00000000e4800000| Untracked 
|  73|0x00000000e4900000, 0x00000000e4a00000, 0x00000000e4a00000|100%| O|  |TAMS 0x00000000e4a00000, 0x00000000e4900000| Untracked 
|  74|0x00000000e4a00000, 0x00000000e4b00000, 0x00000000e4b00000|100%| O|  |TAMS 0x00000000e4b00000, 0x00000000e4a00000| Untracked 
|  75|0x00000000e4b00000, 0x00000000e4c00000, 0x00000000e4c00000|100%| O|  |TAMS 0x00000000e4c00000, 0x00000000e4b00000| Untracked 
|  76|0x00000000e4c00000, 0x00000000e4d00000, 0x00000000e4d00000|100%| O|  |TAMS 0x00000000e4d00000, 0x00000000e4c00000| Untracked 
|  77|0x00000000e4d00000, 0x00000000e4e00000, 0x00000000e4e00000|100%| O|  |TAMS 0x00000000e4e00000, 0x00000000e4d00000| Untracked 
|  78|0x00000000e4e00000, 0x00000000e4f00000, 0x00000000e4f00000|100%| O|  |TAMS 0x00000000e4f00000, 0x00000000e4e00000| Untracked 
|  79|0x00000000e4f00000, 0x00000000e5000000, 0x00000000e5000000|100%| O|  |TAMS 0x00000000e5000000, 0x00000000e4f00000| Untracked 
|  80|0x00000000e5000000, 0x00000000e5100000, 0x00000000e5100000|100%| O|  |TAMS 0x00000000e5100000, 0x00000000e5000000| Untracked 
|  81|0x00000000e5100000, 0x00000000e5200000, 0x00000000e5200000|100%| O|  |TAMS 0x00000000e5200000, 0x00000000e5100000| Untracked 
|  82|0x00000000e5200000, 0x00000000e5300000, 0x00000000e5300000|100%| O|  |TAMS 0x00000000e5300000, 0x00000000e5200000| Untracked 
|  83|0x00000000e5300000, 0x00000000e5400000, 0x00000000e5400000|100%| O|  |TAMS 0x00000000e5400000, 0x00000000e5300000| Untracked 
|  84|0x00000000e5400000, 0x00000000e5500000, 0x00000000e5500000|100%| O|  |TAMS 0x00000000e5500000, 0x00000000e5400000| Untracked 
|  85|0x00000000e5500000, 0x00000000e5600000, 0x00000000e5600000|100%| O|  |TAMS 0x00000000e5600000, 0x00000000e5500000| Untracked 
|  86|0x00000000e5600000, 0x00000000e5700000, 0x00000000e5700000|100%| O|  |TAMS 0x00000000e5700000, 0x00000000e5600000| Untracked 
|  87|0x00000000e5700000, 0x00000000e5800000, 0x00000000e5800000|100%| O|  |TAMS 0x00000000e5800000, 0x00000000e5700000| Untracked 
|  88|0x00000000e5800000, 0x00000000e5800000, 0x00000000e5900000|  0%| F|  |TAMS 0x00000000e5800000, 0x00000000e5800000| Untracked 
|  89|0x00000000e5900000, 0x00000000e5a00000, 0x00000000e5a00000|100%| O|  |TAMS 0x00000000e5a00000, 0x00000000e5900000| Untracked 
|  90|0x00000000e5a00000, 0x00000000e5b00000, 0x00000000e5b00000|100%|HS|  |TAMS 0x00000000e5b00000, 0x00000000e5a00000| Complete 
|  91|0x00000000e5b00000, 0x00000000e5c00000, 0x00000000e5c00000|100%|HC|  |TAMS 0x00000000e5c00000, 0x00000000e5b00000| Complete 
|  92|0x00000000e5c00000, 0x00000000e5d00000, 0x00000000e5d00000|100%|HC|  |TAMS 0x00000000e5d00000, 0x00000000e5c00000| Complete 
|  93|0x00000000e5d00000, 0x00000000e5e00000, 0x00000000e5e00000|100%|HC|  |TAMS 0x00000000e5e00000, 0x00000000e5d00000| Complete 
|  94|0x00000000e5e00000, 0x00000000e5f00000, 0x00000000e5f00000|100%|HC|  |TAMS 0x00000000e5f00000, 0x00000000e5e00000| Complete 
|  95|0x00000000e5f00000, 0x00000000e6000000, 0x00000000e6000000|100%|HC|  |TAMS 0x00000000e6000000, 0x00000000e5f00000| Complete 
|  96|0x00000000e6000000, 0x00000000e6100000, 0x00000000e6100000|100%|HC|  |TAMS 0x00000000e6100000, 0x00000000e6000000| Complete 
|  97|0x00000000e6100000, 0x00000000e6200000, 0x00000000e6200000|100%|HC|  |TAMS 0x00000000e6200000, 0x00000000e6100000| Complete 
|  98|0x00000000e6200000, 0x00000000e6200000, 0x00000000e6300000|  0%| F|  |TAMS 0x00000000e6200000, 0x00000000e6200000| Untracked 
|  99|0x00000000e6300000, 0x00000000e6300000, 0x00000000e6400000|  0%| F|  |TAMS 0x00000000e6300000, 0x00000000e6300000| Untracked 
| 100|0x00000000e6400000, 0x00000000e6400000, 0x00000000e6500000|  0%| F|  |TAMS 0x00000000e6400000, 0x00000000e6400000| Untracked 
| 101|0x00000000e6500000, 0x00000000e6600000, 0x00000000e6600000|100%|HS|  |TAMS 0x00000000e6600000, 0x00000000e6500000| Complete 
| 102|0x00000000e6600000, 0x00000000e6700000, 0x00000000e6700000|100%|HC|  |TAMS 0x00000000e6700000, 0x00000000e6600000| Complete 
| 103|0x00000000e6700000, 0x00000000e6800000, 0x00000000e6800000|100%|HC|  |TAMS 0x00000000e6800000, 0x00000000e6700000| Complete 
| 104|0x00000000e6800000, 0x00000000e6800000, 0x00000000e6900000|  0%| F|  |TAMS 0x00000000e6800000, 0x00000000e6800000| Untracked 
| 105|0x00000000e6900000, 0x00000000e6900000, 0x00000000e6a00000|  0%| F|  |TAMS 0x00000000e6900000, 0x00000000e6900000| Untracked 
| 106|0x00000000e6a00000, 0x00000000e6a00000, 0x00000000e6b00000|  0%| F|  |TAMS 0x00000000e6a00000, 0x00000000e6a00000| Untracked 
| 107|0x00000000e6b00000, 0x00000000e6c00000, 0x00000000e6c00000|100%|HS|  |TAMS 0x00000000e6c00000, 0x00000000e6b00000| Complete 
| 108|0x00000000e6c00000, 0x00000000e6d00000, 0x00000000e6d00000|100%|HC|  |TAMS 0x00000000e6d00000, 0x00000000e6c00000| Complete 
| 109|0x00000000e6d00000, 0x00000000e6e00000, 0x00000000e6e00000|100%|HC|  |TAMS 0x00000000e6e00000, 0x00000000e6d00000| Complete 
| 110|0x00000000e6e00000, 0x00000000e6e00000, 0x00000000e6f00000|  0%| F|  |TAMS 0x00000000e6e00000, 0x00000000e6e00000| Untracked 
| 111|0x00000000e6f00000, 0x00000000e6f00000, 0x00000000e7000000|  0%| F|  |TAMS 0x00000000e6f00000, 0x00000000e6f00000| Untracked 
| 112|0x00000000e7000000, 0x00000000e7000000, 0x00000000e7100000|  0%| F|  |TAMS 0x00000000e7000000, 0x00000000e7000000| Untracked 
| 113|0x00000000e7100000, 0x00000000e7100000, 0x00000000e7200000|  0%| F|  |TAMS 0x00000000e7100000, 0x00000000e7100000| Untracked 
| 114|0x00000000e7200000, 0x00000000e7200000, 0x00000000e7300000|  0%| F|  |TAMS 0x00000000e7200000, 0x00000000e7200000| Untracked 
| 115|0x00000000e7300000, 0x00000000e7300000, 0x00000000e7400000|  0%| F|  |TAMS 0x00000000e7300000, 0x00000000e7300000| Untracked 
| 116|0x00000000e7400000, 0x00000000e7400000, 0x00000000e7500000|  0%| F|  |TAMS 0x00000000e7400000, 0x00000000e7400000| Untracked 
| 117|0x00000000e7500000, 0x00000000e7500000, 0x00000000e7600000|  0%| F|  |TAMS 0x00000000e7500000, 0x00000000e7500000| Untracked 
| 118|0x00000000e7600000, 0x00000000e7600000, 0x00000000e7700000|  0%| F|  |TAMS 0x00000000e7600000, 0x00000000e7600000| Untracked 
| 119|0x00000000e7700000, 0x00000000e7700000, 0x00000000e7800000|  0%| F|  |TAMS 0x00000000e7700000, 0x00000000e7700000| Untracked 
| 120|0x00000000e7800000, 0x00000000e7900000, 0x00000000e7900000|100%|HS|  |TAMS 0x00000000e7900000, 0x00000000e7800000| Complete 
| 121|0x00000000e7900000, 0x00000000e7a00000, 0x00000000e7a00000|100%|HC|  |TAMS 0x00000000e7a00000, 0x00000000e7900000| Complete 
| 122|0x00000000e7a00000, 0x00000000e7b00000, 0x00000000e7b00000|100%|HC|  |TAMS 0x00000000e7b00000, 0x00000000e7a00000| Complete 
| 123|0x00000000e7b00000, 0x00000000e7c00000, 0x00000000e7c00000|100%|HC|  |TAMS 0x00000000e7c00000, 0x00000000e7b00000| Complete 
| 124|0x00000000e7c00000, 0x00000000e7d00000, 0x00000000e7d00000|100%|HC|  |TAMS 0x00000000e7d00000, 0x00000000e7c00000| Complete 
| 125|0x00000000e7d00000, 0x00000000e7e00000, 0x00000000e7e00000|100%|HC|  |TAMS 0x00000000e7e00000, 0x00000000e7d00000| Complete 
| 126|0x00000000e7e00000, 0x00000000e7f00000, 0x00000000e7f00000|100%|HC|  |TAMS 0x00000000e7f00000, 0x00000000e7e00000| Complete 
| 127|0x00000000e7f00000, 0x00000000e8000000, 0x00000000e8000000|100%|HC|  |TAMS 0x00000000e8000000, 0x00000000e7f00000| Complete 
| 128|0x00000000e8000000, 0x00000000e8100000, 0x00000000e8100000|100%|HC|  |TAMS 0x00000000e8100000, 0x00000000e8000000| Complete 
| 129|0x00000000e8100000, 0x00000000e8200000, 0x00000000e8200000|100%|HC|  |TAMS 0x00000000e8200000, 0x00000000e8100000| Complete 
| 130|0x00000000e8200000, 0x00000000e8200000, 0x00000000e8300000|  0%| F|  |TAMS 0x00000000e8200000, 0x00000000e8200000| Untracked 
| 131|0x00000000e8300000, 0x00000000e8300000, 0x00000000e8400000|  0%| F|  |TAMS 0x00000000e8300000, 0x00000000e8300000| Untracked 
| 132|0x00000000e8400000, 0x00000000e8400000, 0x00000000e8500000|  0%| F|  |TAMS 0x00000000e8400000, 0x00000000e8400000| Untracked 
| 133|0x00000000e8500000, 0x00000000e8500000, 0x00000000e8600000|  0%| F|  |TAMS 0x00000000e8500000, 0x00000000e8500000| Untracked 
| 134|0x00000000e8600000, 0x00000000e8600000, 0x00000000e8700000|  0%| F|  |TAMS 0x00000000e8600000, 0x00000000e8600000| Untracked 
| 135|0x00000000e8700000, 0x00000000e8700000, 0x00000000e8800000|  0%| F|  |TAMS 0x00000000e8700000, 0x00000000e8700000| Untracked 
| 136|0x00000000e8800000, 0x00000000e8800000, 0x00000000e8900000|  0%| F|  |TAMS 0x00000000e8800000, 0x00000000e8800000| Untracked 
| 137|0x00000000e8900000, 0x00000000e8a00000, 0x00000000e8a00000|100%| E|CS|TAMS 0x00000000e8900000, 0x00000000e8900000| Complete 
| 138|0x00000000e8a00000, 0x00000000e8a00000, 0x00000000e8b00000|  0%| F|  |TAMS 0x00000000e8a00000, 0x00000000e8a00000| Untracked 
| 139|0x00000000e8b00000, 0x00000000e8b00000, 0x00000000e8c00000|  0%| F|  |TAMS 0x00000000e8b00000, 0x00000000e8b00000| Untracked 
| 140|0x00000000e8c00000, 0x00000000e8d00000, 0x00000000e8d00000|100%| E|CS|TAMS 0x00000000e8c00000, 0x00000000e8c00000| Complete 
| 141|0x00000000e8d00000, 0x00000000e8e00000, 0x00000000e8e00000|100%| E|CS|TAMS 0x00000000e8d00000, 0x00000000e8d00000| Complete 
| 142|0x00000000e8e00000, 0x00000000e8f00000, 0x00000000e8f00000|100%| E|CS|TAMS 0x00000000e8e00000, 0x00000000e8e00000| Complete 
| 143|0x00000000e8f00000, 0x00000000e9000000, 0x00000000e9000000|100%| E|CS|TAMS 0x00000000e8f00000, 0x00000000e8f00000| Complete 
| 144|0x00000000e9000000, 0x00000000e9000000, 0x00000000e9100000|  0%| F|  |TAMS 0x00000000e9000000, 0x00000000e9000000| Untracked 
| 145|0x00000000e9100000, 0x00000000e9100000, 0x00000000e9200000|  0%| F|  |TAMS 0x00000000e9100000, 0x00000000e9100000| Untracked 
| 146|0x00000000e9200000, 0x00000000e9300000, 0x00000000e9300000|100%| E|CS|TAMS 0x00000000e9200000, 0x00000000e9200000| Complete 
| 147|0x00000000e9300000, 0x00000000e9400000, 0x00000000e9400000|100%| E|CS|TAMS 0x00000000e9300000, 0x00000000e9300000| Complete 
| 148|0x00000000e9400000, 0x00000000e9500000, 0x00000000e9500000|100%| E|CS|TAMS 0x00000000e9400000, 0x00000000e9400000| Complete 
| 149|0x00000000e9500000, 0x00000000e9600000, 0x00000000e9600000|100%| S|  |TAMS 0x00000000e9500000, 0x00000000e9500000| Complete 
| 150|0x00000000e9600000, 0x00000000e9700000, 0x00000000e9700000|100%| S|  |TAMS 0x00000000e9600000, 0x00000000e9600000| Complete 
| 151|0x00000000e9700000, 0x00000000e9800000, 0x00000000e9800000|100%| S|  |TAMS 0x00000000e9700000, 0x00000000e9700000| Complete 
| 152|0x00000000e9800000, 0x00000000e9900000, 0x00000000e9900000|100%| S|  |TAMS 0x00000000e9800000, 0x00000000e9800000| Complete 
| 153|0x00000000e9900000, 0x00000000e9a00000, 0x00000000e9a00000|100%| E|CS|TAMS 0x00000000e9900000, 0x00000000e9900000| Complete 
| 154|0x00000000e9a00000, 0x00000000e9b00000, 0x00000000e9b00000|100%| E|CS|TAMS 0x00000000e9a00000, 0x00000000e9a00000| Complete 
| 155|0x00000000e9b00000, 0x00000000e9c00000, 0x00000000e9c00000|100%| E|CS|TAMS 0x00000000e9b00000, 0x00000000e9b00000| Complete 
| 156|0x00000000e9c00000, 0x00000000e9d00000, 0x00000000e9d00000|100%| E|CS|TAMS 0x00000000e9c00000, 0x00000000e9c00000| Complete 
| 157|0x00000000e9d00000, 0x00000000e9e00000, 0x00000000e9e00000|100%| E|CS|TAMS 0x00000000e9d00000, 0x00000000e9d00000| Complete 
| 158|0x00000000e9e00000, 0x00000000e9f00000, 0x00000000e9f00000|100%| E|CS|TAMS 0x00000000e9e00000, 0x00000000e9e00000| Complete 
| 159|0x00000000e9f00000, 0x00000000ea000000, 0x00000000ea000000|100%| E|CS|TAMS 0x00000000e9f00000, 0x00000000e9f00000| Complete 
| 160|0x00000000ea000000, 0x00000000ea100000, 0x00000000ea100000|100%| E|CS|TAMS 0x00000000ea000000, 0x00000000ea000000| Complete 
| 161|0x00000000ea100000, 0x00000000ea200000, 0x00000000ea200000|100%| E|CS|TAMS 0x00000000ea100000, 0x00000000ea100000| Complete 
| 162|0x00000000ea200000, 0x00000000ea300000, 0x00000000ea300000|100%| E|CS|TAMS 0x00000000ea200000, 0x00000000ea200000| Complete 
| 163|0x00000000ea300000, 0x00000000ea400000, 0x00000000ea400000|100%| E|CS|TAMS 0x00000000ea300000, 0x00000000ea300000| Complete 
| 164|0x00000000ea400000, 0x00000000ea500000, 0x00000000ea500000|100%| E|CS|TAMS 0x00000000ea400000, 0x00000000ea400000| Complete 
| 165|0x00000000ea500000, 0x00000000ea600000, 0x00000000ea600000|100%| E|CS|TAMS 0x00000000ea500000, 0x00000000ea500000| Complete 
| 166|0x00000000ea600000, 0x00000000ea700000, 0x00000000ea700000|100%| E|CS|TAMS 0x00000000ea600000, 0x00000000ea600000| Complete 
| 167|0x00000000ea700000, 0x00000000ea800000, 0x00000000ea800000|100%| E|CS|TAMS 0x00000000ea700000, 0x00000000ea700000| Complete 
| 168|0x00000000ea800000, 0x00000000ea900000, 0x00000000ea900000|100%| E|CS|TAMS 0x00000000ea800000, 0x00000000ea800000| Complete 
| 169|0x00000000ea900000, 0x00000000eaa00000, 0x00000000eaa00000|100%| E|CS|TAMS 0x00000000ea900000, 0x00000000ea900000| Complete 
| 170|0x00000000eaa00000, 0x00000000eab00000, 0x00000000eab00000|100%| E|CS|TAMS 0x00000000eaa00000, 0x00000000eaa00000| Complete 
| 171|0x00000000eab00000, 0x00000000eac00000, 0x00000000eac00000|100%| E|CS|TAMS 0x00000000eab00000, 0x00000000eab00000| Complete 
| 172|0x00000000eac00000, 0x00000000ead00000, 0x00000000ead00000|100%| E|CS|TAMS 0x00000000eac00000, 0x00000000eac00000| Complete 
| 173|0x00000000ead00000, 0x00000000eae00000, 0x00000000eae00000|100%| E|CS|TAMS 0x00000000ead00000, 0x00000000ead00000| Complete 
| 174|0x00000000eae00000, 0x00000000eaf00000, 0x00000000eaf00000|100%| E|CS|TAMS 0x00000000eae00000, 0x00000000eae00000| Complete 
| 175|0x00000000eaf00000, 0x00000000eb000000, 0x00000000eb000000|100%| E|CS|TAMS 0x00000000eaf00000, 0x00000000eaf00000| Complete 
| 176|0x00000000eb000000, 0x00000000eb100000, 0x00000000eb100000|100%| E|CS|TAMS 0x00000000eb000000, 0x00000000eb000000| Complete 
| 177|0x00000000eb100000, 0x00000000eb200000, 0x00000000eb200000|100%| E|CS|TAMS 0x00000000eb100000, 0x00000000eb100000| Complete 
| 178|0x00000000eb200000, 0x00000000eb300000, 0x00000000eb300000|100%| E|CS|TAMS 0x00000000eb200000, 0x00000000eb200000| Complete 
| 179|0x00000000eb300000, 0x00000000eb400000, 0x00000000eb400000|100%| E|CS|TAMS 0x00000000eb300000, 0x00000000eb300000| Complete 
| 180|0x00000000eb400000, 0x00000000eb500000, 0x00000000eb500000|100%| E|CS|TAMS 0x00000000eb400000, 0x00000000eb400000| Complete 
| 181|0x00000000eb500000, 0x00000000eb600000, 0x00000000eb600000|100%| E|CS|TAMS 0x00000000eb500000, 0x00000000eb500000| Complete 
| 182|0x00000000eb600000, 0x00000000eb700000, 0x00000000eb700000|100%| E|CS|TAMS 0x00000000eb600000, 0x00000000eb600000| Complete 
| 183|0x00000000eb700000, 0x00000000eb800000, 0x00000000eb800000|100%| E|CS|TAMS 0x00000000eb700000, 0x00000000eb700000| Complete 
| 184|0x00000000eb800000, 0x00000000eb900000, 0x00000000eb900000|100%| E|CS|TAMS 0x00000000eb800000, 0x00000000eb800000| Complete 
| 185|0x00000000eb900000, 0x00000000eba00000, 0x00000000eba00000|100%| E|CS|TAMS 0x00000000eb900000, 0x00000000eb900000| Complete 
| 186|0x00000000eba00000, 0x00000000ebb00000, 0x00000000ebb00000|100%| E|CS|TAMS 0x00000000eba00000, 0x00000000eba00000| Complete 
| 187|0x00000000ebb00000, 0x00000000ebc00000, 0x00000000ebc00000|100%| E|CS|TAMS 0x00000000ebb00000, 0x00000000ebb00000| Complete 
| 188|0x00000000ebc00000, 0x00000000ebd00000, 0x00000000ebd00000|100%| E|CS|TAMS 0x00000000ebc00000, 0x00000000ebc00000| Complete 
| 189|0x00000000ebd00000, 0x00000000ebe00000, 0x00000000ebe00000|100%| E|CS|TAMS 0x00000000ebd00000, 0x00000000ebd00000| Complete 
| 190|0x00000000ebe00000, 0x00000000ebf00000, 0x00000000ebf00000|100%| E|CS|TAMS 0x00000000ebe00000, 0x00000000ebe00000| Complete 
| 191|0x00000000ebf00000, 0x00000000ec000000, 0x00000000ec000000|100%| E|CS|TAMS 0x00000000ebf00000, 0x00000000ebf00000| Complete 
| 192|0x00000000ec000000, 0x00000000ec100000, 0x00000000ec100000|100%| E|CS|TAMS 0x00000000ec000000, 0x00000000ec000000| Complete 
| 193|0x00000000ec100000, 0x00000000ec200000, 0x00000000ec200000|100%| E|CS|TAMS 0x00000000ec100000, 0x00000000ec100000| Complete 
| 194|0x00000000ec200000, 0x00000000ec300000, 0x00000000ec300000|100%| E|CS|TAMS 0x00000000ec200000, 0x00000000ec200000| Complete 
| 195|0x00000000ec300000, 0x00000000ec400000, 0x00000000ec400000|100%| E|CS|TAMS 0x00000000ec300000, 0x00000000ec300000| Complete 
| 196|0x00000000ec400000, 0x00000000ec500000, 0x00000000ec500000|100%| E|CS|TAMS 0x00000000ec400000, 0x00000000ec400000| Complete 
| 197|0x00000000ec500000, 0x00000000ec600000, 0x00000000ec600000|100%| E|CS|TAMS 0x00000000ec500000, 0x00000000ec500000| Complete 
| 198|0x00000000ec600000, 0x00000000ec700000, 0x00000000ec700000|100%| E|CS|TAMS 0x00000000ec600000, 0x00000000ec600000| Complete 
| 199|0x00000000ec700000, 0x00000000ec800000, 0x00000000ec800000|100%| E|CS|TAMS 0x00000000ec700000, 0x00000000ec700000| Complete 
| 200|0x00000000ec800000, 0x00000000ec900000, 0x00000000ec900000|100%| E|CS|TAMS 0x00000000ec800000, 0x00000000ec800000| Complete 
| 201|0x00000000ec900000, 0x00000000eca00000, 0x00000000eca00000|100%| E|CS|TAMS 0x00000000ec900000, 0x00000000ec900000| Complete 
| 202|0x00000000eca00000, 0x00000000ecb00000, 0x00000000ecb00000|100%| E|CS|TAMS 0x00000000eca00000, 0x00000000eca00000| Complete 
| 203|0x00000000ecb00000, 0x00000000ecc00000, 0x00000000ecc00000|100%| E|CS|TAMS 0x00000000ecb00000, 0x00000000ecb00000| Complete 
| 204|0x00000000ecc00000, 0x00000000ecd00000, 0x00000000ecd00000|100%| E|CS|TAMS 0x00000000ecc00000, 0x00000000ecc00000| Complete 
| 205|0x00000000ecd00000, 0x00000000ece00000, 0x00000000ece00000|100%| E|CS|TAMS 0x00000000ecd00000, 0x00000000ecd00000| Complete 
| 206|0x00000000ece00000, 0x00000000ecf00000, 0x00000000ecf00000|100%| E|CS|TAMS 0x00000000ece00000, 0x00000000ece00000| Complete 
| 207|0x00000000ecf00000, 0x00000000ed000000, 0x00000000ed000000|100%| E|CS|TAMS 0x00000000ecf00000, 0x00000000ecf00000| Complete 
| 208|0x00000000ed000000, 0x00000000ed100000, 0x00000000ed100000|100%| E|CS|TAMS 0x00000000ed000000, 0x00000000ed000000| Complete 
| 209|0x00000000ed100000, 0x00000000ed200000, 0x00000000ed200000|100%| E|CS|TAMS 0x00000000ed100000, 0x00000000ed100000| Complete 
| 210|0x00000000ed200000, 0x00000000ed300000, 0x00000000ed300000|100%| E|CS|TAMS 0x00000000ed200000, 0x00000000ed200000| Complete 
| 211|0x00000000ed300000, 0x00000000ed400000, 0x00000000ed400000|100%| E|CS|TAMS 0x00000000ed300000, 0x00000000ed300000| Complete 
| 212|0x00000000ed400000, 0x00000000ed500000, 0x00000000ed500000|100%| E|CS|TAMS 0x00000000ed400000, 0x00000000ed400000| Complete 
| 213|0x00000000ed500000, 0x00000000ed600000, 0x00000000ed600000|100%| E|CS|TAMS 0x00000000ed500000, 0x00000000ed500000| Complete 
| 214|0x00000000ed600000, 0x00000000ed700000, 0x00000000ed700000|100%| E|CS|TAMS 0x00000000ed600000, 0x00000000ed600000| Complete 
| 215|0x00000000ed700000, 0x00000000ed800000, 0x00000000ed800000|100%| E|CS|TAMS 0x00000000ed700000, 0x00000000ed700000| Complete 
| 216|0x00000000ed800000, 0x00000000ed900000, 0x00000000ed900000|100%| E|CS|TAMS 0x00000000ed800000, 0x00000000ed800000| Complete 
| 217|0x00000000ed900000, 0x00000000eda00000, 0x00000000eda00000|100%| E|CS|TAMS 0x00000000ed900000, 0x00000000ed900000| Complete 
| 218|0x00000000eda00000, 0x00000000edb00000, 0x00000000edb00000|100%| E|CS|TAMS 0x00000000eda00000, 0x00000000eda00000| Complete 
| 219|0x00000000edb00000, 0x00000000edc00000, 0x00000000edc00000|100%| E|CS|TAMS 0x00000000edb00000, 0x00000000edb00000| Complete 
| 220|0x00000000edc00000, 0x00000000edd00000, 0x00000000edd00000|100%| E|CS|TAMS 0x00000000edc00000, 0x00000000edc00000| Complete 
| 221|0x00000000edd00000, 0x00000000ede00000, 0x00000000ede00000|100%| E|CS|TAMS 0x00000000edd00000, 0x00000000edd00000| Complete 
| 222|0x00000000ede00000, 0x00000000edf00000, 0x00000000edf00000|100%| E|CS|TAMS 0x00000000ede00000, 0x00000000ede00000| Complete 
| 223|0x00000000edf00000, 0x00000000ee000000, 0x00000000ee000000|100%| E|CS|TAMS 0x00000000edf00000, 0x00000000edf00000| Complete 
| 224|0x00000000ee000000, 0x00000000ee100000, 0x00000000ee100000|100%| E|CS|TAMS 0x00000000ee000000, 0x00000000ee000000| Complete 
| 225|0x00000000ee100000, 0x00000000ee200000, 0x00000000ee200000|100%| E|CS|TAMS 0x00000000ee100000, 0x00000000ee100000| Complete 
| 226|0x00000000ee200000, 0x00000000ee300000, 0x00000000ee300000|100%| E|CS|TAMS 0x00000000ee200000, 0x00000000ee200000| Complete 
| 227|0x00000000ee300000, 0x00000000ee400000, 0x00000000ee400000|100%| E|CS|TAMS 0x00000000ee300000, 0x00000000ee300000| Complete 
| 228|0x00000000ee400000, 0x00000000ee500000, 0x00000000ee500000|100%| E|CS|TAMS 0x00000000ee400000, 0x00000000ee400000| Complete 
| 229|0x00000000ee500000, 0x00000000ee600000, 0x00000000ee600000|100%| E|CS|TAMS 0x00000000ee500000, 0x00000000ee500000| Complete 
| 230|0x00000000ee600000, 0x00000000ee700000, 0x00000000ee700000|100%| E|CS|TAMS 0x00000000ee600000, 0x00000000ee600000| Complete 
| 231|0x00000000ee700000, 0x00000000ee800000, 0x00000000ee800000|100%| E|CS|TAMS 0x00000000ee700000, 0x00000000ee700000| Complete 
| 232|0x00000000ee800000, 0x00000000ee900000, 0x00000000ee900000|100%| E|CS|TAMS 0x00000000ee800000, 0x00000000ee800000| Complete 
| 233|0x00000000ee900000, 0x00000000ee900000, 0x00000000eea00000|  0%| F|  |TAMS 0x00000000ee900000, 0x00000000ee900000| Untracked 
| 234|0x00000000eea00000, 0x00000000eea00000, 0x00000000eeb00000|  0%| F|  |TAMS 0x00000000eea00000, 0x00000000eea00000| Untracked 
| 235|0x00000000eeb00000, 0x00000000eeb00000, 0x00000000eec00000|  0%| F|  |TAMS 0x00000000eeb00000, 0x00000000eeb00000| Untracked 
| 236|0x00000000eec00000, 0x00000000eec00000, 0x00000000eed00000|  0%| F|  |TAMS 0x00000000eec00000, 0x00000000eec00000| Untracked 
| 237|0x00000000eed00000, 0x00000000eed00000, 0x00000000eee00000|  0%| F|  |TAMS 0x00000000eed00000, 0x00000000eed00000| Untracked 
| 238|0x00000000eee00000, 0x00000000eee00000, 0x00000000eef00000|  0%| F|  |TAMS 0x00000000eee00000, 0x00000000eee00000| Untracked 
| 239|0x00000000eef00000, 0x00000000eef00000, 0x00000000ef000000|  0%| F|  |TAMS 0x00000000eef00000, 0x00000000eef00000| Untracked 
| 240|0x00000000ef000000, 0x00000000ef000000, 0x00000000ef100000|  0%| F|  |TAMS 0x00000000ef000000, 0x00000000ef000000| Untracked 
| 241|0x00000000ef100000, 0x00000000ef100000, 0x00000000ef200000|  0%| F|  |TAMS 0x00000000ef100000, 0x00000000ef100000| Untracked 
| 242|0x00000000ef200000, 0x00000000ef200000, 0x00000000ef300000|  0%| F|  |TAMS 0x00000000ef200000, 0x00000000ef200000| Untracked 
| 243|0x00000000ef300000, 0x00000000ef300000, 0x00000000ef400000|  0%| F|  |TAMS 0x00000000ef300000, 0x00000000ef300000| Untracked 
| 244|0x00000000ef400000, 0x00000000ef400000, 0x00000000ef500000|  0%| F|  |TAMS 0x00000000ef400000, 0x00000000ef400000| Untracked 
| 245|0x00000000ef500000, 0x00000000ef500000, 0x00000000ef600000|  0%| F|  |TAMS 0x00000000ef500000, 0x00000000ef500000| Untracked 
| 246|0x00000000ef600000, 0x00000000ef600000, 0x00000000ef700000|  0%| F|  |TAMS 0x00000000ef600000, 0x00000000ef600000| Untracked 
| 247|0x00000000ef700000, 0x00000000ef700000, 0x00000000ef800000|  0%| F|  |TAMS 0x00000000ef700000, 0x00000000ef700000| Untracked 
| 248|0x00000000ef800000, 0x00000000ef800000, 0x00000000ef900000|  0%| F|  |TAMS 0x00000000ef800000, 0x00000000ef800000| Untracked 
| 249|0x00000000ef900000, 0x00000000ef900000, 0x00000000efa00000|  0%| F|  |TAMS 0x00000000ef900000, 0x00000000ef900000| Untracked 
| 250|0x00000000efa00000, 0x00000000efa00000, 0x00000000efb00000|  0%| F|  |TAMS 0x00000000efa00000, 0x00000000efa00000| Untracked 
| 251|0x00000000efb00000, 0x00000000efb00000, 0x00000000efc00000|  0%| F|  |TAMS 0x00000000efb00000, 0x00000000efb00000| Untracked 
| 252|0x00000000efc00000, 0x00000000efc00000, 0x00000000efd00000|  0%| F|  |TAMS 0x00000000efc00000, 0x00000000efc00000| Untracked 
| 253|0x00000000efd00000, 0x00000000efd00000, 0x00000000efe00000|  0%| F|  |TAMS 0x00000000efd00000, 0x00000000efd00000| Untracked 
| 254|0x00000000efe00000, 0x00000000eff00000, 0x00000000eff00000|100%| E|  |TAMS 0x00000000efe00000, 0x00000000efe00000| Complete 
| 255|0x00000000eff00000, 0x00000000f0000000, 0x00000000f0000000|100%| E|CS|TAMS 0x00000000eff00000, 0x00000000eff00000| Complete 

Card table byte_map: [0x000001e14cae0000,0x000001e14cbe0000] _byte_map_base: 0x000001e14c3e0000

Marking Bits (Prev, Next): (CMBitMap*) 0x000001e1342fe2a8, (CMBitMap*) 0x000001e1342fe2e0
 Prev Bits: [0x000001e14cce0000, 0x000001e14d4e0000)
 Next Bits: [0x000001e14d4e0000, 0x000001e14dce0000)

Polling page: 0x000001e1343c0000

Metaspace:

Usage:
  Non-class:     43.69 MB capacity,    42.96 MB ( 98%) used,   605.34 KB (  1%) free+waste,   139.56 KB ( <1%) overhead. 
      Class:      6.92 MB capacity,     6.41 MB ( 93%) used,   457.36 KB (  6%) free+waste,    69.38 KB ( <1%) overhead. 
       Both:     50.61 MB capacity,    49.36 MB ( 98%) used,     1.04 MB (  2%) free+waste,   208.94 KB ( <1%) overhead. 

Virtual space:
  Non-class space:       44.00 MB reserved,      43.75 MB (>99%) committed 
      Class space:      248.00 MB reserved,       7.00 MB (  3%) committed 
             Both:      292.00 MB reserved,      50.75 MB ( 17%) committed 

Chunk freelists:
   Non-Class:  2.25 KB
       Class:  1.25 KB
        Both:  3.50 KB

CodeHeap 'non-profiled nmethods': size=120064Kb used=6246Kb max_used=6246Kb free=113817Kb
 bounds [0x000001e144c50000, 0x000001e145270000, 0x000001e14c190000]
CodeHeap 'profiled nmethods': size=120000Kb used=13964Kb max_used=13964Kb free=106036Kb
 bounds [0x000001e13d720000, 0x000001e13e4d0000, 0x000001e144c50000]
CodeHeap 'non-nmethods': size=5696Kb used=2230Kb max_used=2300Kb free=3465Kb
 bounds [0x000001e13d190000, 0x000001e13d400000, 0x000001e13d720000]
 total_blobs=7164 nmethods=6356 adapters=719
 compilation: enabled
              stopped_count=0, restarted_count=0
 full_count=0

Compilation events (10 events):
Event: 23.538 Thread 0x000001e15056b000 6463       2       java.util.ComparableTimSort::countRunAndMakeAscending (123 bytes)
Event: 23.539 Thread 0x000001e15056b000 nmethod 6463 0x000001e13e491a90 code [0x000001e13e491ca0, 0x000001e13e492368]
Event: 23.539 Thread 0x000001e15056b000 6464       2       java.util.Spliterators$EmptySpliterator::forEachRemaining (6 bytes)
Event: 23.539 Thread 0x000001e15056b000 nmethod 6464 0x000001e13e492690 code [0x000001e13e492840, 0x000001e13e4929e8]
Event: 23.539 Thread 0x000001e15056b000 6465       2       java.util.Spliterators$EmptySpliterator$OfRef::forEachRemaining (6 bytes)
Event: 23.539 Thread 0x000001e15056b000 nmethod 6465 0x000001e13e492b10 code [0x000001e13e492cc0, 0x000001e13e492e68]
Event: 23.640 Thread 0x000001e15056b000 6467 %     3       org.objectweb.asm.ClassReader::readCode @ 92 (5109 bytes)
Event: 23.662 Thread 0x000001e15056b000 nmethod 6467% 0x000001e13e492f90 code [0x000001e13e494460, 0x000001e13e4a8378]
Event: 23.662 Thread 0x000001e15056b000 6468       2       org.objectweb.asm.ClassReader::readCode (5109 bytes)
Event: 23.677 Thread 0x000001e15056b000 nmethod 6468 0x000001e13e4b1e90 code [0x000001e13e4b29e0, 0x000001e13e4bafd8]

GC Heap History (10 events):
Event: 23.477 GC heap before
{Heap before GC invocations=54 (full 0):
 garbage-first heap   total 262144K, used 226347K [0x00000000e0000000, 0x0000000100000000)
  region size 1024K, 114 young (116736K), 8 survivors (8192K)
 Metaspace       used 50549K, capacity 51821K, committed 51968K, reserved 299008K
  class space    used 6560K, capacity 7087K, committed 7168K, reserved 253952K
}
Event: 23.483 GC heap after
{Heap after GC invocations=55 (full 0):
 garbage-first heap   total 262144K, used 118257K [0x00000000e0000000, 0x0000000100000000)
  region size 1024K, 9 young (9216K), 9 survivors (9216K)
 Metaspace       used 50549K, capacity 51821K, committed 51968K, reserved 299008K
  class space    used 6560K, capacity 7087K, committed 7168K, reserved 253952K
}
Event: 23.559 GC heap before
{Heap before GC invocations=55 (full 0):
 garbage-first heap   total 262144K, used 224753K [0x00000000e0000000, 0x0000000100000000)
  region size 1024K, 113 young (115712K), 9 survivors (9216K)
 Metaspace       used 50549K, capacity 51821K, committed 51968K, reserved 299008K
  class space    used 6560K, capacity 7087K, committed 7168K, reserved 253952K
}
Event: 23.564 GC heap after
{Heap after GC invocations=56 (full 0):
 garbage-first heap   total 262144K, used 119473K [0x00000000e0000000, 0x0000000100000000)
  region size 1024K, 8 young (8192K), 8 survivors (8192K)
 Metaspace       used 50549K, capacity 51821K, committed 51968K, reserved 299008K
  class space    used 6560K, capacity 7087K, committed 7168K, reserved 253952K
}
Event: 23.636 GC heap before
{Heap before GC invocations=56 (full 0):
 garbage-first heap   total 262144K, used 226993K [0x00000000e0000000, 0x0000000100000000)
  region size 1024K, 113 young (115712K), 8 survivors (8192K)
 Metaspace       used 50549K, capacity 51821K, committed 51968K, reserved 299008K
  class space    used 6560K, capacity 7087K, committed 7168K, reserved 253952K
}
Event: 23.640 GC heap after
{Heap after GC invocations=57 (full 0):
 garbage-first heap   total 262144K, used 120262K [0x00000000e0000000, 0x0000000100000000)
  region size 1024K, 9 young (9216K), 9 survivors (9216K)
 Metaspace       used 50549K, capacity 51821K, committed 51968K, reserved 299008K
  class space    used 6560K, capacity 7087K, committed 7168K, reserved 253952K
}
Event: 23.728 GC heap before
{Heap before GC invocations=57 (full 0):
 garbage-first heap   total 262144K, used 225734K [0x00000000e0000000, 0x0000000100000000)
  region size 1024K, 112 young (114688K), 9 survivors (9216K)
 Metaspace       used 50549K, capacity 51821K, committed 51968K, reserved 299008K
  class space    used 6560K, capacity 7087K, committed 7168K, reserved 253952K
}
Event: 23.733 GC heap after
{Heap after GC invocations=58 (full 0):
 garbage-first heap   total 262144K, used 121007K [0x00000000e0000000, 0x0000000100000000)
  region size 1024K, 8 young (8192K), 8 survivors (8192K)
 Metaspace       used 50549K, capacity 51821K, committed 51968K, reserved 299008K
  class space    used 6560K, capacity 7087K, committed 7168K, reserved 253952K
}
Event: 23.800 GC heap before
{Heap before GC invocations=58 (full 0):
 garbage-first heap   total 262144K, used 226479K [0x00000000e0000000, 0x0000000100000000)
  region size 1024K, 111 young (113664K), 8 survivors (8192K)
 Metaspace       used 50549K, capacity 51821K, committed 51968K, reserved 299008K
  class space    used 6560K, capacity 7087K, committed 7168K, reserved 253952K
}
Event: 23.805 GC heap after
{Heap after GC invocations=59 (full 0):
 garbage-first heap   total 262144K, used 121035K [0x00000000e0000000, 0x0000000100000000)
  region size 1024K, 8 young (8192K), 8 survivors (8192K)
 Metaspace       used 50549K, capacity 51821K, committed 51968K, reserved 299008K
  class space    used 6560K, capacity 7087K, committed 7168K, reserved 253952K
}

Deoptimization events (10 events):
Event: 22.194 Thread 0x000001e1537ae000 Uncommon trap: reason=class_check action=maybe_recompile pc=0x000001e145118640 method=org.objectweb.asm.MethodVisitor.visitTypeAnnotation(ILorg/objectweb/asm/TypePath;Ljava/lang/String;Z)Lorg/objectweb/asm/AnnotationVisitor; @ 35 c2
Event: 22.272 Thread 0x000001e1537ab800 Uncommon trap: reason=unstable_if action=reinterpret pc=0x000001e144ffdb7c method=org.objectweb.asm.MethodWriter.visitInsn(I)V @ 24 c2
Event: 22.553 Thread 0x000001e152f37800 Uncommon trap: reason=predicate action=maybe_recompile pc=0x000001e1451b79d8 method=java.util.ComparableTimSort.reverseRange([Ljava/lang/Object;II)V @ 5 c2
Event: 22.730 Thread 0x000001e153051800 Uncommon trap: reason=unstable_if action=reinterpret pc=0x000001e14511b0ec method=org.objectweb.asm.MethodWriter.visitTypeAnnotation(ILorg/objectweb/asm/TypePath;Ljava/lang/String;Z)Lorg/objectweb/asm/AnnotationVisitor; @ 2 c2
Event: 23.633 Thread 0x000001e15304b800 Uncommon trap: reason=class_check action=maybe_recompile pc=0x000001e14523d59c method=org.objectweb.asm.ClassReader.readCode(Lorg/objectweb/asm/MethodVisitor;Lorg/objectweb/asm/Context;I)V @ 3966 c2
Event: 23.634 Thread 0x000001e15304b800 Uncommon trap: reason=class_check action=maybe_recompile pc=0x000001e14523d59c method=org.objectweb.asm.ClassReader.readCode(Lorg/objectweb/asm/MethodVisitor;Lorg/objectweb/asm/Context;I)V @ 3966 c2
Event: 23.635 Thread 0x000001e15304b800 Uncommon trap: reason=class_check action=maybe_recompile pc=0x000001e14523d59c method=org.objectweb.asm.ClassReader.readCode(Lorg/objectweb/asm/MethodVisitor;Lorg/objectweb/asm/Context;I)V @ 3966 c2
Event: 23.635 Thread 0x000001e15304b800 Uncommon trap: reason=class_check action=maybe_recompile pc=0x000001e145201df8 method=org.objectweb.asm.ClassReader.readCode(Lorg/objectweb/asm/MethodVisitor;Lorg/objectweb/asm/Context;I)V @ 3966 c2
Event: 23.635 Thread 0x000001e15304b800 Uncommon trap: reason=class_check action=maybe_recompile pc=0x000001e14523d59c method=org.objectweb.asm.ClassReader.readCode(Lorg/objectweb/asm/MethodVisitor;Lorg/objectweb/asm/Context;I)V @ 3966 c2
Event: 23.787 Thread 0x000001e15304b800 Uncommon trap: reason=range_check action=make_not_entrant pc=0x000001e14525dde0 method=org.objectweb.asm.ClassReader.readUnsignedShort(I)I @ 19 c2

Classes redefined (0 events):
No events

Internal exceptions (10 events):
Event: 22.251 Thread 0x000001e15304f000 Exception <a 'sun/nio/fs/WindowsException'{0x00000000eaaf1d60}> (0x00000000eaaf1d60) thrown at [./open/src/hotspot/share/prims/jni.cpp, line 611]
Event: 22.254 Thread 0x000001e15304f000 Exception <a 'sun/nio/fs/WindowsException'{0x00000000eaaf1f00}> (0x00000000eaaf1f00) thrown at [./open/src/hotspot/share/prims/jni.cpp, line 611]
Event: 22.263 Thread 0x000001e1537ab800 Exception <a 'sun/nio/fs/WindowsException'{0x00000000ea5b9550}> (0x00000000ea5b9550) thrown at [./open/src/hotspot/share/prims/jni.cpp, line 611]
Event: 22.269 Thread 0x000001e1537a9800 Exception <a 'sun/nio/fs/WindowsException'{0x00000000e9e266e0}> (0x00000000e9e266e0) thrown at [./open/src/hotspot/share/prims/jni.cpp, line 611]
Event: 22.272 Thread 0x000001e1537ab800 Implicit null exception at 0x000001e144ffd25e to 0x000001e144ffdb70
Event: 22.388 Thread 0x000001e1537ab800 Exception <a 'sun/nio/fs/WindowsException'{0x00000000eb242210}> (0x00000000eb242210) thrown at [./open/src/hotspot/share/prims/jni.cpp, line 611]
Event: 22.390 Thread 0x000001e153051800 Exception <a 'sun/nio/fs/WindowsException'{0x00000000eb457060}> (0x00000000eb457060) thrown at [./open/src/hotspot/share/prims/jni.cpp, line 611]
Event: 22.411 Thread 0x000001e1537ab800 Exception <a 'sun/nio/fs/WindowsException'{0x00000000eb2423d8}> (0x00000000eb2423d8) thrown at [./open/src/hotspot/share/prims/jni.cpp, line 611]
Event: 23.155 Thread 0x000001e1537ae000 Exception <a 'sun/nio/fs/WindowsException'{0x00000000ee2f3748}> (0x00000000ee2f3748) thrown at [./open/src/hotspot/share/prims/jni.cpp, line 611]
Event: 23.156 Thread 0x000001e1537ae000 Exception <a 'sun/nio/fs/WindowsException'{0x00000000ee2f38b0}> (0x00000000ee2f38b0) thrown at [./open/src/hotspot/share/prims/jni.cpp, line 611]

Events (10 events):
Event: 23.797 Thread 0x000001e15304b800 DEOPT PACKING pc=0x000001e13e4b95d2 sp=0x000000a58b4fe200
Event: 23.797 Thread 0x000001e15304b800 DEOPT UNPACKING pc=0x000001e13d1b6dde sp=0x000000a58b4fd870 mode 0
Event: 23.800 Executing VM operation: G1CollectForAllocation
Event: 23.805 Executing VM operation: G1CollectForAllocation done
Event: 23.806 Thread 0x000001e1537a9800 DEOPT PACKING pc=0x000001e13e4b9c1e sp=0x000000a58b7fe500
Event: 23.807 Thread 0x000001e1537a9800 DEOPT UNPACKING pc=0x000001e13d1b6dde sp=0x000000a58b7fdb70 mode 0
Event: 23.810 Thread 0x000001e15304b800 DEOPT PACKING pc=0x000001e13e4b95d2 sp=0x000000a58b4fe200
Event: 23.810 Thread 0x000001e15304b800 DEOPT UNPACKING pc=0x000001e13d1b6dde sp=0x000000a58b4fd870 mode 0
Event: 23.811 Thread 0x000001e153051800 DEOPT PACKING pc=0x000001e13e4b95d2 sp=0x000000a58b1fddc0
Event: 23.811 Thread 0x000001e153051800 DEOPT UNPACKING pc=0x000001e13d1b6dde sp=0x000000a58b1fd430 mode 0


Dynamic libraries:
0x00007ff78cd50000 - 0x00007ff78cd5f000 	C:\Program Files\Java\jdk-11.0.15.1\bin\java.exe
0x00007ff8e30b0000 - 0x00007ff8e32a8000 	C:\Windows\SYSTEM32\ntdll.dll
0x00007ff8e1460000 - 0x00007ff8e151f000 	C:\Windows\System32\KERNEL32.DLL
0x00007ff8e09d0000 - 0x00007ff8e0ca2000 	C:\Windows\System32\KERNELBASE.dll
0x00007ff8e08d0000 - 0x00007ff8e09d0000 	C:\Windows\System32\ucrtbase.dll
0x00007ff8d0500000 - 0x00007ff8d0515000 	C:\Program Files\Java\jdk-11.0.15.1\bin\VCRUNTIME140.dll
0x00007ff8d0580000 - 0x00007ff8d0598000 	C:\Program Files\Java\jdk-11.0.15.1\bin\jli.dll
0x00007ff8e2fc0000 - 0x00007ff8e306e000 	C:\Windows\System32\ADVAPI32.dll
0x00007ff8e28d0000 - 0x00007ff8e296e000 	C:\Windows\System32\msvcrt.dll
0x00007ff8e2ee0000 - 0x00007ff8e2f7c000 	C:\Windows\System32\sechost.dll
0x00007ff8e2470000 - 0x00007ff8e2595000 	C:\Windows\System32\RPCRT4.dll
0x00007ff8e1ae0000 - 0x00007ff8e1c7d000 	C:\Windows\System32\USER32.dll
0x00007ff8e0850000 - 0x00007ff8e0872000 	C:\Windows\System32\win32u.dll
0x00007ff8e2f90000 - 0x00007ff8e2fbb000 	C:\Windows\System32\GDI32.dll
0x00007ff8e0d40000 - 0x00007ff8e0e4f000 	C:\Windows\System32\gdi32full.dll
0x00007ff8e07b0000 - 0x00007ff8e084d000 	C:\Windows\System32\msvcp_win.dll
0x00007ff8cae60000 - 0x00007ff8cb0fa000 	C:\Windows\WinSxS\amd64_microsoft.windows.common-controls_6595b64144ccf1df_6.0.19041.1110_none_60b5254171f9507e\COMCTL32.dll
0x00007ff8d6cf0000 - 0x00007ff8d6cfa000 	C:\Windows\SYSTEM32\VERSION.dll
0x00007ff8e1c80000 - 0x00007ff8e1cb2000 	C:\Windows\System32\IMM32.DLL
0x00007ff8b6d10000 - 0x00007ff8b6dab000 	C:\Program Files\Java\jdk-11.0.15.1\bin\msvcp140.dll
0x00007ff87c940000 - 0x00007ff87d456000 	C:\Program Files\Java\jdk-11.0.15.1\bin\server\jvm.dll
0x00007ff8e2a40000 - 0x00007ff8e2a48000 	C:\Windows\System32\PSAPI.DLL
0x00007ff8d0ee0000 - 0x00007ff8d0f07000 	C:\Windows\SYSTEM32\WINMM.dll
0x00007ff8cd340000 - 0x00007ff8cd349000 	C:\Windows\SYSTEM32\WSOCK32.dll
0x00007ff8e2da0000 - 0x00007ff8e2e0b000 	C:\Windows\System32\WS2_32.dll
0x00007ff8de670000 - 0x00007ff8de682000 	C:\Windows\SYSTEM32\kernel.appcore.dll
0x00007ff8da850000 - 0x00007ff8da860000 	C:\Program Files\Java\jdk-11.0.15.1\bin\verify.dll
0x00007ff8d7480000 - 0x00007ff8d7664000 	C:\Windows\SYSTEM32\DBGHELP.DLL
0x00007ff8d7450000 - 0x00007ff8d747c000 	C:\Windows\SYSTEM32\dbgcore.DLL
0x00007ff8e0cb0000 - 0x00007ff8e0d32000 	C:\Windows\System32\bcryptPrimitives.dll
0x00007ff8d04d0000 - 0x00007ff8d04f8000 	C:\Program Files\Java\jdk-11.0.15.1\bin\java.dll
0x00007ff8da250000 - 0x00007ff8da25a000 	C:\Program Files\Java\jdk-11.0.15.1\bin\jimage.dll
0x00007ff8d00a0000 - 0x00007ff8d00b6000 	C:\Program Files\Java\jdk-11.0.15.1\bin\zip.dll
0x00007ff8e1cc0000 - 0x00007ff8e2403000 	C:\Windows\System32\SHELL32.dll
0x00007ff8de870000 - 0x00007ff8df002000 	C:\Windows\SYSTEM32\windows.storage.dll
0x00007ff8e1100000 - 0x00007ff8e1454000 	C:\Windows\System32\combase.dll
0x00007ff8e01a0000 - 0x00007ff8e01d0000 	C:\Windows\SYSTEM32\Wldp.dll
0x00007ff8e1520000 - 0x00007ff8e15cd000 	C:\Windows\System32\SHCORE.dll
0x00007ff8e26e0000 - 0x00007ff8e2735000 	C:\Windows\System32\shlwapi.dll
0x00007ff8e06f0000 - 0x00007ff8e070f000 	C:\Windows\SYSTEM32\profapi.dll
0x00007ff8cfb30000 - 0x00007ff8cfb49000 	C:\Program Files\Java\jdk-11.0.15.1\bin\net.dll
0x00007ff8d5030000 - 0x00007ff8d513c000 	C:\Windows\SYSTEM32\WINHTTP.dll
0x00007ff8dfe90000 - 0x00007ff8dfefa000 	C:\Windows\system32\mswsock.dll
0x00007ff8cfa90000 - 0x00007ff8cfaa2000 	C:\Program Files\Java\jdk-11.0.15.1\bin\nio.dll
0x00007ff8cf9d0000 - 0x00007ff8cf9f7000 	C:\Users\self0\.gradle\native\68d5fa5c4cc2d200863cafc0d521ce42e7d3e7ee720ec0a83991735586a16f82\windows-amd64\native-platform.dll
0x00007ff892890000 - 0x00007ff8929d4000 	C:\Users\self0\.gradle\native\e376f236ea51e6404a007f0833ffe2c6e607c4080706a723a18a27aeea778392\windows-amd64\native-platform-file-events.dll
0x00007ff8d5a50000 - 0x00007ff8d5a59000 	C:\Program Files\Java\jdk-11.0.15.1\bin\management.dll
0x00007ff8d4540000 - 0x00007ff8d454b000 	C:\Program Files\Java\jdk-11.0.15.1\bin\management_ext.dll
0x00007ff8e00f0000 - 0x00007ff8e0108000 	C:\Windows\SYSTEM32\CRYPTSP.dll
0x00007ff8df7b0000 - 0x00007ff8df7e4000 	C:\Windows\system32\rsaenh.dll
0x00007ff8e1060000 - 0x00007ff8e1087000 	C:\Windows\System32\bcrypt.dll
0x00007ff8e06b0000 - 0x00007ff8e06de000 	C:\Windows\SYSTEM32\USERENV.dll
0x00007ff8e0110000 - 0x00007ff8e011c000 	C:\Windows\SYSTEM32\CRYPTBASE.dll
0x00007ff8dfb80000 - 0x00007ff8dfbbb000 	C:\Windows\SYSTEM32\IPHLPAPI.DLL
0x00007ff8e2f80000 - 0x00007ff8e2f88000 	C:\Windows\System32\NSI.dll
0x00007ff8d7b20000 - 0x00007ff8d7b37000 	C:\Windows\SYSTEM32\dhcpcsvc6.DLL
0x00007ff8d83b0000 - 0x00007ff8d83cd000 	C:\Windows\SYSTEM32\dhcpcsvc.DLL
0x00007ff8dfbc0000 - 0x00007ff8dfc8a000 	C:\Windows\SYSTEM32\DNSAPI.dll
0x00007ff8df8f0000 - 0x00007ff8df923000 	C:\Windows\SYSTEM32\ntmarta.dll

dbghelp: loaded successfully - version: 4.0.5 - missing functions: none
symbol engine: initialized successfully - sym options: 0x614 - pdb path: .;C:\Program Files\Java\jdk-11.0.15.1\bin;C:\Windows\SYSTEM32;C:\Windows\WinSxS\amd64_microsoft.windows.common-controls_6595b64144ccf1df_6.0.19041.1110_none_60b5254171f9507e;C:\Program Files\Java\jdk-11.0.15.1\bin\server;C:\Users\self0\.gradle\native\68d5fa5c4cc2d200863cafc0d521ce42e7d3e7ee720ec0a83991735586a16f82\windows-amd64;C:\Users\self0\.gradle\native\e376f236ea51e6404a007f0833ffe2c6e607c4080706a723a18a27aeea778392\windows-amd64

VM Arguments:
jvm_args: --add-opens=java.base/java.util=ALL-UNNAMED --add-opens=java.base/java.lang=ALL-UNNAMED --add-opens=java.base/java.lang.invoke=ALL-UNNAMED --add-opens=java.prefs/java.util.prefs=ALL-UNNAMED --add-opens=java.base/java.nio.charset=ALL-UNNAMED --add-opens=java.base/java.net=ALL-UNNAMED --add-opens=java.base/java.util.concurrent.atomic=ALL-UNNAMED -XX:MaxMetaspaceSize=256m -XX:+HeapDumpOnOutOfMemoryError -Xms256m -Xmx512m -Dfile.encoding=UTF-8 -Duser.country=KR -Duser.language=ko -Duser.variant 
java_command: org.gradle.launcher.daemon.bootstrap.GradleDaemon 7.6
java_class_path (initial): C:\Users\self0\.gradle\wrapper\dists\gradle-7.6-bin\9l9tetv7ltxvx3i8an4pb86ye\gradle-7.6\lib\gradle-launcher-7.6.jar
Launcher Type: SUN_STANDARD

[Global flags]
     intx CICompilerCount                          = 3                                         {product} {ergonomic}
   size_t CompressedClassSpaceSize                 = 260046848                                 {product} {ergonomic}
     uint ConcGCThreads                            = 2                                         {product} {ergonomic}
     uint G1ConcRefinementThreads                  = 6                                         {product} {ergonomic}
   size_t G1HeapRegionSize                         = 1048576                                   {product} {ergonomic}
    uintx GCDrainStackTargetSize                   = 64                                        {product} {ergonomic}
     bool HeapDumpOnOutOfMemoryError               = true                                   {manageable} {command line}
   size_t InitialHeapSize                          = 268435456                                 {product} {command line}
   size_t MarkStackSize                            = 4194304                                   {product} {ergonomic}
   size_t MaxHeapSize                              = 536870912                                 {product} {command line}
   size_t MaxMetaspaceSize                         = 268435456                                 {product} {command line}
   size_t MaxNewSize                               = 321912832                                 {product} {ergonomic}
   size_t MinHeapDeltaBytes                        = 1048576                                   {product} {ergonomic}
    uintx NonNMethodCodeHeapSize                   = 5830732                                {pd product} {ergonomic}
    uintx NonProfiledCodeHeapSize                  = 122913754                              {pd product} {ergonomic}
    uintx ProfiledCodeHeapSize                     = 122913754                              {pd product} {ergonomic}
    uintx ReservedCodeCacheSize                    = 251658240                              {pd product} {ergonomic}
     bool SegmentedCodeCache                       = true                                      {product} {ergonomic}
     bool UseCompressedClassPointers               = true                                 {lp64_product} {ergonomic}
     bool UseCompressedOops                        = true                                 {lp64_product} {ergonomic}
     bool UseG1GC                                  = true                                      {product} {ergonomic}
     bool UseLargePagesIndividualAllocation        = false                                  {pd product} {ergonomic}

Logging:
Log output configuration:
 #0: stdout all=warning uptime,level,tags
 #1: stderr all=off uptime,level,tags

Environment Variables:
JAVA_HOME=C:\Program Files\Java\jdk-11.0.15.1
PATH=C:\Program Files\Common Files\Oracle\Java\javapath;C:\oraclexe\app\oracle\product\11.2.0\server\bin;C:\Program Files (x86)\Common Files\Oracle\Java\javapath;C:\Windows\system32;C:\Windows;C:\Windows\System32\Wbem;C:\Windows\System32\WindowsPowerShell\v1.0\;C:\Windows\System32\OpenSSH\;C:\Program Files\Java\jdk1.8.0_281\bin;C:\Program Files\Git\cmd;C:\Program Files\TortoiseGit\bin;C:\Program Files\dotnet\;C:\Users\self0\AppData\Local\Microsoft\WindowsApps;;C:\Users\self0\AppData\Local\Programs\Microsoft VS Code\bin;C:\Program Files\JetBrains\IntelliJ IDEA Community Edition 2022.1.3\bin;;C:\Program Files (x86)\ESTsoft\ALSee\x64
USERNAME=self0
OS=Windows_NT
PROCESSOR_IDENTIFIER=AMD64 Family 23 Model 96 Stepping 1, AuthenticAMD



---------------  S Y S T E M  ---------------

OS: Windows 10 , 64 bit Build 19041 (10.0.19041.2251)

CPU:total 6 (initial active 6) (6 cores per cpu, 1 threads per core) family 23 model 96 stepping 1 microcode 0x0, cmov, cx8, fxsr, mmx, sse, sse2, sse3, ssse3, sse4.1, sse4.2, popcnt, avx, avx2, aes, clmul, mmxext, 3dnowpref, lzcnt, sse4a, tsc, tscinvbit, tscinv, bmi1, bmi2, adx, sha, 

Memory: 4k page, system-wide physical 7549M (501M free)
TotalPageFile size 31101M (AvailPageFile size 9M)
current process WorkingSet (physical memory assigned to process): 455M, peak: 462M
current process commit charge ("private bytes"): 497M, peak: 503M

vm_info: Java HotSpot(TM) 64-Bit Server VM (11.0.15.1+2-LTS-10) for windows-amd64 JRE (11.0.15.1+2-LTS-10), built on Apr 25 2022 21:51:57 by "mach5one" with MS VC++ 15.9 (VS2017)

END.
