#
# There is insufficient memory for the Java Runtime Environment to continue.
# Native memory allocation (malloc) failed to allocate 981936 bytes for Chunk::new
# Possible reasons:
#   The system is out of physical RAM or swap space
#   The process is running with CompressedOops enabled, and the Java Heap may be blocking the growth of the native heap
# Possible solutions:
#   Reduce memory load on the system
#   Increase physical memory or swap space
#   Check if swap backing store is full
#   Decrease Java heap size (-Xmx/-Xms)
#   Decrease number of Java threads
#   Decrease Java thread stack sizes (-Xss)
#   Set larger code cache with -XX:ReservedCodeCacheSize=
#   JVM is running with Unscaled Compressed Oops mode in which the Java heap is
#     placed in the first 4GB address space. The Java Heap base address is the
#     maximum limit for the native heap growth. Please use -XX:HeapBaseMinAddress
#     to set the Java Heap base and to place the Java Heap above 4GB virtual address.
# This output file may be truncated or incomplete.
#
#  Out of Memory Error (./open/src/hotspot/share/memory/arena.cpp:197), pid=14636, tid=9628
#
# JRE version: Java(TM) SE Runtime Environment 18.9 (11.0.15.1+2) (build 11.0.15.1+2-LTS-10)
# Java VM: Java HotSpot(TM) 64-Bit Server VM 18.9 (11.0.15.1+2-LTS-10, mixed mode, tiered, compressed oops, g1 gc, windows-amd64)
# No core dump will be written. Minidumps are not enabled by default on client versions of Windows
#

---------------  S U M M A R Y ------------

Command Line: -javaagent:C:\Program Files\JetBrains\IntelliJ IDEA Community Edition 2022.1.3\lib\idea_rt.jar=61243:C:\Program Files\JetBrains\IntelliJ IDEA Community Edition 2022.1.3\bin -Dfile.encoding=UTF-8 com.sp.fc.BasicTestApplication

Host: AMD Ryzen 5 4500U with Radeon Graphics         , 6 cores, 7G,  Windows 10 , 64 bit Build 19041 (10.0.19041.2251)
Time: Wed Dec  7 17:32:00 2022 대한민국 표준시 elapsed time: 2.027756 seconds (0d 0h 0m 2s)

---------------  T H R E A D  ---------------

Current thread (0x000001c1705ed000):  JavaThread "C2 CompilerThread1" daemon [_thread_in_native, id=9628, stack(0x000000258b900000,0x000000258ba00000)]


Current CompileTask:
C2:   2027 1819   !   4       java.net.URL::<init> (543 bytes)

Stack: [0x000000258b900000,0x000000258ba00000]
Native frames: (J=compiled Java code, j=interpreted, Vv=VM code, C=native code)
V  [jvm.dll+0x629d8a]
V  [jvm.dll+0x7638ff]
V  [jvm.dll+0x764fa9]
V  [jvm.dll+0x765633]
V  [jvm.dll+0x23d9c8]
V  [jvm.dll+0xb2a1c]
V  [jvm.dll+0xb2fdc]
V  [jvm.dll+0x341047]
V  [jvm.dll+0x18cd11]
V  [jvm.dll+0x1f8672]
V  [jvm.dll+0x1f774d]
V  [jvm.dll+0x177c51]
V  [jvm.dll+0x207026]
V  [jvm.dll+0x2051bb]
V  [jvm.dll+0x729820]
V  [jvm.dll+0x7223f4]
V  [jvm.dll+0x628c26]
C  [ucrtbase.dll+0x21bb2]
C  [KERNEL32.DLL+0x174b4]
C  [ntdll.dll+0x526a1]


---------------  P R O C E S S  ---------------

Threads class SMR info:
_java_thread_list=0x000001c171a59760, length=12, elements={
0x000001c15059f800, 0x000001c16fb5b000, 0x000001c16fb65000, 0x000001c170483000,
0x000001c16fb8a800, 0x000001c16fb8c000, 0x000001c16fb90800, 0x000001c16fb95800,
0x000001c16fb99800, 0x000001c1705d4000, 0x000001c1705ed000, 0x000001c170796800
}

Java Threads: ( => current thread )
  0x000001c15059f800 JavaThread "main" [_thread_in_Java, id=16264, stack(0x000000258a900000,0x000000258aa00000)]
  0x000001c16fb5b000 JavaThread "Reference Handler" daemon [_thread_blocked, id=24944, stack(0x000000258b000000,0x000000258b100000)]
  0x000001c16fb65000 JavaThread "Finalizer" daemon [_thread_blocked, id=25136, stack(0x000000258b100000,0x000000258b200000)]
  0x000001c170483000 JavaThread "Signal Dispatcher" daemon [_thread_blocked, id=11964, stack(0x000000258b200000,0x000000258b300000)]
  0x000001c16fb8a800 JavaThread "Attach Listener" daemon [_thread_blocked, id=13768, stack(0x000000258b300000,0x000000258b400000)]
  0x000001c16fb8c000 JavaThread "Service Thread" daemon [_thread_blocked, id=23964, stack(0x000000258b400000,0x000000258b500000)]
  0x000001c16fb90800 JavaThread "C2 CompilerThread0" daemon [_thread_in_native, id=22500, stack(0x000000258b500000,0x000000258b600000)]
  0x000001c16fb95800 JavaThread "C1 CompilerThread0" daemon [_thread_in_native, id=26928, stack(0x000000258b600000,0x000000258b700000)]
  0x000001c16fb99800 JavaThread "Sweeper thread" daemon [_thread_blocked, id=27372, stack(0x000000258b700000,0x000000258b800000)]
  0x000001c1705d4000 JavaThread "Common-Cleaner" daemon [_thread_blocked, id=14632, stack(0x000000258b800000,0x000000258b900000)]
=>0x000001c1705ed000 JavaThread "C2 CompilerThread1" daemon [_thread_in_native, id=9628, stack(0x000000258b900000,0x000000258ba00000)]
  0x000001c170796800 JavaThread "Monitor Ctrl-Break" daemon [_thread_in_native, id=10980, stack(0x000000258ba00000,0x000000258bb00000)]

Other Threads:
  0x000001c16fb36800 VMThread "VM Thread" [stack: 0x000000258af00000,0x000000258b000000] [id=26264]
  0x000001c17094e800 WatcherThread [stack: 0x000000258bb00000,0x000000258bc00000] [id=9288]
  0x000001c1505b5000 GCTaskThread "GC Thread#0" [stack: 0x000000258aa00000,0x000000258ab00000] [id=24656]
  0x000001c171018000 GCTaskThread "GC Thread#1" [stack: 0x000000258bc00000,0x000000258bd00000] [id=9620]
  0x000001c171582000 GCTaskThread "GC Thread#2" [stack: 0x000000258bf00000,0x000000258c000000] [id=23308]
  0x000001c17143d000 GCTaskThread "GC Thread#3" [stack: 0x000000258c000000,0x000000258c100000] [id=11124]
  0x000001c1505e1800 ConcurrentGCThread "G1 Main Marker" [stack: 0x000000258ab00000,0x000000258ac00000] [id=17140]
  0x000001c1505e3000 ConcurrentGCThread "G1 Conc#0" [stack: 0x000000258ac00000,0x000000258ad00000] [id=13236]
  0x000001c171429800 ConcurrentGCThread "G1 Conc#1" [stack: 0x000000258be00000,0x000000258bf00000] [id=19172]
  0x000001c150668000 ConcurrentGCThread "G1 Refine#0" [stack: 0x000000258ad00000,0x000000258ae00000] [id=18752]
  0x000001c150669000 ConcurrentGCThread "G1 Young RemSet Sampling" [stack: 0x000000258ae00000,0x000000258af00000] [id=12124]

Threads with active compile tasks:
C2 CompilerThread0   2064 2028  s    4       jdk.internal.jimage.BasicImageReader::findLocation (115 bytes)
C1 CompilerThread0   2064 2049       3       java.util.ArrayDeque::peek (5 bytes)
C2 CompilerThread1   2064 1819   !   4       java.net.URL::<init> (543 bytes)

VM state:not at safepoint (normal execution)

VM Mutex/Monitor currently owned by a thread: None

Heap address: 0x000000008a000000, size: 1888 MB, Compressed Oops mode: 32-bit
Narrow klass base: 0x0000000000000000, Narrow klass shift: 3
Compressed class space size: 1073741824 Address: 0x0000000100000000

Heap:
 garbage-first heap   total 120832K, used 26594K [0x000000008a000000, 0x0000000100000000)
  region size 1024K, 27 young (27648K), 5 survivors (5120K)
 Metaspace       used 23824K, capacity 24406K, committed 24648K, reserved 1071104K
  class space    used 2675K, capacity 2930K, committed 2944K, reserved 1048576K
Heap Regions: E=young(eden), S=young(survivor), O=old, HS=humongous(starts), HC=humongous(continues), CS=collection set, F=free, A=archive, TAMS=top-at-mark-start (previous, next)
|   0|0x000000008a000000, 0x000000008a100000, 0x000000008a100000|100%| O|  |TAMS 0x000000008a100000, 0x000000008a000000| Untracked 
|   1|0x000000008a100000, 0x000000008a194600, 0x000000008a200000| 57%| O|  |TAMS 0x000000008a194600, 0x000000008a100000| Untracked 
|   2|0x000000008a200000, 0x000000008a200000, 0x000000008a300000|  0%| F|  |TAMS 0x000000008a200000, 0x000000008a200000| Untracked 
|   3|0x000000008a300000, 0x000000008a300000, 0x000000008a400000|  0%| F|  |TAMS 0x000000008a300000, 0x000000008a300000| Untracked 
|   4|0x000000008a400000, 0x000000008a400000, 0x000000008a500000|  0%| F|  |TAMS 0x000000008a400000, 0x000000008a400000| Untracked 
|   5|0x000000008a500000, 0x000000008a500000, 0x000000008a600000|  0%| F|  |TAMS 0x000000008a500000, 0x000000008a500000| Untracked 
|   6|0x000000008a600000, 0x000000008a600000, 0x000000008a700000|  0%| F|  |TAMS 0x000000008a600000, 0x000000008a600000| Untracked 
|   7|0x000000008a700000, 0x000000008a700000, 0x000000008a800000|  0%| F|  |TAMS 0x000000008a700000, 0x000000008a700000| Untracked 
|   8|0x000000008a800000, 0x000000008a800000, 0x000000008a900000|  0%| F|  |TAMS 0x000000008a800000, 0x000000008a800000| Untracked 
|   9|0x000000008a900000, 0x000000008a900000, 0x000000008aa00000|  0%| F|  |TAMS 0x000000008a900000, 0x000000008a900000| Untracked 
|  10|0x000000008aa00000, 0x000000008aa00000, 0x000000008ab00000|  0%| F|  |TAMS 0x000000008aa00000, 0x000000008aa00000| Untracked 
|  11|0x000000008ab00000, 0x000000008ab00000, 0x000000008ac00000|  0%| F|  |TAMS 0x000000008ab00000, 0x000000008ab00000| Untracked 
|  12|0x000000008ac00000, 0x000000008ac00000, 0x000000008ad00000|  0%| F|  |TAMS 0x000000008ac00000, 0x000000008ac00000| Untracked 
|  13|0x000000008ad00000, 0x000000008ad00000, 0x000000008ae00000|  0%| F|  |TAMS 0x000000008ad00000, 0x000000008ad00000| Untracked 
|  14|0x000000008ae00000, 0x000000008ae00000, 0x000000008af00000|  0%| F|  |TAMS 0x000000008ae00000, 0x000000008ae00000| Untracked 
|  15|0x000000008af00000, 0x000000008af00000, 0x000000008b000000|  0%| F|  |TAMS 0x000000008af00000, 0x000000008af00000| Untracked 
|  16|0x000000008b000000, 0x000000008b000000, 0x000000008b100000|  0%| F|  |TAMS 0x000000008b000000, 0x000000008b000000| Untracked 
|  17|0x000000008b100000, 0x000000008b100000, 0x000000008b200000|  0%| F|  |TAMS 0x000000008b100000, 0x000000008b100000| Untracked 
|  18|0x000000008b200000, 0x000000008b200000, 0x000000008b300000|  0%| F|  |TAMS 0x000000008b200000, 0x000000008b200000| Untracked 
|  19|0x000000008b300000, 0x000000008b300000, 0x000000008b400000|  0%| F|  |TAMS 0x000000008b300000, 0x000000008b300000| Untracked 
|  20|0x000000008b400000, 0x000000008b400000, 0x000000008b500000|  0%| F|  |TAMS 0x000000008b400000, 0x000000008b400000| Untracked 
|  21|0x000000008b500000, 0x000000008b500000, 0x000000008b600000|  0%| F|  |TAMS 0x000000008b500000, 0x000000008b500000| Untracked 
|  22|0x000000008b600000, 0x000000008b600000, 0x000000008b700000|  0%| F|  |TAMS 0x000000008b600000, 0x000000008b600000| Untracked 
|  23|0x000000008b700000, 0x000000008b700000, 0x000000008b800000|  0%| F|  |TAMS 0x000000008b700000, 0x000000008b700000| Untracked 
|  24|0x000000008b800000, 0x000000008b800000, 0x000000008b900000|  0%| F|  |TAMS 0x000000008b800000, 0x000000008b800000| Untracked 
|  25|0x000000008b900000, 0x000000008b900000, 0x000000008ba00000|  0%| F|  |TAMS 0x000000008b900000, 0x000000008b900000| Untracked 
|  26|0x000000008ba00000, 0x000000008ba00000, 0x000000008bb00000|  0%| F|  |TAMS 0x000000008ba00000, 0x000000008ba00000| Untracked 
|  27|0x000000008bb00000, 0x000000008bb00000, 0x000000008bc00000|  0%| F|  |TAMS 0x000000008bb00000, 0x000000008bb00000| Untracked 
|  28|0x000000008bc00000, 0x000000008bc00000, 0x000000008bd00000|  0%| F|  |TAMS 0x000000008bc00000, 0x000000008bc00000| Untracked 
|  29|0x000000008bd00000, 0x000000008bd00000, 0x000000008be00000|  0%| F|  |TAMS 0x000000008bd00000, 0x000000008bd00000| Untracked 
|  30|0x000000008be00000, 0x000000008be00000, 0x000000008bf00000|  0%| F|  |TAMS 0x000000008be00000, 0x000000008be00000| Untracked 
|  31|0x000000008bf00000, 0x000000008bf00000, 0x000000008c000000|  0%| F|  |TAMS 0x000000008bf00000, 0x000000008bf00000| Untracked 
|  32|0x000000008c000000, 0x000000008c000000, 0x000000008c100000|  0%| F|  |TAMS 0x000000008c000000, 0x000000008c000000| Untracked 
|  33|0x000000008c100000, 0x000000008c100000, 0x000000008c200000|  0%| F|  |TAMS 0x000000008c100000, 0x000000008c100000| Untracked 
|  34|0x000000008c200000, 0x000000008c200000, 0x000000008c300000|  0%| F|  |TAMS 0x000000008c200000, 0x000000008c200000| Untracked 
|  35|0x000000008c300000, 0x000000008c300000, 0x000000008c400000|  0%| F|  |TAMS 0x000000008c300000, 0x000000008c300000| Untracked 
|  36|0x000000008c400000, 0x000000008c400000, 0x000000008c500000|  0%| F|  |TAMS 0x000000008c400000, 0x000000008c400000| Untracked 
|  37|0x000000008c500000, 0x000000008c500000, 0x000000008c600000|  0%| F|  |TAMS 0x000000008c500000, 0x000000008c500000| Untracked 
|  38|0x000000008c600000, 0x000000008c600000, 0x000000008c700000|  0%| F|  |TAMS 0x000000008c600000, 0x000000008c600000| Untracked 
|  39|0x000000008c700000, 0x000000008c700000, 0x000000008c800000|  0%| F|  |TAMS 0x000000008c700000, 0x000000008c700000| Untracked 
|  40|0x000000008c800000, 0x000000008c800000, 0x000000008c900000|  0%| F|  |TAMS 0x000000008c800000, 0x000000008c800000| Untracked 
|  41|0x000000008c900000, 0x000000008c900000, 0x000000008ca00000|  0%| F|  |TAMS 0x000000008c900000, 0x000000008c900000| Untracked 
|  42|0x000000008ca00000, 0x000000008ca00000, 0x000000008cb00000|  0%| F|  |TAMS 0x000000008ca00000, 0x000000008ca00000| Untracked 
|  43|0x000000008cb00000, 0x000000008cb00000, 0x000000008cc00000|  0%| F|  |TAMS 0x000000008cb00000, 0x000000008cb00000| Untracked 
|  44|0x000000008cc00000, 0x000000008cc00000, 0x000000008cd00000|  0%| F|  |TAMS 0x000000008cc00000, 0x000000008cc00000| Untracked 
|  45|0x000000008cd00000, 0x000000008cd00000, 0x000000008ce00000|  0%| F|  |TAMS 0x000000008cd00000, 0x000000008cd00000| Untracked 
|  46|0x000000008ce00000, 0x000000008ce00000, 0x000000008cf00000|  0%| F|  |TAMS 0x000000008ce00000, 0x000000008ce00000| Untracked 
|  47|0x000000008cf00000, 0x000000008cf00000, 0x000000008d000000|  0%| F|  |TAMS 0x000000008cf00000, 0x000000008cf00000| Untracked 
|  48|0x000000008d000000, 0x000000008d000000, 0x000000008d100000|  0%| F|  |TAMS 0x000000008d000000, 0x000000008d000000| Untracked 
|  49|0x000000008d100000, 0x000000008d100000, 0x000000008d200000|  0%| F|  |TAMS 0x000000008d100000, 0x000000008d100000| Untracked 
|  50|0x000000008d200000, 0x000000008d200000, 0x000000008d300000|  0%| F|  |TAMS 0x000000008d200000, 0x000000008d200000| Untracked 
|  51|0x000000008d300000, 0x000000008d300000, 0x000000008d400000|  0%| F|  |TAMS 0x000000008d300000, 0x000000008d300000| Untracked 
|  52|0x000000008d400000, 0x000000008d400000, 0x000000008d500000|  0%| F|  |TAMS 0x000000008d400000, 0x000000008d400000| Untracked 
|  53|0x000000008d500000, 0x000000008d500000, 0x000000008d600000|  0%| F|  |TAMS 0x000000008d500000, 0x000000008d500000| Untracked 
|  54|0x000000008d600000, 0x000000008d600000, 0x000000008d700000|  0%| F|  |TAMS 0x000000008d600000, 0x000000008d600000| Untracked 
|  55|0x000000008d700000, 0x000000008d700000, 0x000000008d800000|  0%| F|  |TAMS 0x000000008d700000, 0x000000008d700000| Untracked 
|  56|0x000000008d800000, 0x000000008d800000, 0x000000008d900000|  0%| F|  |TAMS 0x000000008d800000, 0x000000008d800000| Untracked 
|  57|0x000000008d900000, 0x000000008d900000, 0x000000008da00000|  0%| F|  |TAMS 0x000000008d900000, 0x000000008d900000| Untracked 
|  58|0x000000008da00000, 0x000000008da00000, 0x000000008db00000|  0%| F|  |TAMS 0x000000008da00000, 0x000000008da00000| Untracked 
|  59|0x000000008db00000, 0x000000008db00000, 0x000000008dc00000|  0%| F|  |TAMS 0x000000008db00000, 0x000000008db00000| Untracked 
|  60|0x000000008dc00000, 0x000000008dc00000, 0x000000008dd00000|  0%| F|  |TAMS 0x000000008dc00000, 0x000000008dc00000| Untracked 
|  61|0x000000008dd00000, 0x000000008dd00000, 0x000000008de00000|  0%| F|  |TAMS 0x000000008dd00000, 0x000000008dd00000| Untracked 
|  62|0x000000008de00000, 0x000000008de00000, 0x000000008df00000|  0%| F|  |TAMS 0x000000008de00000, 0x000000008de00000| Untracked 
|  63|0x000000008df00000, 0x000000008df00000, 0x000000008e000000|  0%| F|  |TAMS 0x000000008df00000, 0x000000008df00000| Untracked 
|  64|0x000000008e000000, 0x000000008e000000, 0x000000008e100000|  0%| F|  |TAMS 0x000000008e000000, 0x000000008e000000| Untracked 
|  65|0x000000008e100000, 0x000000008e100000, 0x000000008e200000|  0%| F|  |TAMS 0x000000008e100000, 0x000000008e100000| Untracked 
|  66|0x000000008e200000, 0x000000008e200000, 0x000000008e300000|  0%| F|  |TAMS 0x000000008e200000, 0x000000008e200000| Untracked 
|  67|0x000000008e300000, 0x000000008e300000, 0x000000008e400000|  0%| F|  |TAMS 0x000000008e300000, 0x000000008e300000| Untracked 
|  68|0x000000008e400000, 0x000000008e400000, 0x000000008e500000|  0%| F|  |TAMS 0x000000008e400000, 0x000000008e400000| Untracked 
|  69|0x000000008e500000, 0x000000008e500000, 0x000000008e600000|  0%| F|  |TAMS 0x000000008e500000, 0x000000008e500000| Untracked 
|  70|0x000000008e600000, 0x000000008e600000, 0x000000008e700000|  0%| F|  |TAMS 0x000000008e600000, 0x000000008e600000| Untracked 
|  71|0x000000008e700000, 0x000000008e700000, 0x000000008e800000|  0%| F|  |TAMS 0x000000008e700000, 0x000000008e700000| Untracked 
|  72|0x000000008e800000, 0x000000008e800000, 0x000000008e900000|  0%| F|  |TAMS 0x000000008e800000, 0x000000008e800000| Untracked 
|  73|0x000000008e900000, 0x000000008e900000, 0x000000008ea00000|  0%| F|  |TAMS 0x000000008e900000, 0x000000008e900000| Untracked 
|  74|0x000000008ea00000, 0x000000008ea00000, 0x000000008eb00000|  0%| F|  |TAMS 0x000000008ea00000, 0x000000008ea00000| Untracked 
|  75|0x000000008eb00000, 0x000000008eb00000, 0x000000008ec00000|  0%| F|  |TAMS 0x000000008eb00000, 0x000000008eb00000| Untracked 
|  76|0x000000008ec00000, 0x000000008ec00000, 0x000000008ed00000|  0%| F|  |TAMS 0x000000008ec00000, 0x000000008ec00000| Untracked 
|  77|0x000000008ed00000, 0x000000008ed00000, 0x000000008ee00000|  0%| F|  |TAMS 0x000000008ed00000, 0x000000008ed00000| Untracked 
|  78|0x000000008ee00000, 0x000000008ee00000, 0x000000008ef00000|  0%| F|  |TAMS 0x000000008ee00000, 0x000000008ee00000| Untracked 
|  79|0x000000008ef00000, 0x000000008ef00000, 0x000000008f000000|  0%| F|  |TAMS 0x000000008ef00000, 0x000000008ef00000| Untracked 
|  80|0x000000008f000000, 0x000000008f000000, 0x000000008f100000|  0%| F|  |TAMS 0x000000008f000000, 0x000000008f000000| Untracked 
|  81|0x000000008f100000, 0x000000008f100000, 0x000000008f200000|  0%| F|  |TAMS 0x000000008f100000, 0x000000008f100000| Untracked 
|  82|0x000000008f200000, 0x000000008f200000, 0x000000008f300000|  0%| F|  |TAMS 0x000000008f200000, 0x000000008f200000| Untracked 
|  83|0x000000008f300000, 0x000000008f364418, 0x000000008f400000| 39%| S|CS|TAMS 0x000000008f300000, 0x000000008f300000| Complete 
|  84|0x000000008f400000, 0x000000008f500000, 0x000000008f500000|100%| S|CS|TAMS 0x000000008f400000, 0x000000008f400000| Complete 
|  85|0x000000008f500000, 0x000000008f600000, 0x000000008f600000|100%| S|CS|TAMS 0x000000008f500000, 0x000000008f500000| Complete 
|  86|0x000000008f600000, 0x000000008f700000, 0x000000008f700000|100%| S|CS|TAMS 0x000000008f600000, 0x000000008f600000| Complete 
|  87|0x000000008f700000, 0x000000008f800000, 0x000000008f800000|100%| S|CS|TAMS 0x000000008f700000, 0x000000008f700000| Complete 
|  88|0x000000008f800000, 0x000000008f800000, 0x000000008f900000|  0%| F|  |TAMS 0x000000008f800000, 0x000000008f800000| Untracked 
|  89|0x000000008f900000, 0x000000008f900000, 0x000000008fa00000|  0%| F|  |TAMS 0x000000008f900000, 0x000000008f900000| Untracked 
|  90|0x000000008fa00000, 0x000000008fa00000, 0x000000008fb00000|  0%| F|  |TAMS 0x000000008fa00000, 0x000000008fa00000| Untracked 
|  91|0x000000008fb00000, 0x000000008fb00000, 0x000000008fc00000|  0%| F|  |TAMS 0x000000008fb00000, 0x000000008fb00000| Untracked 
|  92|0x000000008fc00000, 0x000000008fc00000, 0x000000008fd00000|  0%| F|  |TAMS 0x000000008fc00000, 0x000000008fc00000| Untracked 
|  93|0x000000008fd00000, 0x000000008fd00000, 0x000000008fe00000|  0%| F|  |TAMS 0x000000008fd00000, 0x000000008fd00000| Untracked 
|  94|0x000000008fe00000, 0x000000008fe00000, 0x000000008ff00000|  0%| F|  |TAMS 0x000000008fe00000, 0x000000008fe00000| Untracked 
|  95|0x000000008ff00000, 0x000000008ff00000, 0x0000000090000000|  0%| F|  |TAMS 0x000000008ff00000, 0x000000008ff00000| Untracked 
|  96|0x0000000090000000, 0x0000000090080800, 0x0000000090100000| 50%| E|  |TAMS 0x0000000090000000, 0x0000000090000000| Complete 
|  97|0x0000000090100000, 0x0000000090200000, 0x0000000090200000|100%| E|CS|TAMS 0x0000000090100000, 0x0000000090100000| Complete 
|  98|0x0000000090200000, 0x0000000090300000, 0x0000000090300000|100%| E|CS|TAMS 0x0000000090200000, 0x0000000090200000| Complete 
|  99|0x0000000090300000, 0x0000000090400000, 0x0000000090400000|100%| E|CS|TAMS 0x0000000090300000, 0x0000000090300000| Complete 
| 100|0x0000000090400000, 0x0000000090500000, 0x0000000090500000|100%| E|CS|TAMS 0x0000000090400000, 0x0000000090400000| Complete 
| 101|0x0000000090500000, 0x0000000090600000, 0x0000000090600000|100%| E|CS|TAMS 0x0000000090500000, 0x0000000090500000| Complete 
| 102|0x0000000090600000, 0x0000000090700000, 0x0000000090700000|100%| E|CS|TAMS 0x0000000090600000, 0x0000000090600000| Complete 
| 103|0x0000000090700000, 0x0000000090800000, 0x0000000090800000|100%| E|CS|TAMS 0x0000000090700000, 0x0000000090700000| Complete 
| 104|0x0000000090800000, 0x0000000090900000, 0x0000000090900000|100%| E|CS|TAMS 0x0000000090800000, 0x0000000090800000| Complete 
| 105|0x0000000090900000, 0x0000000090a00000, 0x0000000090a00000|100%| E|  |TAMS 0x0000000090900000, 0x0000000090900000| Complete 
| 106|0x0000000090a00000, 0x0000000090b00000, 0x0000000090b00000|100%| E|CS|TAMS 0x0000000090a00000, 0x0000000090a00000| Complete 
| 107|0x0000000090b00000, 0x0000000090c00000, 0x0000000090c00000|100%| E|CS|TAMS 0x0000000090b00000, 0x0000000090b00000| Complete 
| 108|0x0000000090c00000, 0x0000000090d00000, 0x0000000090d00000|100%| E|CS|TAMS 0x0000000090c00000, 0x0000000090c00000| Complete 
| 109|0x0000000090d00000, 0x0000000090e00000, 0x0000000090e00000|100%| E|CS|TAMS 0x0000000090d00000, 0x0000000090d00000| Complete 
| 110|0x0000000090e00000, 0x0000000090f00000, 0x0000000090f00000|100%| E|CS|TAMS 0x0000000090e00000, 0x0000000090e00000| Complete 
| 111|0x0000000090f00000, 0x0000000091000000, 0x0000000091000000|100%| E|CS|TAMS 0x0000000090f00000, 0x0000000090f00000| Complete 
| 112|0x0000000091000000, 0x0000000091100000, 0x0000000091100000|100%| E|CS|TAMS 0x0000000091000000, 0x0000000091000000| Complete 
| 113|0x0000000091100000, 0x0000000091200000, 0x0000000091200000|100%| E|CS|TAMS 0x0000000091100000, 0x0000000091100000| Complete 
| 114|0x0000000091200000, 0x0000000091300000, 0x0000000091300000|100%| E|CS|TAMS 0x0000000091200000, 0x0000000091200000| Complete 
| 115|0x0000000091300000, 0x0000000091400000, 0x0000000091400000|100%| E|CS|TAMS 0x0000000091300000, 0x0000000091300000| Complete 
| 116|0x0000000091400000, 0x0000000091500000, 0x0000000091500000|100%| E|CS|TAMS 0x0000000091400000, 0x0000000091400000| Complete 
| 117|0x0000000091500000, 0x0000000091600000, 0x0000000091600000|100%| E|CS|TAMS 0x0000000091500000, 0x0000000091500000| Complete 

Card table byte_map: [0x000001c169050000,0x000001c169400000] _byte_map_base: 0x000001c168c00000

Marking Bits (Prev, Next): (CMBitMap*) 0x000001c1505d9530, (CMBitMap*) 0x000001c1505d94f8
 Prev Bits: [0x000001c16b530000, 0x000001c16d2b0000)
 Next Bits: [0x000001c1697b0000, 0x000001c16b530000)

Polling page: 0x000001c150680000

Metaspace:

Usage:
  Non-class:     21.12 MB capacity,    20.72 MB ( 98%) used,   339.36 KB (  2%) free+waste,    65.56 KB ( <1%) overhead. 
      Class:      2.88 MB capacity,     2.63 MB ( 91%) used,   220.03 KB (  7%) free+waste,    33.38 KB (  1%) overhead. 
       Both:     23.99 MB capacity,    23.35 MB ( 97%) used,   559.39 KB (  2%) free+waste,    98.94 KB ( <1%) overhead. 

Virtual space:
  Non-class space:       22.00 MB reserved,      21.20 MB ( 96%) committed 
      Class space:        1.00 GB reserved,       2.88 MB ( <1%) committed 
             Both:        1.02 GB reserved,      24.07 MB (  2%) committed 

Chunk freelists:
   Non-Class:  1.88 KB
       Class:  0 bytes
        Both:  1.88 KB

CodeHeap 'non-profiled nmethods': size=120064Kb used=767Kb max_used=767Kb free=119296Kb
 bounds [0x000001c160f20000, 0x000001c161190000, 0x000001c168460000]
CodeHeap 'profiled nmethods': size=120000Kb used=3950Kb max_used=3950Kb free=116049Kb
 bounds [0x000001c1599f0000, 0x000001c159dd0000, 0x000001c160f20000]
CodeHeap 'non-nmethods': size=5696Kb used=1119Kb max_used=1141Kb free=4576Kb
 bounds [0x000001c159460000, 0x000001c1596d0000, 0x000001c1599f0000]
 total_blobs=2490 nmethods=2053 adapters=348
 compilation: enabled
              stopped_count=0, restarted_count=0
 full_count=0

Compilation events (10 events):
Event: 2.021 Thread 0x000001c16fb95800 1984       3       org.slf4j.impl.StaticLoggerBinder::getLoggerFactory (45 bytes)
Event: 2.022 Thread 0x000001c16fb95800 nmethod 1984 0x000001c159d91d90 code [0x000001c159d91f60, 0x000001c159d922e8]
Event: 2.022 Thread 0x000001c16fb95800 1985       3       ch.qos.logback.classic.selector.DefaultContextSelector::getLoggerContext (5 bytes)
Event: 2.022 Thread 0x000001c16fb95800 nmethod 1985 0x000001c159d92490 code [0x000001c159d92620, 0x000001c159d92738]
Event: 2.022 Thread 0x000001c16fb95800 1986       1       org.springframework.boot.autoconfigure.condition.ConditionOutcome::isMatch (5 bytes)
Event: 2.022 Thread 0x000001c16fb95800 nmethod 1986 0x000001c160fd9210 code [0x000001c160fd93a0, 0x000001c160fd9458]
Event: 2.023 Thread 0x000001c16fb90800 nmethod 1929 0x000001c160fd9510 code [0x000001c160fd96a0, 0x000001c160fd99f8]
Event: 2.023 Thread 0x000001c16fb90800 1982       4       org.springframework.asm.ClassReader::readUtf (161 bytes)
Event: 2.024 Thread 0x000001c16fb95800 1988       1       java.net.URLConnection::getUseCaches (5 bytes)
Event: 2.025 Thread 0x000001c16fb95800 nmethod 1988 0x000001c160fd9c10 code [0x000001c160fd9da0, 0x000001c160fd9e58]

GC Heap History (4 events):
Event: 1.036 GC heap before
{Heap before GC invocations=0 (full 0):
 garbage-first heap   total 120832K, used 22528K [0x000000008a000000, 0x0000000100000000)
  region size 1024K, 22 young (22528K), 0 survivors (0K)
 Metaspace       used 13986K, capacity 14306K, committed 14464K, reserved 1062912K
  class space    used 1422K, capacity 1546K, committed 1664K, reserved 1048576K
}
Event: 1.042 GC heap after
{Heap after GC invocations=1 (full 0):
 garbage-first heap   total 120832K, used 4689K [0x000000008a000000, 0x0000000100000000)
  region size 1024K, 3 young (3072K), 3 survivors (3072K)
 Metaspace       used 13986K, capacity 14306K, committed 14464K, reserved 1062912K
  class space    used 1422K, capacity 1546K, committed 1664K, reserved 1048576K
}
Event: 1.637 GC heap before
{Heap before GC invocations=1 (full 0):
 garbage-first heap   total 120832K, used 30289K [0x000000008a000000, 0x0000000100000000)
  region size 1024K, 30 young (30720K), 3 survivors (3072K)
 Metaspace       used 20612K, capacity 21125K, committed 21248K, reserved 1069056K
  class space    used 2246K, capacity 2448K, committed 2560K, reserved 1048576K
}
Event: 1.660 GC heap after
{Heap after GC invocations=2 (full 0):
 garbage-first heap   total 120832K, used 6114K [0x000000008a000000, 0x0000000100000000)
  region size 1024K, 5 young (5120K), 5 survivors (5120K)
 Metaspace       used 20612K, capacity 21125K, committed 21248K, reserved 1069056K
  class space    used 2246K, capacity 2448K, committed 2560K, reserved 1048576K
}

Deoptimization events (10 events):
Event: 1.733 Thread 0x000001c15059f800 Uncommon trap: reason=unstable_if action=reinterpret pc=0x000001c160f61f64 method=java.util.concurrent.ConcurrentHashMap.get(Ljava/lang/Object;)Ljava/lang/Object; @ 76 c2
Event: 1.767 Thread 0x000001c171487800 Uncommon trap: reason=unstable_if action=reinterpret pc=0x000001c160f7a1fc method=jdk.internal.org.objectweb.asm.Type.getArgumentsAndReturnSizes(Ljava/lang/String;)I @ 47 c2
Event: 1.767 Thread 0x000001c171487800 Uncommon trap: reason=unstable_if action=reinterpret pc=0x000001c160f9de4c method=jdk.internal.org.objectweb.asm.Frame.push(Ljdk/internal/org/objectweb/asm/ClassWriter;Ljava/lang/String;)V @ 18 c2
Event: 1.781 Thread 0x000001c15059f800 Uncommon trap: reason=unstable_if action=reinterpret pc=0x000001c160f7e778 method=java.io.WinNTFileSystem.normalize(Ljava/lang/String;)Ljava/lang/String; @ 128 c2
Event: 1.781 Thread 0x000001c15059f800 Uncommon trap: reason=unstable_if action=reinterpret pc=0x000001c160f3dc8c method=java.util.zip.ZipFile$Source.getEntryPos([BZ)I @ 156 c2
Event: 1.801 Thread 0x000001c15059f800 Uncommon trap: reason=bimorphic_or_optimized_type_check action=maybe_recompile pc=0x000001c160fb24b8 method=java.util.HashMap.putVal(ILjava/lang/Object;Ljava/lang/Object;ZZ)Ljava/lang/Object; @ 91 c2
Event: 1.801 Thread 0x000001c15059f800 Uncommon trap: reason=bimorphic_or_optimized_type_check action=maybe_recompile pc=0x000001c160fb24b8 method=java.util.HashMap.putVal(ILjava/lang/Object;Ljava/lang/Object;ZZ)Ljava/lang/Object; @ 91 c2
Event: 1.936 Thread 0x000001c15059f800 Uncommon trap: reason=class_check action=maybe_recompile pc=0x000001c160fb24cc method=java.util.HashMap.putVal(ILjava/lang/Object;Ljava/lang/Object;ZZ)Ljava/lang/Object; @ 203 c2
Event: 1.976 Thread 0x000001c15059f800 Uncommon trap: reason=bimorphic_or_optimized_type_check action=maybe_recompile pc=0x000001c160fb24b8 method=java.util.HashMap.putVal(ILjava/lang/Object;Ljava/lang/Object;ZZ)Ljava/lang/Object; @ 91 c2
Event: 1.983 Thread 0x000001c15059f800 Uncommon trap: reason=class_check action=maybe_recompile pc=0x000001c160fb24cc method=java.util.HashMap.putVal(ILjava/lang/Object;Ljava/lang/Object;ZZ)Ljava/lang/Object; @ 203 c2

Classes redefined (0 events):
No events

Internal exceptions (10 events):
Event: 1.749 Thread 0x000001c15059f800 Exception <a 'java/lang/ClassNotFoundException'{0x0000000090f7eb70}: org/springframework/beans/factory/AwareCustomizer> (0x0000000090f7eb70) thrown at [./open/src/hotspot/share/classfile/systemDictionary.cpp, line 226]
Event: 1.767 Thread 0x000001c171487800 Exception <a 'java/lang/NoSuchMethodError'{0x0000000090d94460}: java.lang.invoke.DirectMethodHandle$Holder.invokeSpecial(Ljava/lang/Object;Ljava/lang/Object;)J> (0x0000000090d94460) thrown at [./open/src/hotspot/share/interpreter/linkResolver.cpp, line 77
Event: 1.769 Thread 0x000001c171487800 Exception <a 'java/lang/NoSuchMethodError'{0x0000000090d9eb40}: java.lang.invoke.DirectMethodHandle$Holder.invokeStatic(Ljava/lang/Object;Ljava/lang/Object;)J> (0x0000000090d9eb40) thrown at [./open/src/hotspot/share/interpreter/linkResolver.cpp, line 772
Event: 1.769 Thread 0x000001c171487800 Exception <a 'java/lang/NoSuchMethodError'{0x0000000090da1968}: java.lang.invoke.DirectMethodHandle$Holder.invokeStaticInit(Ljava/lang/Object;Ljava/lang/Object;)J> (0x0000000090da1968) thrown at [./open/src/hotspot/share/interpreter/linkResolver.cpp, line
Event: 1.771 Thread 0x000001c171487800 Exception <a 'java/lang/NoSuchMethodError'{0x0000000090dade28}: java.lang.invoke.DirectMethodHandle$Holder.invokeInterface(Ljava/lang/Object;Ljava/lang/Object;)J> (0x0000000090dade28) thrown at [./open/src/hotspot/share/interpreter/linkResolver.cpp, line 
Event: 1.771 Thread 0x000001c171487800 Exception <a 'java/lang/IncompatibleClassChangeError'{0x0000000090db0bc0}: Found class java.lang.Object, but interface was expected> (0x0000000090db0bc0) thrown at [./open/src/hotspot/share/interpreter/linkResolver.cpp, line 838]
Event: 1.784 Thread 0x000001c171487800 Exception <a 'java/lang/NoSuchMethodError'{0x0000000090c2f770}: java.lang.invoke.DirectMethodHandle$Holder.invokeVirtual(Ljava/lang/Object;Ljava/lang/Object;Ljava/lang/Object;Ljava/lang/Object;)Ljava/lang/Object;> (0x0000000090c2f770) thrown at [./open/sr
Event: 1.803 Thread 0x000001c15059f800 Exception <a 'java/lang/NoSuchMethodError'{0x0000000090b56cf0}: java.lang.invoke.DirectMethodHandle$Holder.invokeSpecialIFC(Ljava/lang/Object;Ljava/lang/Object;Ljava/lang/Object;Ljava/lang/Object;)I> (0x0000000090b56cf0) thrown at [./open/src/hotspot/shar
Event: 1.898 Thread 0x000001c15059f800 Exception <a 'java/lang/IncompatibleClassChangeError'{0x00000000907b0a98}: Found class java.lang.Object, but interface was expected> (0x00000000907b0a98) thrown at [./open/src/hotspot/share/interpreter/linkResolver.cpp, line 838]
Event: 1.949 Thread 0x000001c15059f800 Exception <a 'java/lang/NoSuchMethodError'{0x0000000090551850}: java.lang.invoke.DirectMethodHandle$Holder.invokeInterface(Ljava/lang/Object;Ljava/lang/Object;Ljava/lang/Object;Ljava/lang/Object;)V> (0x0000000090551850) thrown at [./open/src/hotspot/share

Events (10 events):
Event: 2.003 loading class io/undertow/Undertow
Event: 2.003 loading class io/undertow/Undertow done
Event: 2.003 loading class org/xnio/SslClientAuthMode
Event: 2.003 loading class org/xnio/SslClientAuthMode done
Event: 2.011 loading class org/springframework/boot/autoconfigure/web/servlet/DispatcherServletAutoConfiguration$DispatcherServletRegistrationCondition
Event: 2.011 loading class org/springframework/boot/autoconfigure/web/servlet/DispatcherServletAutoConfiguration$DispatcherServletRegistrationCondition done
Event: 2.012 loading class org/springframework/boot/web/servlet/ServletRegistrationBean
Event: 2.012 loading class org/springframework/boot/web/servlet/ServletRegistrationBean done
Event: 2.014 loading class org/springframework/boot/autoconfigure/web/servlet/DispatcherServletAutoConfiguration$DefaultDispatcherServletCondition
Event: 2.014 loading class org/springframework/boot/autoconfigure/web/servlet/DispatcherServletAutoConfiguration$DefaultDispatcherServletCondition done


Dynamic libraries:
0x00007ff78cd50000 - 0x00007ff78cd5f000 	C:\Program Files\Java\jdk-11.0.15.1\bin\java.exe
0x00007ff8e30b0000 - 0x00007ff8e32a8000 	C:\Windows\SYSTEM32\ntdll.dll
0x00007ff8e1460000 - 0x00007ff8e151f000 	C:\Windows\System32\KERNEL32.DLL
0x00007ff8e09d0000 - 0x00007ff8e0ca2000 	C:\Windows\System32\KERNELBASE.dll
0x00007ff8e08d0000 - 0x00007ff8e09d0000 	C:\Windows\System32\ucrtbase.dll
0x00007ff8d0500000 - 0x00007ff8d0515000 	C:\Program Files\Java\jdk-11.0.15.1\bin\VCRUNTIME140.dll
0x00007ff8d0580000 - 0x00007ff8d0598000 	C:\Program Files\Java\jdk-11.0.15.1\bin\jli.dll
0x00007ff8e2fc0000 - 0x00007ff8e306e000 	C:\Windows\System32\ADVAPI32.dll
0x00007ff8e28d0000 - 0x00007ff8e296e000 	C:\Windows\System32\msvcrt.dll
0x00007ff8e2ee0000 - 0x00007ff8e2f7c000 	C:\Windows\System32\sechost.dll
0x00007ff8e2470000 - 0x00007ff8e2595000 	C:\Windows\System32\RPCRT4.dll
0x00007ff8e1ae0000 - 0x00007ff8e1c7d000 	C:\Windows\System32\USER32.dll
0x00007ff8e0850000 - 0x00007ff8e0872000 	C:\Windows\System32\win32u.dll
0x00007ff8e2f90000 - 0x00007ff8e2fbb000 	C:\Windows\System32\GDI32.dll
0x00007ff8e0d40000 - 0x00007ff8e0e4f000 	C:\Windows\System32\gdi32full.dll
0x00007ff8e07b0000 - 0x00007ff8e084d000 	C:\Windows\System32\msvcp_win.dll
0x00007ff8cae60000 - 0x00007ff8cb0fa000 	C:\Windows\WinSxS\amd64_microsoft.windows.common-controls_6595b64144ccf1df_6.0.19041.1110_none_60b5254171f9507e\COMCTL32.dll
0x00007ff8d6cf0000 - 0x00007ff8d6cfa000 	C:\Windows\SYSTEM32\VERSION.dll
0x00007ff8e1c80000 - 0x00007ff8e1cb2000 	C:\Windows\System32\IMM32.DLL
0x00007ff8b6d10000 - 0x00007ff8b6dab000 	C:\Program Files\Java\jdk-11.0.15.1\bin\msvcp140.dll
0x00007ff87c940000 - 0x00007ff87d456000 	C:\Program Files\Java\jdk-11.0.15.1\bin\server\jvm.dll
0x00007ff8e2a40000 - 0x00007ff8e2a48000 	C:\Windows\System32\PSAPI.DLL
0x00007ff8d0ee0000 - 0x00007ff8d0f07000 	C:\Windows\SYSTEM32\WINMM.dll
0x00007ff8cd340000 - 0x00007ff8cd349000 	C:\Windows\SYSTEM32\WSOCK32.dll
0x00007ff8e2da0000 - 0x00007ff8e2e0b000 	C:\Windows\System32\WS2_32.dll
0x00007ff8de670000 - 0x00007ff8de682000 	C:\Windows\SYSTEM32\kernel.appcore.dll
0x00007ff8da850000 - 0x00007ff8da860000 	C:\Program Files\Java\jdk-11.0.15.1\bin\verify.dll
0x00007ff8d7480000 - 0x00007ff8d7664000 	C:\Windows\SYSTEM32\DBGHELP.DLL
0x00007ff8d7450000 - 0x00007ff8d747c000 	C:\Windows\SYSTEM32\dbgcore.DLL
0x00007ff8e0cb0000 - 0x00007ff8e0d32000 	C:\Windows\System32\bcryptPrimitives.dll
0x00007ff8d04d0000 - 0x00007ff8d04f8000 	C:\Program Files\Java\jdk-11.0.15.1\bin\java.dll
0x00007ff8da250000 - 0x00007ff8da25a000 	C:\Program Files\Java\jdk-11.0.15.1\bin\jimage.dll
0x00007ff8da260000 - 0x00007ff8da26e000 	C:\Program Files\Java\jdk-11.0.15.1\bin\instrument.dll
0x00007ff8d00a0000 - 0x00007ff8d00b6000 	C:\Program Files\Java\jdk-11.0.15.1\bin\zip.dll
0x00007ff8e1cc0000 - 0x00007ff8e2403000 	C:\Windows\System32\SHELL32.dll
0x00007ff8de870000 - 0x00007ff8df002000 	C:\Windows\SYSTEM32\windows.storage.dll
0x00007ff8e1100000 - 0x00007ff8e1454000 	C:\Windows\System32\combase.dll
0x00007ff8e01a0000 - 0x00007ff8e01d0000 	C:\Windows\SYSTEM32\Wldp.dll
0x00007ff8e1520000 - 0x00007ff8e15cd000 	C:\Windows\System32\SHCORE.dll
0x00007ff8e26e0000 - 0x00007ff8e2735000 	C:\Windows\System32\shlwapi.dll
0x00007ff8e06f0000 - 0x00007ff8e070f000 	C:\Windows\SYSTEM32\profapi.dll
0x00007ff8cfb30000 - 0x00007ff8cfb49000 	C:\Program Files\Java\jdk-11.0.15.1\bin\net.dll
0x00007ff8d5030000 - 0x00007ff8d513c000 	C:\Windows\SYSTEM32\WINHTTP.dll
0x00007ff8dfe90000 - 0x00007ff8dfefa000 	C:\Windows\system32\mswsock.dll
0x00007ff8cfa90000 - 0x00007ff8cfaa2000 	C:\Program Files\Java\jdk-11.0.15.1\bin\nio.dll
0x00007ff8d5d00000 - 0x00007ff8d5d1a000 	C:\Program Files\JetBrains\IntelliJ IDEA Community Edition 2022.1.3\bin\breakgen64.dll
0x00007ff8d5a50000 - 0x00007ff8d5a59000 	C:\Program Files\Java\jdk-11.0.15.1\bin\management.dll
0x00007ff8d4540000 - 0x00007ff8d454b000 	C:\Program Files\Java\jdk-11.0.15.1\bin\management_ext.dll
0x00007ff8c7ba0000 - 0x00007ff8c7bb7000 	C:\Windows\system32\napinsp.dll
0x00007ff8c7b80000 - 0x00007ff8c7b9b000 	C:\Windows\system32\pnrpnsp.dll
0x00007ff8dce70000 - 0x00007ff8dce85000 	C:\Windows\system32\wshbth.dll
0x00007ff8da190000 - 0x00007ff8da1ad000 	C:\Windows\system32\NLAapi.dll
0x00007ff8dfb80000 - 0x00007ff8dfbbb000 	C:\Windows\SYSTEM32\IPHLPAPI.DLL
0x00007ff8dfbc0000 - 0x00007ff8dfc8a000 	C:\Windows\SYSTEM32\DNSAPI.dll
0x00007ff8e2f80000 - 0x00007ff8e2f88000 	C:\Windows\System32\NSI.dll
0x00007ff8c77e0000 - 0x00007ff8c77f2000 	C:\Windows\System32\winrnr.dll
0x00007ff8d8410000 - 0x00007ff8d841a000 	C:\Windows\System32\rasadhlp.dll
0x00007ff8d5140000 - 0x00007ff8d51c0000 	C:\Windows\System32\fwpuclnt.dll
0x00007ff8e1060000 - 0x00007ff8e1087000 	C:\Windows\System32\bcrypt.dll

dbghelp: loaded successfully - version: 4.0.5 - missing functions: none
symbol engine: initialized successfully - sym options: 0x614 - pdb path: .;C:\Program Files\Java\jdk-11.0.15.1\bin;C:\Windows\SYSTEM32;C:\Windows\WinSxS\amd64_microsoft.windows.common-controls_6595b64144ccf1df_6.0.19041.1110_none_60b5254171f9507e;C:\Program Files\Java\jdk-11.0.15.1\bin\server;C:\Program Files\JetBrains\IntelliJ IDEA Community Edition 2022.1.3\bin

VM Arguments:
jvm_args: -javaagent:C:\Program Files\JetBrains\IntelliJ IDEA Community Edition 2022.1.3\lib\idea_rt.jar=61243:C:\Program Files\JetBrains\IntelliJ IDEA Community Edition 2022.1.3\bin -Dfile.encoding=UTF-8 
java_command: com.sp.fc.BasicTestApplication
java_class_path (initial): C:\z_yy\intellij\security\sp-fastcampus-spring-sec\server\basic-test\out\production\classes;C:\Users\self0\.gradle\caches\modules-2\files-2.1\org.springframework.boot\spring-boot-starter-security\2.4.1\deb50c476f4226ab7a3a0411433dfc342dac8aee\spring-boot-starter-security-2.4.1.jar;C:\Users\self0\.gradle\caches\modules-2\files-2.1\org.springframework.boot\spring-boot-starter-web\2.4.1\fb70dcc55475177dd404c5577c6d64b6c591c9cd\spring-boot-starter-web-2.4.1.jar;C:\Users\self0\.gradle\caches\modules-2\files-2.1\com.fasterxml.jackson.core\jackson-annotations\2.11.3\25d4e9c777e7a8805c4a000a8629d3009c779c9b\jackson-annotations-2.11.3.jar;C:\Users\self0\.gradle\caches\modules-2\files-2.1\org.springframework.boot\spring-boot-starter\2.4.1\15d81ffe81e26de37986d491e1cf4c1e3a324ca3\spring-boot-starter-2.4.1.jar;C:\Users\self0\.gradle\caches\modules-2\files-2.1\org.springframework.security\spring-security-config\5.4.2\b3e9919e915aa4f7751b3aba56e4361c909a0ed3\spring-security-config-5.4.2.jar;C:\Users\self0\.gradle\caches\modules-2\files-2.1\org.springframework.security\spring-security-web\5.4.2\397b4d52b0bd9e7219789630ac3836cce7557c44\spring-security-web-5.4.2.jar;C:\Users\self0\.gradle\caches\modules-2\files-2.1\org.springframework\spring-aop\5.3.2\c01aecb495a37786b5d6b7e9701c6f78353b61e6\spring-aop-5.3.2.jar;C:\Users\self0\.gradle\caches\modules-2\files-2.1\org.springframework.boot\spring-boot-starter-json\2.4.1\5a4b7088c88be531cb416ef218da3e19309f8cea\spring-boot-starter-json-2.4.1.jar;C:\Users\self0\.gradle\caches\modules-2\files-2.1\org.springframework\spring-webmvc\5.3.2\6c1106b59db4c91682b740d2deaa3f02400ea8c8\spring-webmvc-5.3.2.jar;C:\Users\self0\.gradle\caches\modules-2\files-2.1\org.springframework.boot\spring-boot-starter-tomcat\2.4.1\92c0d7938bdf47fb9d3781aef94b07f5a940a263\spring-boot-starter-tomcat-2.4.1.jar;C:\Users\self0\.gradle\caches\modules-2\files-2.1\org.springframework\spring-web\5.3.2\5ea6e1536ee6a70bb5c2efbd579c688c09a93a4b\spr
Launcher Type: SUN_STANDARD

[Global flags]
     intx CICompilerCount                          = 3                                         {product} {ergonomic}
     uint ConcGCThreads                            = 2                                         {product} {ergonomic}
     uint G1ConcRefinementThreads                  = 6                                         {product} {ergonomic}
   size_t G1HeapRegionSize                         = 1048576                                   {product} {ergonomic}
    uintx GCDrainStackTargetSize                   = 64                                        {product} {ergonomic}
   size_t InitialHeapSize                          = 123731968                                 {product} {ergonomic}
   size_t MarkStackSize                            = 4194304                                   {product} {ergonomic}
   size_t MaxHeapSize                              = 1979711488                                {product} {ergonomic}
   size_t MaxNewSize                               = 1186988032                                {product} {ergonomic}
   size_t MinHeapDeltaBytes                        = 1048576                                   {product} {ergonomic}
    uintx NonNMethodCodeHeapSize                   = 5830732                                {pd product} {ergonomic}
    uintx NonProfiledCodeHeapSize                  = 122913754                              {pd product} {ergonomic}
    uintx ProfiledCodeHeapSize                     = 122913754                              {pd product} {ergonomic}
    uintx ReservedCodeCacheSize                    = 251658240                              {pd product} {ergonomic}
     bool SegmentedCodeCache                       = true                                      {product} {ergonomic}
     bool UseCompressedClassPointers               = true                                 {lp64_product} {ergonomic}
     bool UseCompressedOops                        = true                                 {lp64_product} {ergonomic}
     bool UseG1GC                                  = true                                      {product} {ergonomic}
     bool UseLargePagesIndividualAllocation        = false                                  {pd product} {ergonomic}

Logging:
Log output configuration:
 #0: stdout all=warning uptime,level,tags
 #1: stderr all=off uptime,level,tags

Environment Variables:
JAVA_HOME=C:\Program Files\Java\jdk-11.0.15.1
PATH=C:\Program Files\Common Files\Oracle\Java\javapath;C:\oraclexe\app\oracle\product\11.2.0\server\bin;C:\Program Files (x86)\Common Files\Oracle\Java\javapath;C:\Windows\system32;C:\Windows;C:\Windows\System32\Wbem;C:\Windows\System32\WindowsPowerShell\v1.0\;C:\Windows\System32\OpenSSH\;C:\Program Files\Java\jdk1.8.0_281\bin;C:\Program Files\Git\cmd;C:\Program Files\TortoiseGit\bin;C:\Program Files\dotnet\;C:\Users\self0\AppData\Local\Microsoft\WindowsApps;;C:\Users\self0\AppData\Local\Programs\Microsoft VS Code\bin;C:\Program Files\JetBrains\IntelliJ IDEA Community Edition 2022.1.3\bin;;C:\Program Files (x86)\ESTsoft\ALSee\x64
USERNAME=self0
OS=Windows_NT
PROCESSOR_IDENTIFIER=AMD64 Family 23 Model 96 Stepping 1, AuthenticAMD



---------------  S Y S T E M  ---------------

OS: Windows 10 , 64 bit Build 19041 (10.0.19041.2251)

CPU:total 6 (initial active 6) (6 cores per cpu, 1 threads per core) family 23 model 96 stepping 1 microcode 0x0, cmov, cx8, fxsr, mmx, sse, sse2, sse3, ssse3, sse4.1, sse4.2, popcnt, avx, avx2, aes, clmul, mmxext, 3dnowpref, lzcnt, sse4a, tsc, tscinvbit, tscinv, bmi1, bmi2, adx, sha, 

Memory: 4k page, system-wide physical 7549M (538M free)
TotalPageFile size 31101M (AvailPageFile size 3M)
current process WorkingSet (physical memory assigned to process): 120M, peak: 120M
current process commit charge ("private bytes"): 236M, peak: 237M

vm_info: Java HotSpot(TM) 64-Bit Server VM (11.0.15.1+2-LTS-10) for windows-amd64 JRE (11.0.15.1+2-LTS-10), built on Apr 25 2022 21:51:57 by "mach5one" with MS VC++ 15.9 (VS2017)

END.
