#
# There is insufficient memory for the Java Runtime Environment to continue.
# Native memory allocation (malloc) failed to allocate 668240 bytes for Chunk::new
# Possible reasons:
#   The system is out of physical RAM or swap space
#   The process is running with CompressedOops enabled, and the Java Heap may be blocking the growth of the native heap
# Possible solutions:
#   Reduce memory load on the system
#   Increase physical memory or swap space
#   Check if swap backing store is full
#   Decrease Java heap size (-Xmx/-Xms)
#   Decrease number of Java threads
#   Decrease Java thread stack sizes (-Xss)
#   Set larger code cache with -XX:ReservedCodeCacheSize=
#   JVM is running with Unscaled Compressed Oops mode in which the Java heap is
#     placed in the first 4GB address space. The Java Heap base address is the
#     maximum limit for the native heap growth. Please use -XX:HeapBaseMinAddress
#     to set the Java Heap base and to place the Java Heap above 4GB virtual address.
# This output file may be truncated or incomplete.
#
#  Out of Memory Error (./open/src/hotspot/share/memory/arena.cpp:197), pid=4956, tid=15676
#
# JRE version: Java(TM) SE Runtime Environment 18.9 (11.0.15.1+2) (build 11.0.15.1+2-LTS-10)
# Java VM: Java HotSpot(TM) 64-Bit Server VM 18.9 (11.0.15.1+2-LTS-10, mixed mode, tiered, compressed oops, g1 gc, windows-amd64)
# No core dump will be written. Minidumps are not enabled by default on client versions of Windows
#

---------------  S U M M A R Y ------------

Command Line: -Dorg.gradle.internal.worker.tmpdir=C:\z_yy\intellij\bookmanager\build\tmp\test\work -Dorg.gradle.native=false -Xmx512m -Dfile.encoding=UTF-8 -Duser.country=KR -Duser.language=ko -Duser.variant -ea worker.org.gradle.process.internal.worker.GradleWorkerMain 'Gradle Test Executor 13'

Host: AMD Ryzen 5 4500U with Radeon Graphics         , 6 cores, 7G,  Windows 10 , 64 bit Build 19041 (10.0.19041.1889)
Time: Wed Nov 16 18:42:41 2022 대한민국 표준시 elapsed time: 7.945930 seconds (0d 0h 0m 7s)

---------------  T H R E A D  ---------------

Current thread (0x00000242dbff7000):  JavaThread "C2 CompilerThread0" daemon [_thread_in_native, id=15676, stack(0x000000aa1e200000,0x000000aa1e300000)]


Current CompileTask:
C2:   7946 3821       4       org.springframework.beans.factory.support.AbstractBeanFactory::isTypeMatch (607 bytes)

Stack: [0x000000aa1e200000,0x000000aa1e300000]
Native frames: (J=compiled Java code, j=interpreted, Vv=VM code, C=native code)
V  [jvm.dll+0x629d8a]
V  [jvm.dll+0x7638ff]
V  [jvm.dll+0x764fa9]
V  [jvm.dll+0x765633]
V  [jvm.dll+0x23d9c8]
V  [jvm.dll+0xb2a1c]
V  [jvm.dll+0xb2fdc]
V  [jvm.dll+0x1f7dd7]
V  [jvm.dll+0x5c0195]
V  [jvm.dll+0x5bf04e]
V  [jvm.dll+0x1f8407]
V  [jvm.dll+0x1f774d]
V  [jvm.dll+0x177c51]
V  [jvm.dll+0x207026]
V  [jvm.dll+0x2051bb]
V  [jvm.dll+0x729820]
V  [jvm.dll+0x7223f4]
V  [jvm.dll+0x628c26]
C  [ucrtbase.dll+0x21bb2]
C  [KERNEL32.DLL+0x17034]
C  [ntdll.dll+0x526a1]


---------------  P R O C E S S  ---------------

Threads class SMR info:
_java_thread_list=0x00000242e2c93120, length=16, elements={
0x00000242c1d10800, 0x00000242dbfc3000, 0x00000242dbfcc000, 0x00000242dc883000,
0x00000242dbff3000, 0x00000242dbff3800, 0x00000242dbff7000, 0x00000242dc002800,
0x00000242dc006000, 0x00000242dc973800, 0x00000242dd0df000, 0x00000242ddb80800,
0x00000242dd359000, 0x00000242de297800, 0x00000242e3c00800, 0x00000242e331b800
}

Java Threads: ( => current thread )
  0x00000242c1d10800 JavaThread "Test worker" [_thread_in_native, id=19348, stack(0x000000aa1d600000,0x000000aa1d700000)]
  0x00000242dbfc3000 JavaThread "Reference Handler" daemon [_thread_blocked, id=6372, stack(0x000000aa1dd00000,0x000000aa1de00000)]
  0x00000242dbfcc000 JavaThread "Finalizer" daemon [_thread_blocked, id=27692, stack(0x000000aa1de00000,0x000000aa1df00000)]
  0x00000242dc883000 JavaThread "Signal Dispatcher" daemon [_thread_blocked, id=26924, stack(0x000000aa1df00000,0x000000aa1e000000)]
  0x00000242dbff3000 JavaThread "Attach Listener" daemon [_thread_blocked, id=9988, stack(0x000000aa1e000000,0x000000aa1e100000)]
  0x00000242dbff3800 JavaThread "Service Thread" daemon [_thread_blocked, id=4236, stack(0x000000aa1e100000,0x000000aa1e200000)]
=>0x00000242dbff7000 JavaThread "C2 CompilerThread0" daemon [_thread_in_native, id=15676, stack(0x000000aa1e200000,0x000000aa1e300000)]
  0x00000242dc002800 JavaThread "C1 CompilerThread0" daemon [_thread_blocked, id=20528, stack(0x000000aa1e300000,0x000000aa1e400000)]
  0x00000242dc006000 JavaThread "Sweeper thread" daemon [_thread_blocked, id=20400, stack(0x000000aa1e400000,0x000000aa1e500000)]
  0x00000242dc973800 JavaThread "Common-Cleaner" daemon [_thread_blocked, id=29388, stack(0x000000aa1e600000,0x000000aa1e700000)]
  0x00000242dd0df000 JavaThread "/127.0.0.1:61027 to /127.0.0.1:61026 workers" [_thread_blocked, id=3340, stack(0x000000aa1e800000,0x000000aa1e900000)]
  0x00000242ddb80800 JavaThread "/127.0.0.1:61027 to /127.0.0.1:61026 workers Thread 2" [_thread_blocked, id=5124, stack(0x000000aa1e900000,0x000000aa1ea00000)]
  0x00000242dd359000 JavaThread "/127.0.0.1:61027 to /127.0.0.1:61026 workers Thread 3" [_thread_in_native, id=23312, stack(0x000000aa1ea00000,0x000000aa1eb00000)]
  0x00000242de297800 JavaThread "C2 CompilerThread1" daemon [_thread_blocked, id=268, stack(0x000000aa1f300000,0x000000aa1f400000)]
  0x00000242e3c00800 JavaThread "HikariPool-1 housekeeper" daemon [_thread_blocked, id=13012, stack(0x000000aa1f400000,0x000000aa1f500000)]
  0x00000242e331b800 JavaThread "HikariPool-1 connection adder" daemon [_thread_blocked, id=24208, stack(0x000000aa1f500000,0x000000aa1f600000)]

Other Threads:
  0x00000242dbf9f000 VMThread "VM Thread" [stack: 0x000000aa1dc00000,0x000000aa1dd00000] [id=23272]
  0x00000242dc971000 WatcherThread [stack: 0x000000aa1e500000,0x000000aa1e600000] [id=15984]
  0x00000242c1d24800 GCTaskThread "GC Thread#0" [stack: 0x000000aa1d700000,0x000000aa1d800000] [id=28372]
  0x00000242de090800 GCTaskThread "GC Thread#1" [stack: 0x000000aa1ec00000,0x000000aa1ed00000] [id=28788]
  0x00000242dde2e800 GCTaskThread "GC Thread#2" [stack: 0x000000aa1ed00000,0x000000aa1ee00000] [id=7444]
  0x00000242dde3f800 GCTaskThread "GC Thread#3" [stack: 0x000000aa1ee00000,0x000000aa1ef00000] [id=3608]
  0x00000242dde40800 GCTaskThread "GC Thread#4" [stack: 0x000000aa1ef00000,0x000000aa1f000000] [id=21000]
  0x00000242dde41000 GCTaskThread "GC Thread#5" [stack: 0x000000aa1f000000,0x000000aa1f100000] [id=27312]
  0x00000242c1d37000 ConcurrentGCThread "G1 Main Marker" [stack: 0x000000aa1d800000,0x000000aa1d900000] [id=26096]
  0x00000242c1d38800 ConcurrentGCThread "G1 Conc#0" [stack: 0x000000aa1d900000,0x000000aa1da00000] [id=26248]
  0x00000242de4c6800 ConcurrentGCThread "G1 Conc#1" [stack: 0x000000aa1eb00000,0x000000aa1ec00000] [id=14768]
  0x00000242c1db8800 ConcurrentGCThread "G1 Refine#0" [stack: 0x000000aa1da00000,0x000000aa1db00000] [id=16776]
  0x00000242dca79000 ConcurrentGCThread "G1 Refine#1" [stack: 0x000000aa1f100000,0x000000aa1f200000] [id=26868]
  0x00000242dccc1800 ConcurrentGCThread "G1 Refine#2" [stack: 0x000000aa1f200000,0x000000aa1f300000] [id=29304]
  0x00000242c1db9800 ConcurrentGCThread "G1 Young RemSet Sampling" [stack: 0x000000aa1db00000,0x000000aa1dc00000] [id=21792]

Threads with active compile tasks:
C2 CompilerThread0   7976 3821       4       org.springframework.beans.factory.support.AbstractBeanFactory::isTypeMatch (607 bytes)

VM state:not at safepoint (normal execution)

VM Mutex/Monitor currently owned by a thread: None

Heap address: 0x00000000e0000000, size: 512 MB, Compressed Oops mode: 32-bit
Narrow klass base: 0x0000000000000000, Narrow klass shift: 3
Compressed class space size: 1073741824 Address: 0x0000000100000000

Heap:
 garbage-first heap   total 120832K, used 22123K [0x00000000e0000000, 0x0000000100000000)
  region size 1024K, 14 young (14336K), 9 survivors (9216K)
 Metaspace       used 44234K, capacity 45665K, committed 45872K, reserved 1089536K
  class space    used 5422K, capacity 6014K, committed 6016K, reserved 1048576K
Heap Regions: E=young(eden), S=young(survivor), O=old, HS=humongous(starts), HC=humongous(continues), CS=collection set, F=free, A=archive, TAMS=top-at-mark-start (previous, next)
|   0|0x00000000e0000000, 0x00000000e0100000, 0x00000000e0100000|100%|HS|  |TAMS 0x00000000e0100000, 0x00000000e0000000| Complete 
|   1|0x00000000e0100000, 0x00000000e0200000, 0x00000000e0200000|100%| O|  |TAMS 0x00000000e0200000, 0x00000000e0100000| Untracked 
|   2|0x00000000e0200000, 0x00000000e0300000, 0x00000000e0300000|100%| O|  |TAMS 0x00000000e0300000, 0x00000000e0200000| Untracked 
|   3|0x00000000e0300000, 0x00000000e0400000, 0x00000000e0400000|100%| O|  |TAMS 0x00000000e0400000, 0x00000000e0300000| Untracked 
|   4|0x00000000e0400000, 0x00000000e0500000, 0x00000000e0500000|100%| O|  |TAMS 0x00000000e0500000, 0x00000000e0400000| Untracked 
|   5|0x00000000e0500000, 0x00000000e0600000, 0x00000000e0600000|100%| O|  |TAMS 0x00000000e0600000, 0x00000000e0500000| Untracked 
|   6|0x00000000e0600000, 0x00000000e0700000, 0x00000000e0700000|100%| O|  |TAMS 0x00000000e0700000, 0x00000000e0600000| Untracked 
|   7|0x00000000e0700000, 0x00000000e0800000, 0x00000000e0800000|100%| O|  |TAMS 0x00000000e0800000, 0x00000000e0700000| Untracked 
|   8|0x00000000e0800000, 0x00000000e0900000, 0x00000000e0900000|100%| O|  |TAMS 0x00000000e0900000, 0x00000000e0800000| Untracked 
|   9|0x00000000e0900000, 0x00000000e0a00000, 0x00000000e0a00000|100%| O|  |TAMS 0x00000000e0a00000, 0x00000000e0900000| Untracked 
|  10|0x00000000e0a00000, 0x00000000e0a09a00, 0x00000000e0b00000|  3%| O|  |TAMS 0x00000000e0a09a00, 0x00000000e0a00000| Untracked 
|  11|0x00000000e0b00000, 0x00000000e0b00000, 0x00000000e0c00000|  0%| F|  |TAMS 0x00000000e0b00000, 0x00000000e0b00000| Untracked 
|  12|0x00000000e0c00000, 0x00000000e0c00000, 0x00000000e0d00000|  0%| F|  |TAMS 0x00000000e0c00000, 0x00000000e0c00000| Untracked 
|  13|0x00000000e0d00000, 0x00000000e0d00000, 0x00000000e0e00000|  0%| F|  |TAMS 0x00000000e0d00000, 0x00000000e0d00000| Untracked 
|  14|0x00000000e0e00000, 0x00000000e0e00000, 0x00000000e0f00000|  0%| F|  |TAMS 0x00000000e0e00000, 0x00000000e0e00000| Untracked 
|  15|0x00000000e0f00000, 0x00000000e0f00000, 0x00000000e1000000|  0%| F|  |TAMS 0x00000000e0f00000, 0x00000000e0f00000| Untracked 
|  16|0x00000000e1000000, 0x00000000e1000000, 0x00000000e1100000|  0%| F|  |TAMS 0x00000000e1000000, 0x00000000e1000000| Untracked 
|  17|0x00000000e1100000, 0x00000000e1100000, 0x00000000e1200000|  0%| F|  |TAMS 0x00000000e1100000, 0x00000000e1100000| Untracked 
|  18|0x00000000e1200000, 0x00000000e1200000, 0x00000000e1300000|  0%| F|  |TAMS 0x00000000e1200000, 0x00000000e1200000| Untracked 
|  19|0x00000000e1300000, 0x00000000e1300000, 0x00000000e1400000|  0%| F|  |TAMS 0x00000000e1300000, 0x00000000e1300000| Untracked 
|  20|0x00000000e1400000, 0x00000000e1400000, 0x00000000e1500000|  0%| F|  |TAMS 0x00000000e1400000, 0x00000000e1400000| Untracked 
|  21|0x00000000e1500000, 0x00000000e1500000, 0x00000000e1600000|  0%| F|  |TAMS 0x00000000e1500000, 0x00000000e1500000| Untracked 
|  22|0x00000000e1600000, 0x00000000e1600000, 0x00000000e1700000|  0%| F|  |TAMS 0x00000000e1600000, 0x00000000e1600000| Untracked 
|  23|0x00000000e1700000, 0x00000000e1700000, 0x00000000e1800000|  0%| F|  |TAMS 0x00000000e1700000, 0x00000000e1700000| Untracked 
|  24|0x00000000e1800000, 0x00000000e1800000, 0x00000000e1900000|  0%| F|  |TAMS 0x00000000e1800000, 0x00000000e1800000| Untracked 
|  25|0x00000000e1900000, 0x00000000e1900000, 0x00000000e1a00000|  0%| F|  |TAMS 0x00000000e1900000, 0x00000000e1900000| Untracked 
|  26|0x00000000e1a00000, 0x00000000e1a00000, 0x00000000e1b00000|  0%| F|  |TAMS 0x00000000e1a00000, 0x00000000e1a00000| Untracked 
|  27|0x00000000e1b00000, 0x00000000e1b00000, 0x00000000e1c00000|  0%| F|  |TAMS 0x00000000e1b00000, 0x00000000e1b00000| Untracked 
|  28|0x00000000e1c00000, 0x00000000e1c00000, 0x00000000e1d00000|  0%| F|  |TAMS 0x00000000e1c00000, 0x00000000e1c00000| Untracked 
|  29|0x00000000e1d00000, 0x00000000e1d00000, 0x00000000e1e00000|  0%| F|  |TAMS 0x00000000e1d00000, 0x00000000e1d00000| Untracked 
|  30|0x00000000e1e00000, 0x00000000e1e00000, 0x00000000e1f00000|  0%| F|  |TAMS 0x00000000e1e00000, 0x00000000e1e00000| Untracked 
|  31|0x00000000e1f00000, 0x00000000e1f00000, 0x00000000e2000000|  0%| F|  |TAMS 0x00000000e1f00000, 0x00000000e1f00000| Untracked 
|  32|0x00000000e2000000, 0x00000000e2000000, 0x00000000e2100000|  0%| F|  |TAMS 0x00000000e2000000, 0x00000000e2000000| Untracked 
|  33|0x00000000e2100000, 0x00000000e2100000, 0x00000000e2200000|  0%| F|  |TAMS 0x00000000e2100000, 0x00000000e2100000| Untracked 
|  34|0x00000000e2200000, 0x00000000e2200000, 0x00000000e2300000|  0%| F|  |TAMS 0x00000000e2200000, 0x00000000e2200000| Untracked 
|  35|0x00000000e2300000, 0x00000000e2300000, 0x00000000e2400000|  0%| F|  |TAMS 0x00000000e2300000, 0x00000000e2300000| Untracked 
|  36|0x00000000e2400000, 0x00000000e2400000, 0x00000000e2500000|  0%| F|  |TAMS 0x00000000e2400000, 0x00000000e2400000| Untracked 
|  37|0x00000000e2500000, 0x00000000e2500000, 0x00000000e2600000|  0%| F|  |TAMS 0x00000000e2500000, 0x00000000e2500000| Untracked 
|  38|0x00000000e2600000, 0x00000000e2600000, 0x00000000e2700000|  0%| F|  |TAMS 0x00000000e2600000, 0x00000000e2600000| Untracked 
|  39|0x00000000e2700000, 0x00000000e2791300, 0x00000000e2800000| 56%| S|CS|TAMS 0x00000000e2700000, 0x00000000e2700000| Complete 
|  40|0x00000000e2800000, 0x00000000e2900000, 0x00000000e2900000|100%| S|CS|TAMS 0x00000000e2800000, 0x00000000e2800000| Complete 
|  41|0x00000000e2900000, 0x00000000e2a00000, 0x00000000e2a00000|100%| S|CS|TAMS 0x00000000e2900000, 0x00000000e2900000| Complete 
|  42|0x00000000e2a00000, 0x00000000e2b00000, 0x00000000e2b00000|100%| S|CS|TAMS 0x00000000e2a00000, 0x00000000e2a00000| Complete 
|  43|0x00000000e2b00000, 0x00000000e2c00000, 0x00000000e2c00000|100%| S|CS|TAMS 0x00000000e2b00000, 0x00000000e2b00000| Complete 
|  44|0x00000000e2c00000, 0x00000000e2d00000, 0x00000000e2d00000|100%| S|CS|TAMS 0x00000000e2c00000, 0x00000000e2c00000| Complete 
|  45|0x00000000e2d00000, 0x00000000e2e00000, 0x00000000e2e00000|100%| S|CS|TAMS 0x00000000e2d00000, 0x00000000e2d00000| Complete 
|  46|0x00000000e2e00000, 0x00000000e2f00000, 0x00000000e2f00000|100%| S|CS|TAMS 0x00000000e2e00000, 0x00000000e2e00000| Complete 
|  47|0x00000000e2f00000, 0x00000000e3000000, 0x00000000e3000000|100%| S|CS|TAMS 0x00000000e2f00000, 0x00000000e2f00000| Complete 
|  48|0x00000000e3000000, 0x00000000e3000000, 0x00000000e3100000|  0%| F|  |TAMS 0x00000000e3000000, 0x00000000e3000000| Untracked 
|  49|0x00000000e3100000, 0x00000000e3100000, 0x00000000e3200000|  0%| F|  |TAMS 0x00000000e3100000, 0x00000000e3100000| Untracked 
|  50|0x00000000e3200000, 0x00000000e3200000, 0x00000000e3300000|  0%| F|  |TAMS 0x00000000e3200000, 0x00000000e3200000| Untracked 
|  51|0x00000000e3300000, 0x00000000e3300000, 0x00000000e3400000|  0%| F|  |TAMS 0x00000000e3300000, 0x00000000e3300000| Untracked 
|  52|0x00000000e3400000, 0x00000000e3400000, 0x00000000e3500000|  0%| F|  |TAMS 0x00000000e3400000, 0x00000000e3400000| Untracked 
|  53|0x00000000e3500000, 0x00000000e3500000, 0x00000000e3600000|  0%| F|  |TAMS 0x00000000e3500000, 0x00000000e3500000| Untracked 
|  54|0x00000000e3600000, 0x00000000e3600000, 0x00000000e3700000|  0%| F|  |TAMS 0x00000000e3600000, 0x00000000e3600000| Untracked 
|  55|0x00000000e3700000, 0x00000000e3700000, 0x00000000e3800000|  0%| F|  |TAMS 0x00000000e3700000, 0x00000000e3700000| Untracked 
|  56|0x00000000e3800000, 0x00000000e3800000, 0x00000000e3900000|  0%| F|  |TAMS 0x00000000e3800000, 0x00000000e3800000| Untracked 
|  57|0x00000000e3900000, 0x00000000e3900000, 0x00000000e3a00000|  0%| F|  |TAMS 0x00000000e3900000, 0x00000000e3900000| Untracked 
|  58|0x00000000e3a00000, 0x00000000e3a00000, 0x00000000e3b00000|  0%| F|  |TAMS 0x00000000e3a00000, 0x00000000e3a00000| Untracked 
|  59|0x00000000e3b00000, 0x00000000e3b00000, 0x00000000e3c00000|  0%| F|  |TAMS 0x00000000e3b00000, 0x00000000e3b00000| Untracked 
|  60|0x00000000e3c00000, 0x00000000e3c00000, 0x00000000e3d00000|  0%| F|  |TAMS 0x00000000e3c00000, 0x00000000e3c00000| Untracked 
|  61|0x00000000e3d00000, 0x00000000e3d00000, 0x00000000e3e00000|  0%| F|  |TAMS 0x00000000e3d00000, 0x00000000e3d00000| Untracked 
|  62|0x00000000e3e00000, 0x00000000e3e00000, 0x00000000e3f00000|  0%| F|  |TAMS 0x00000000e3e00000, 0x00000000e3e00000| Untracked 
|  63|0x00000000e3f00000, 0x00000000e3f00000, 0x00000000e4000000|  0%| F|  |TAMS 0x00000000e3f00000, 0x00000000e3f00000| Untracked 
|  64|0x00000000e4000000, 0x00000000e4000000, 0x00000000e4100000|  0%| F|  |TAMS 0x00000000e4000000, 0x00000000e4000000| Untracked 
|  65|0x00000000e4100000, 0x00000000e4100000, 0x00000000e4200000|  0%| F|  |TAMS 0x00000000e4100000, 0x00000000e4100000| Untracked 
|  66|0x00000000e4200000, 0x00000000e4200000, 0x00000000e4300000|  0%| F|  |TAMS 0x00000000e4200000, 0x00000000e4200000| Untracked 
|  67|0x00000000e4300000, 0x00000000e4300000, 0x00000000e4400000|  0%| F|  |TAMS 0x00000000e4300000, 0x00000000e4300000| Untracked 
|  68|0x00000000e4400000, 0x00000000e4400000, 0x00000000e4500000|  0%| F|  |TAMS 0x00000000e4400000, 0x00000000e4400000| Untracked 
|  69|0x00000000e4500000, 0x00000000e4500000, 0x00000000e4600000|  0%| F|  |TAMS 0x00000000e4500000, 0x00000000e4500000| Untracked 
|  70|0x00000000e4600000, 0x00000000e4600000, 0x00000000e4700000|  0%| F|  |TAMS 0x00000000e4600000, 0x00000000e4600000| Untracked 
|  71|0x00000000e4700000, 0x00000000e4700000, 0x00000000e4800000|  0%| F|  |TAMS 0x00000000e4700000, 0x00000000e4700000| Untracked 
|  72|0x00000000e4800000, 0x00000000e4800000, 0x00000000e4900000|  0%| F|  |TAMS 0x00000000e4800000, 0x00000000e4800000| Untracked 
|  73|0x00000000e4900000, 0x00000000e4900000, 0x00000000e4a00000|  0%| F|  |TAMS 0x00000000e4900000, 0x00000000e4900000| Untracked 
|  74|0x00000000e4a00000, 0x00000000e4a00000, 0x00000000e4b00000|  0%| F|  |TAMS 0x00000000e4a00000, 0x00000000e4a00000| Untracked 
|  75|0x00000000e4b00000, 0x00000000e4b00000, 0x00000000e4c00000|  0%| F|  |TAMS 0x00000000e4b00000, 0x00000000e4b00000| Untracked 
|  76|0x00000000e4c00000, 0x00000000e4c00000, 0x00000000e4d00000|  0%| F|  |TAMS 0x00000000e4c00000, 0x00000000e4c00000| Untracked 
|  77|0x00000000e4d00000, 0x00000000e4d00000, 0x00000000e4e00000|  0%| F|  |TAMS 0x00000000e4d00000, 0x00000000e4d00000| Untracked 
|  78|0x00000000e4e00000, 0x00000000e4e00000, 0x00000000e4f00000|  0%| F|  |TAMS 0x00000000e4e00000, 0x00000000e4e00000| Untracked 
|  79|0x00000000e4f00000, 0x00000000e4f00000, 0x00000000e5000000|  0%| F|  |TAMS 0x00000000e4f00000, 0x00000000e4f00000| Untracked 
|  80|0x00000000e5000000, 0x00000000e5000000, 0x00000000e5100000|  0%| F|  |TAMS 0x00000000e5000000, 0x00000000e5000000| Untracked 
|  81|0x00000000e5100000, 0x00000000e5100000, 0x00000000e5200000|  0%| F|  |TAMS 0x00000000e5100000, 0x00000000e5100000| Untracked 
|  82|0x00000000e5200000, 0x00000000e5200000, 0x00000000e5300000|  0%| F|  |TAMS 0x00000000e5200000, 0x00000000e5200000| Untracked 
|  83|0x00000000e5300000, 0x00000000e5300000, 0x00000000e5400000|  0%| F|  |TAMS 0x00000000e5300000, 0x00000000e5300000| Untracked 
|  84|0x00000000e5400000, 0x00000000e5400000, 0x00000000e5500000|  0%| F|  |TAMS 0x00000000e5400000, 0x00000000e5400000| Untracked 
|  85|0x00000000e5500000, 0x00000000e5500000, 0x00000000e5600000|  0%| F|  |TAMS 0x00000000e5500000, 0x00000000e5500000| Untracked 
|  86|0x00000000e5600000, 0x00000000e5600000, 0x00000000e5700000|  0%| F|  |TAMS 0x00000000e5600000, 0x00000000e5600000| Untracked 
|  87|0x00000000e5700000, 0x00000000e5700000, 0x00000000e5800000|  0%| F|  |TAMS 0x00000000e5700000, 0x00000000e5700000| Untracked 
|  88|0x00000000e5800000, 0x00000000e5800000, 0x00000000e5900000|  0%| F|  |TAMS 0x00000000e5800000, 0x00000000e5800000| Untracked 
|  89|0x00000000e5900000, 0x00000000e5900000, 0x00000000e5a00000|  0%| F|  |TAMS 0x00000000e5900000, 0x00000000e5900000| Untracked 
|  90|0x00000000e5a00000, 0x00000000e5a00000, 0x00000000e5b00000|  0%| F|  |TAMS 0x00000000e5a00000, 0x00000000e5a00000| Untracked 
|  91|0x00000000e5b00000, 0x00000000e5b00000, 0x00000000e5c00000|  0%| F|  |TAMS 0x00000000e5b00000, 0x00000000e5b00000| Untracked 
|  92|0x00000000e5c00000, 0x00000000e5c00000, 0x00000000e5d00000|  0%| F|  |TAMS 0x00000000e5c00000, 0x00000000e5c00000| Untracked 
|  93|0x00000000e5d00000, 0x00000000e5d00000, 0x00000000e5e00000|  0%| F|  |TAMS 0x00000000e5d00000, 0x00000000e5d00000| Untracked 
|  94|0x00000000e5e00000, 0x00000000e5e00000, 0x00000000e5f00000|  0%| F|  |TAMS 0x00000000e5e00000, 0x00000000e5e00000| Untracked 
|  95|0x00000000e5f00000, 0x00000000e5f00000, 0x00000000e6000000|  0%| F|  |TAMS 0x00000000e5f00000, 0x00000000e5f00000| Untracked 
|  96|0x00000000e6000000, 0x00000000e6000000, 0x00000000e6100000|  0%| F|  |TAMS 0x00000000e6000000, 0x00000000e6000000| Untracked 
|  97|0x00000000e6100000, 0x00000000e6100000, 0x00000000e6200000|  0%| F|  |TAMS 0x00000000e6100000, 0x00000000e6100000| Untracked 
|  98|0x00000000e6200000, 0x00000000e6200000, 0x00000000e6300000|  0%| F|  |TAMS 0x00000000e6200000, 0x00000000e6200000| Untracked 
|  99|0x00000000e6300000, 0x00000000e6300000, 0x00000000e6400000|  0%| F|  |TAMS 0x00000000e6300000, 0x00000000e6300000| Untracked 
| 100|0x00000000e6400000, 0x00000000e6400000, 0x00000000e6500000|  0%| F|  |TAMS 0x00000000e6400000, 0x00000000e6400000| Untracked 
| 101|0x00000000e6500000, 0x00000000e6500000, 0x00000000e6600000|  0%| F|  |TAMS 0x00000000e6500000, 0x00000000e6500000| Untracked 
| 102|0x00000000e6600000, 0x00000000e6600000, 0x00000000e6700000|  0%| F|  |TAMS 0x00000000e6600000, 0x00000000e6600000| Untracked 
| 103|0x00000000e6700000, 0x00000000e6700000, 0x00000000e6800000|  0%| F|  |TAMS 0x00000000e6700000, 0x00000000e6700000| Untracked 
| 104|0x00000000e6800000, 0x00000000e6800000, 0x00000000e6900000|  0%| F|  |TAMS 0x00000000e6800000, 0x00000000e6800000| Untracked 
| 105|0x00000000e6900000, 0x00000000e6900000, 0x00000000e6a00000|  0%| F|  |TAMS 0x00000000e6900000, 0x00000000e6900000| Untracked 
| 106|0x00000000e6a00000, 0x00000000e6a00000, 0x00000000e6b00000|  0%| F|  |TAMS 0x00000000e6a00000, 0x00000000e6a00000| Untracked 
| 107|0x00000000e6b00000, 0x00000000e6b00000, 0x00000000e6c00000|  0%| F|  |TAMS 0x00000000e6b00000, 0x00000000e6b00000| Untracked 
| 108|0x00000000e6c00000, 0x00000000e6c00000, 0x00000000e6d00000|  0%| F|  |TAMS 0x00000000e6c00000, 0x00000000e6c00000| Untracked 
| 109|0x00000000e6d00000, 0x00000000e6d00000, 0x00000000e6e00000|  0%| F|  |TAMS 0x00000000e6d00000, 0x00000000e6d00000| Untracked 
| 110|0x00000000e6e00000, 0x00000000e6e00000, 0x00000000e6f00000|  0%| F|  |TAMS 0x00000000e6e00000, 0x00000000e6e00000| Untracked 
| 111|0x00000000e6f00000, 0x00000000e6f00000, 0x00000000e7000000|  0%| F|  |TAMS 0x00000000e6f00000, 0x00000000e6f00000| Untracked 
| 112|0x00000000e7000000, 0x00000000e7080800, 0x00000000e7100000| 50%| E|  |TAMS 0x00000000e7000000, 0x00000000e7000000| Complete 
| 113|0x00000000e7100000, 0x00000000e7200000, 0x00000000e7200000|100%| E|CS|TAMS 0x00000000e7100000, 0x00000000e7100000| Complete 
| 114|0x00000000e7200000, 0x00000000e7300000, 0x00000000e7300000|100%| E|CS|TAMS 0x00000000e7200000, 0x00000000e7200000| Complete 
| 115|0x00000000e7300000, 0x00000000e7400000, 0x00000000e7400000|100%| E|  |TAMS 0x00000000e7300000, 0x00000000e7300000| Complete 
| 116|0x00000000e7400000, 0x00000000e7500000, 0x00000000e7500000|100%| E|CS|TAMS 0x00000000e7400000, 0x00000000e7400000| Complete 
| 117|0x00000000e7500000, 0x00000000e7600000, 0x00000000e7600000|100%| E|CS|TAMS 0x00000000e7500000, 0x00000000e7500000| Complete 

Card table byte_map: [0x00000242d85d0000,0x00000242d86d0000] _byte_map_base: 0x00000242d7ed0000

Marking Bits (Prev, Next): (CMBitMap*) 0x00000242c1d344a8, (CMBitMap*) 0x00000242c1d344e0
 Prev Bits: [0x00000242d87d0000, 0x00000242d8fd0000)
 Next Bits: [0x00000242d8fd0000, 0x00000242d97d0000)

Polling page: 0x00000242bfca0000

Metaspace:

Usage:
  Non-class:     38.72 MB capacity,    37.92 MB ( 98%) used,   668.29 KB (  2%) free+waste,   156.56 KB ( <1%) overhead. 
      Class:      5.87 MB capacity,     5.30 MB ( 90%) used,   509.34 KB (  8%) free+waste,    79.69 KB (  1%) overhead. 
       Both:     44.59 MB capacity,    43.21 MB ( 97%) used,     1.15 MB (  3%) free+waste,   236.25 KB ( <1%) overhead. 

Virtual space:
  Non-class space:       40.00 MB reserved,      38.92 MB ( 97%) committed 
      Class space:        1.00 GB reserved,       5.88 MB ( <1%) committed 
             Both:        1.04 GB reserved,      44.80 MB (  4%) committed 

Chunk freelists:
   Non-Class:  1.63 KB
       Class:  256 bytes
        Both:  1.88 KB

CodeHeap 'non-profiled nmethods': size=120064Kb used=2136Kb max_used=2136Kb free=117927Kb
 bounds [0x00000242d0e80000, 0x00000242d10f0000, 0x00000242d83c0000]
CodeHeap 'profiled nmethods': size=120000Kb used=8926Kb max_used=8926Kb free=111074Kb
 bounds [0x00000242c9950000, 0x00000242ca210000, 0x00000242d0e80000]
CodeHeap 'non-nmethods': size=5696Kb used=1181Kb max_used=1230Kb free=4514Kb
 bounds [0x00000242c93c0000, 0x00000242c9630000, 0x00000242c9950000]
 total_blobs=4413 nmethods=3877 adapters=447
 compilation: enabled
              stopped_count=0, restarted_count=0
 full_count=0

Compilation events (10 events):
Event: 7.932 Thread 0x00000242dc002800 3871       1       org.h2.command.Token$IdentifierToken::asIdentifier (5 bytes)
Event: 7.932 Thread 0x00000242dc002800 nmethod 3871 0x00000242d1082e10 code [0x00000242d1082fa0, 0x00000242d1083058]
Event: 7.932 Thread 0x00000242dc002800 3872       1       org.h2.command.Token$IdentifierToken::isQuoted (5 bytes)
Event: 7.932 Thread 0x00000242dc002800 nmethod 3872 0x00000242d1083110 code [0x00000242d10832a0, 0x00000242d1083358]
Event: 7.932 Thread 0x00000242dc002800 3875       3       java.time.Instant::now (7 bytes)
Event: 7.932 Thread 0x00000242dc002800 nmethod 3875 0x00000242ca204610 code [0x00000242ca2047c0, 0x00000242ca204928]
Event: 7.932 Thread 0x00000242dc002800 3876       3       java.time.Clock::systemUTC (4 bytes)
Event: 7.932 Thread 0x00000242dc002800 nmethod 3876 0x00000242ca204a10 code [0x00000242ca204ba0, 0x00000242ca204c98]
Event: 7.932 Thread 0x00000242dc002800 3873       1       org.h2.engine.SessionLocal::getDatabase (5 bytes)
Event: 7.932 Thread 0x00000242dc002800 nmethod 3873 0x00000242d1083410 code [0x00000242d10835a0, 0x00000242d1083658]

GC Heap History (10 events):
Event: 3.448 GC heap before
{Heap before GC invocations=2 (full 0):
 garbage-first heap   total 120832K, used 37176K [0x00000000e0000000, 0x0000000100000000)
  region size 1024K, 29 young (29696K), 1 survivors (1024K)
 Metaspace       used 20432K, capacity 21115K, committed 21296K, reserved 1069056K
  class space    used 2338K, capacity 2609K, committed 2688K, reserved 1048576K
}
Event: 3.453 GC heap after
{Heap after GC invocations=3 (full 0):
 garbage-first heap   total 120832K, used 10563K [0x00000000e0000000, 0x0000000100000000)
  region size 1024K, 2 young (2048K), 2 survivors (2048K)
 Metaspace       used 20432K, capacity 21115K, committed 21296K, reserved 1069056K
  class space    used 2338K, capacity 2609K, committed 2688K, reserved 1048576K
}
Event: 4.707 GC heap before
{Heap before GC invocations=4 (full 0):
 garbage-first heap   total 120832K, used 54595K [0x00000000e0000000, 0x0000000100000000)
  region size 1024K, 45 young (46080K), 2 survivors (2048K)
 Metaspace       used 26802K, capacity 27776K, committed 27952K, reserved 1073152K
  class space    used 3225K, capacity 3616K, committed 3712K, reserved 1048576K
}
Event: 4.711 GC heap after
{Heap after GC invocations=5 (full 0):
 garbage-first heap   total 120832K, used 12160K [0x00000000e0000000, 0x0000000100000000)
  region size 1024K, 4 young (4096K), 4 survivors (4096K)
 Metaspace       used 26802K, capacity 27776K, committed 27952K, reserved 1073152K
  class space    used 3225K, capacity 3616K, committed 3712K, reserved 1048576K
}
Event: 5.598 GC heap before
{Heap before GC invocations=5 (full 0):
 garbage-first heap   total 120832K, used 65408K [0x00000000e0000000, 0x0000000100000000)
  region size 1024K, 56 young (57344K), 4 survivors (4096K)
 Metaspace       used 32369K, capacity 33524K, committed 33840K, reserved 1079296K
  class space    used 3928K, capacity 4409K, committed 4480K, reserved 1048576K
}
Event: 5.603 GC heap after
{Heap after GC invocations=6 (full 0):
 garbage-first heap   total 120832K, used 14152K [0x00000000e0000000, 0x0000000100000000)
  region size 1024K, 6 young (6144K), 6 survivors (6144K)
 Metaspace       used 32369K, capacity 33524K, committed 33840K, reserved 1079296K
  class space    used 3928K, capacity 4409K, committed 4480K, reserved 1048576K
}
Event: 6.344 GC heap before
{Heap before GC invocations=6 (full 0):
 garbage-first heap   total 120832K, used 40776K [0x00000000e0000000, 0x0000000100000000)
  region size 1024K, 33 young (33792K), 6 survivors (6144K)
 Metaspace       used 34635K, capacity 35788K, committed 35888K, reserved 1081344K
  class space    used 4232K, capacity 4711K, committed 4736K, reserved 1048576K
}
Event: 6.353 GC heap after
{Heap after GC invocations=7 (full 0):
 garbage-first heap   total 120832K, used 15136K [0x00000000e0000000, 0x0000000100000000)
  region size 1024K, 5 young (5120K), 5 survivors (5120K)
 Metaspace       used 34635K, capacity 35788K, committed 35888K, reserved 1081344K
  class space    used 4232K, capacity 4711K, committed 4736K, reserved 1048576K
}
Event: 7.870 GC heap before
{Heap before GC invocations=8 (full 0):
 garbage-first heap   total 120832K, used 80672K [0x00000000e0000000, 0x0000000100000000)
  region size 1024K, 70 young (71680K), 5 survivors (5120K)
 Metaspace       used 43434K, capacity 44792K, committed 45104K, reserved 1089536K
  class space    used 5353K, capacity 5916K, committed 6016K, reserved 1048576K
}
Event: 7.877 GC heap after
{Heap after GC invocations=9 (full 0):
 garbage-first heap   total 120832K, used 19051K [0x00000000e0000000, 0x0000000100000000)
  region size 1024K, 9 young (9216K), 9 survivors (9216K)
 Metaspace       used 43434K, capacity 44792K, committed 45104K, reserved 1089536K
  class space    used 5353K, capacity 5916K, committed 6016K, reserved 1048576K
}

Deoptimization events (10 events):
Event: 7.681 Thread 0x00000242c1d10800 Uncommon trap: reason=unstable_if action=reinterpret pc=0x00000242d0f94bb8 method=sun.net.www.ParseUtil.firstEncodeIndex(Ljava/lang/String;)I @ 51 c2
Event: 7.681 Thread 0x00000242c1d10800 Uncommon trap: reason=unstable_if action=reinterpret pc=0x00000242d0ee1888 method=sun.net.www.ParseUtil.firstEncodeIndex(Ljava/lang/String;)I @ 51 c2
Event: 7.814 Thread 0x00000242c1d10800 Uncommon trap: reason=profile_predicate action=maybe_recompile pc=0x00000242d1061e24 method=java.lang.PublicMethods$MethodList.filter([Ljava/lang/reflect/Method;Ljava/lang/String;[Ljava/lang/Class;Z)Ljava/lang/PublicMethods$MethodList; @ 21 c2
Event: 7.814 Thread 0x00000242c1d10800 Uncommon trap: reason=profile_predicate action=maybe_recompile pc=0x00000242d1061e24 method=java.lang.PublicMethods$MethodList.filter([Ljava/lang/reflect/Method;Ljava/lang/String;[Ljava/lang/Class;Z)Ljava/lang/PublicMethods$MethodList; @ 21 c2
Event: 7.814 Thread 0x00000242c1d10800 Uncommon trap: reason=profile_predicate action=maybe_recompile pc=0x00000242d1061e24 method=java.lang.PublicMethods$MethodList.filter([Ljava/lang/reflect/Method;Ljava/lang/String;[Ljava/lang/Class;Z)Ljava/lang/PublicMethods$MethodList; @ 21 c2
Event: 7.814 Thread 0x00000242c1d10800 Uncommon trap: reason=profile_predicate action=maybe_recompile pc=0x00000242d1061e24 method=java.lang.PublicMethods$MethodList.filter([Ljava/lang/reflect/Method;Ljava/lang/String;[Ljava/lang/Class;Z)Ljava/lang/PublicMethods$MethodList; @ 21 c2
Event: 7.839 Thread 0x00000242c1d10800 Uncommon trap: reason=null_check action=make_not_entrant pc=0x00000242d0fff910 method=org.springframework.beans.factory.support.DefaultListableBeanFactory.getBeanDefinition(Ljava/lang/String;)Lorg/springframework/beans/factory/config/BeanDefinition; @ 10 
Event: 7.907 Thread 0x00000242c1d10800 Uncommon trap: reason=unstable_if action=reinterpret pc=0x00000242d0f36bf4 method=java.util.zip.ZipFile$Source.getEntryPos([BZ)I @ 145 c2
Event: 7.907 Thread 0x00000242c1d10800 Uncommon trap: reason=unstable_if action=reinterpret pc=0x00000242d0f853f8 method=java.net.URL.<init>(Ljava/net/URL;Ljava/lang/String;Ljava/net/URLStreamHandler;)V @ 57 c2
Event: 7.907 Thread 0x00000242c1d10800 Uncommon trap: reason=unstable_if action=reinterpret pc=0x00000242d0f80390 method=java.net.URLStreamHandler.parseURL(Ljava/net/URL;Ljava/lang/String;II)V @ 57 c2

Classes redefined (0 events):
No events

Internal exceptions (10 events):
Event: 7.868 Thread 0x00000242c1d10800 Exception <a 'java/lang/ClassNotFoundException'{0x00000000e30e7fb8}: org/springframework/beans/factory/BeanClassLoaderAwareCustomizer> (0x00000000e30e7fb8) thrown at [./open/src/hotspot/share/classfile/systemDictionary.cpp, line 226]
Event: 7.869 Thread 0x00000242c1d10800 Exception <a 'java/lang/ClassNotFoundException'{0x00000000e30fc790}: org/springframework/beans/factory/AwareCustomizer> (0x00000000e30fc790) thrown at [./open/src/hotspot/share/classfile/systemDictionary.cpp, line 226]
Event: 7.878 Thread 0x00000242c1d10800 Exception <a 'java/lang/ClassNotFoundException'{0x00000000e75125a8}: org/springframework/beans/factory/BeanFactoryAwareCustomizer> (0x00000000e75125a8) thrown at [./open/src/hotspot/share/classfile/systemDictionary.cpp, line 226]
Event: 7.879 Thread 0x00000242c1d10800 Exception <a 'java/lang/ClassNotFoundException'{0x00000000e7527280}: org/springframework/beans/factory/AwareCustomizer> (0x00000000e7527280) thrown at [./open/src/hotspot/share/classfile/systemDictionary.cpp, line 226]
Event: 7.880 Thread 0x00000242c1d10800 Exception <a 'java/lang/ClassNotFoundException'{0x00000000e753c128}: org/springframework/beans/factory/BeanNameAwareCustomizer> (0x00000000e753c128) thrown at [./open/src/hotspot/share/classfile/systemDictionary.cpp, line 226]
Event: 7.881 Thread 0x00000242c1d10800 Exception <a 'java/lang/ClassNotFoundException'{0x00000000e7550cc0}: org/springframework/beans/factory/AwareCustomizer> (0x00000000e7550cc0) thrown at [./open/src/hotspot/share/classfile/systemDictionary.cpp, line 226]
Event: 7.882 Thread 0x00000242c1d10800 Exception <a 'java/lang/ClassNotFoundException'{0x00000000e7566638}: org/springframework/beans/factory/InitializingBeanCustomizer> (0x00000000e7566638) thrown at [./open/src/hotspot/share/classfile/systemDictionary.cpp, line 226]
Event: 7.884 Thread 0x00000242c1d10800 Exception <a 'java/lang/ClassNotFoundException'{0x00000000e757c1d0}: org/springframework/beans/factory/DisposableBeanCustomizer> (0x00000000e757c1d0) thrown at [./open/src/hotspot/share/classfile/systemDictionary.cpp, line 226]
Event: 7.885 Thread 0x00000242c1d10800 Exception <a 'java/lang/ClassNotFoundException'{0x00000000e7592f78}: org/springframework/orm/jpa/EntityManagerFactoryInfoCustomizer> (0x00000000e7592f78) thrown at [./open/src/hotspot/share/classfile/systemDictionary.cpp, line 226]
Event: 7.887 Thread 0x00000242c1d10800 Exception <a 'java/lang/ClassNotFoundException'{0x00000000e75b4f80}: org/springframework/dao/support/PersistenceExceptionTranslatorCustomizer> (0x00000000e75b4f80) thrown at [./open/src/hotspot/share/classfile/systemDictionary.cpp, line 226]

Events (10 events):
Event: 7.927 loading class org/jboss/logging/LoggingLocale
Event: 7.927 loading class org/jboss/logging/LoggingLocale done
Event: 7.929 loading class org/hibernate/internal/EntityManagerMessageLogger_$logger_ko_KR
Event: 7.929 loading class org/hibernate/internal/EntityManagerMessageLogger_$logger_ko_KR done
Event: 7.929 loading class org/hibernate/internal/EntityManagerMessageLogger_$logger_ko
Event: 7.929 loading class org/hibernate/internal/EntityManagerMessageLogger_$logger_ko done
Event: 7.930 loading class org/hibernate/internal/EntityManagerMessageLogger_$logger
Event: 7.930 loading class org/hibernate/internal/EntityManagerMessageLogger_$logger done
Event: 7.934 loading class org/jboss/logging/DelegatingBasicLogger
Event: 7.934 loading class org/jboss/logging/DelegatingBasicLogger done


Dynamic libraries:
0x00007ff6e31d0000 - 0x00007ff6e31df000 	C:\Program Files\Java\jdk-11.0.15.1\bin\java.exe
0x00007ff9a9790000 - 0x00007ff9a9988000 	C:\Windows\SYSTEM32\ntdll.dll
0x00007ff9a8df0000 - 0x00007ff9a8ead000 	C:\Windows\System32\KERNEL32.DLL
0x00007ff9a6f60000 - 0x00007ff9a7232000 	C:\Windows\System32\KERNELBASE.dll
0x00007ff9a76c0000 - 0x00007ff9a77c0000 	C:\Windows\System32\ucrtbase.dll
0x00007ff99ef90000 - 0x00007ff99efa8000 	C:\Program Files\Java\jdk-11.0.15.1\bin\jli.dll
0x00007ff997ea0000 - 0x00007ff997eb5000 	C:\Program Files\Java\jdk-11.0.15.1\bin\VCRUNTIME140.dll
0x00007ff9a8d40000 - 0x00007ff9a8dee000 	C:\Windows\System32\ADVAPI32.dll
0x00007ff9a80c0000 - 0x00007ff9a815e000 	C:\Windows\System32\msvcrt.dll
0x00007ff9a8ba0000 - 0x00007ff9a8c3c000 	C:\Windows\System32\sechost.dll
0x00007ff9a7ee0000 - 0x00007ff9a8005000 	C:\Windows\System32\RPCRT4.dll
0x00007ff9a7d40000 - 0x00007ff9a7edd000 	C:\Windows\System32\USER32.dll
0x00007ff9a73f0000 - 0x00007ff9a7412000 	C:\Windows\System32\win32u.dll
0x00007ff9a8f80000 - 0x00007ff9a8fab000 	C:\Windows\System32\GDI32.dll
0x00007ff9a72e0000 - 0x00007ff9a73ef000 	C:\Windows\System32\gdi32full.dll
0x00007ff9a7240000 - 0x00007ff9a72dd000 	C:\Windows\System32\msvcp_win.dll
0x00007ff9907a0000 - 0x00007ff990a3a000 	C:\Windows\WinSxS\amd64_microsoft.windows.common-controls_6595b64144ccf1df_6.0.19041.1110_none_60b5254171f9507e\COMCTL32.dll
0x00007ff99cee0000 - 0x00007ff99ceea000 	C:\Windows\SYSTEM32\VERSION.dll
0x00007ff9a94e0000 - 0x00007ff9a9510000 	C:\Windows\System32\IMM32.DLL
0x00007ff97cba0000 - 0x00007ff97cc3b000 	C:\Program Files\Java\jdk-11.0.15.1\bin\msvcp140.dll
0x00007ff958c30000 - 0x00007ff959746000 	C:\Program Files\Java\jdk-11.0.15.1\bin\server\jvm.dll
0x00007ff9a8ca0000 - 0x00007ff9a8ca8000 	C:\Windows\System32\PSAPI.DLL
0x00007ff98f190000 - 0x00007ff98f199000 	C:\Windows\SYSTEM32\WSOCK32.dll
0x00007ff99cef0000 - 0x00007ff99cf17000 	C:\Windows\SYSTEM32\WINMM.dll
0x00007ff9a8ad0000 - 0x00007ff9a8b3b000 	C:\Windows\System32\WS2_32.dll
0x00007ff9a4d60000 - 0x00007ff9a4d72000 	C:\Windows\SYSTEM32\kernel.appcore.dll
0x00007ff99f010000 - 0x00007ff99f020000 	C:\Program Files\Java\jdk-11.0.15.1\bin\verify.dll
0x00007ff99bea0000 - 0x00007ff99c084000 	C:\Windows\SYSTEM32\DBGHELP.DLL
0x00007ff996460000 - 0x00007ff99648c000 	C:\Windows\SYSTEM32\dbgcore.DLL
0x00007ff9a7580000 - 0x00007ff9a7602000 	C:\Windows\System32\bcryptPrimitives.dll
0x00007ff997e70000 - 0x00007ff997e98000 	C:\Program Files\Java\jdk-11.0.15.1\bin\java.dll
0x00007ff99da60000 - 0x00007ff99da6a000 	C:\Program Files\Java\jdk-11.0.15.1\bin\jimage.dll
0x00007ff997e20000 - 0x00007ff997e36000 	C:\Program Files\Java\jdk-11.0.15.1\bin\zip.dll
0x00007ff9a8160000 - 0x00007ff9a88a3000 	C:\Windows\System32\SHELL32.dll
0x00007ff9a4f60000 - 0x00007ff9a56f1000 	C:\Windows\SYSTEM32\windows.storage.dll
0x00007ff9a90d0000 - 0x00007ff9a9424000 	C:\Windows\System32\combase.dll
0x00007ff9a6890000 - 0x00007ff9a68c0000 	C:\Windows\SYSTEM32\Wldp.dll
0x00007ff9a96a0000 - 0x00007ff9a974d000 	C:\Windows\System32\SHCORE.dll
0x00007ff9a8c40000 - 0x00007ff9a8c95000 	C:\Windows\System32\shlwapi.dll
0x00007ff9a6de0000 - 0x00007ff9a6dff000 	C:\Windows\SYSTEM32\profapi.dll
0x00007ff997e00000 - 0x00007ff997e19000 	C:\Program Files\Java\jdk-11.0.15.1\bin\net.dll
0x00007ff99bbd0000 - 0x00007ff99bcdd000 	C:\Windows\SYSTEM32\WINHTTP.dll
0x00007ff9a6580000 - 0x00007ff9a65ea000 	C:\Windows\system32\mswsock.dll
0x00007ff997b40000 - 0x00007ff997b52000 	C:\Program Files\Java\jdk-11.0.15.1\bin\nio.dll
0x00007ff9a67f0000 - 0x00007ff9a6808000 	C:\Windows\SYSTEM32\CRYPTSP.dll
0x00007ff9a5ea0000 - 0x00007ff9a5ed4000 	C:\Windows\system32\rsaenh.dll
0x00007ff9a77c0000 - 0x00007ff9a77e7000 	C:\Windows\System32\bcrypt.dll
0x00007ff9a6d60000 - 0x00007ff9a6d8e000 	C:\Windows\SYSTEM32\USERENV.dll
0x00007ff9a67e0000 - 0x00007ff9a67ec000 	C:\Windows\SYSTEM32\CRYPTBASE.dll
0x00007ff9a6270000 - 0x00007ff9a62ab000 	C:\Windows\SYSTEM32\IPHLPAPI.DLL
0x00007ff9a8ac0000 - 0x00007ff9a8ac8000 	C:\Windows\System32\NSI.dll
0x00007ff99a5f0000 - 0x00007ff99a607000 	C:\Windows\SYSTEM32\dhcpcsvc6.DLL
0x00007ff99a780000 - 0x00007ff99a79d000 	C:\Windows\SYSTEM32\dhcpcsvc.DLL
0x00007ff9a62b0000 - 0x00007ff9a637a000 	C:\Windows\SYSTEM32\DNSAPI.dll
0x00007ff997b30000 - 0x00007ff997b39000 	C:\Program Files\Java\jdk-11.0.15.1\bin\management.dll
0x00007ff997b10000 - 0x00007ff997b1b000 	C:\Program Files\Java\jdk-11.0.15.1\bin\management_ext.dll
0x00007ff98b840000 - 0x00007ff98b857000 	C:\Windows\system32\napinsp.dll
0x00007ff98b820000 - 0x00007ff98b83b000 	C:\Windows\system32\pnrpnsp.dll
0x00007ff9a1890000 - 0x00007ff9a18a5000 	C:\Windows\system32\wshbth.dll
0x00007ff9a2690000 - 0x00007ff9a26ad000 	C:\Windows\system32\NLAapi.dll
0x00007ff98d540000 - 0x00007ff98d552000 	C:\Windows\System32\winrnr.dll
0x00007ff99e9a0000 - 0x00007ff99e9aa000 	C:\Windows\System32\rasadhlp.dll
0x00007ff997f20000 - 0x00007ff997fa0000 	C:\Windows\System32\fwpuclnt.dll

dbghelp: loaded successfully - version: 4.0.5 - missing functions: none
symbol engine: initialized successfully - sym options: 0x614 - pdb path: .;C:\Program Files\Java\jdk-11.0.15.1\bin;C:\Windows\SYSTEM32;C:\Windows\WinSxS\amd64_microsoft.windows.common-controls_6595b64144ccf1df_6.0.19041.1110_none_60b5254171f9507e;C:\Program Files\Java\jdk-11.0.15.1\bin\server

VM Arguments:
jvm_args: -Dorg.gradle.internal.worker.tmpdir=C:\z_yy\intellij\bookmanager\build\tmp\test\work -Dorg.gradle.native=false -Xmx512m -Dfile.encoding=UTF-8 -Duser.country=KR -Duser.language=ko -Duser.variant -ea 
java_command: worker.org.gradle.process.internal.worker.GradleWorkerMain 'Gradle Test Executor 13'
java_class_path (initial): C:\\Users\\self0\\.gradle\\caches\\7.5.1\\workerMain\\gradle-worker.jar;C:\\z_yy\\intellij\\bookmanager\\build\\classes\\java\\test;C:\\z_yy\\intellij\\bookmanager\\build\\resources\\test;C:\\z_yy\\intellij\\bookmanager\\build\\classes\\java\\main;C:\\z_yy\\intellij\\bookmanager\\build\\resources\\main;C:\\Users\\self0\\.gradle\\caches\\modules-2\\files-2.1\\org.springframework.boot\\spring-boot-starter-data-jpa\\2.7.5\\b83184467079d5b808fb2f9fbc858b1804975808\\spring-boot-starter-data-jpa-2.7.5.jar;C:\\Users\\self0\\.gradle\\caches\\modules-2\\files-2.1\\org.springframework.boot\\spring-boot-starter-web\\2.7.5\\bb4099d0466a62c3b11ab9323babca13bb430a2e\\spring-boot-starter-web-2.7.5.jar;C:\\Users\\self0\\.gradle\\caches\\modules-2\\files-2.1\\org.springframework.boot\\spring-boot-devtools\\2.7.5\\e8510bace48b6a516515aa140cdfd758ad5a47c\\spring-boot-devtools-2.7.5.jar;C:\\Users\\self0\\.gradle\\caches\\modules-2\\files-2.1\\com.h2database\\h2\\2.1.214\\d5c2005c9e3279201e12d4776c948578b16bf8b2\\h2-2.1.214.jar;C:\\Users\\self0\\.gradle\\caches\\modules-2\\files-2.1\\org.springframework.boot\\spring-boot-starter-test\\2.7.5\\f52fd19eda97bb76bb304f4734c3d654ecca0666\\spring-boot-starter-test-2.7.5.jar;C:\\Users\\self0\\.gradle\\caches\\modules-2\\files-2.1\\org.springframework.boot\\spring-boot-starter-aop\\2.7.5\\ea4b85395faaa3a382f2a582e4bf023d088d320e\\spring-boot-starter-aop-2.7.5.jar;C:\\Users\\self0\\.gradle\\caches\\modules-2\\files-2.1\\org.springframework.boot\\spring-boot-starter-jdbc\\2.7.5\\b57c3f8fb2fe235a8ff368755092371423bbc5b3\\spring-boot-starter-jdbc-2.7.5.jar;C:\\Users\\self0\\.gradle\\caches\\modules-2\\files-2.1\\jakarta.transaction\\jakarta.transaction-api\\1.3.3\\c4179d48720a1e87202115fbed6089bdc4195405\\jakarta.transaction-api-1.3.3.jar;C:\\Users\\self0\\.gradle\\caches\\modules-2\\files-2.1\\jakarta.persistence\\jakarta.persistence-api\\2.2.3\\8f6ea5daedc614f07a3654a455660145286f024e\\jakarta.persistence-api-2.2.3.jar
Launcher Type: SUN_STANDARD

[Global flags]
     intx CICompilerCount                          = 3                                         {product} {ergonomic}
     uint ConcGCThreads                            = 2                                         {product} {ergonomic}
     uint G1ConcRefinementThreads                  = 6                                         {product} {ergonomic}
   size_t G1HeapRegionSize                         = 1048576                                   {product} {ergonomic}
    uintx GCDrainStackTargetSize                   = 64                                        {product} {ergonomic}
   size_t InitialHeapSize                          = 123731968                                 {product} {ergonomic}
   size_t MarkStackSize                            = 4194304                                   {product} {ergonomic}
   size_t MaxHeapSize                              = 536870912                                 {product} {command line}
   size_t MaxNewSize                               = 321912832                                 {product} {ergonomic}
   size_t MinHeapDeltaBytes                        = 1048576                                   {product} {ergonomic}
    uintx NonNMethodCodeHeapSize                   = 5830732                                {pd product} {ergonomic}
    uintx NonProfiledCodeHeapSize                  = 122913754                              {pd product} {ergonomic}
    uintx ProfiledCodeHeapSize                     = 122913754                              {pd product} {ergonomic}
    uintx ReservedCodeCacheSize                    = 251658240                              {pd product} {ergonomic}
     bool SegmentedCodeCache                       = true                                      {product} {ergonomic}
     bool UseCompressedClassPointers               = true                                 {lp64_product} {ergonomic}
     bool UseCompressedOops                        = true                                 {lp64_product} {ergonomic}
     bool UseG1GC                                  = true                                      {product} {ergonomic}
     bool UseLargePagesIndividualAllocation        = false                                  {pd product} {ergonomic}

Logging:
Log output configuration:
 #0: stdout all=warning uptime,level,tags
 #1: stderr all=off uptime,level,tags

Environment Variables:
JAVA_HOME=C:\Program Files\Java\jdk-11.0.15.1
PATH=C:\Program Files\Common Files\Oracle\Java\javapath;C:\oraclexe\app\oracle\product\11.2.0\server\bin;C:\Program Files (x86)\Common Files\Oracle\Java\javapath;C:\Windows\system32;C:\Windows;C:\Windows\System32\Wbem;C:\Windows\System32\WindowsPowerShell\v1.0\;C:\Windows\System32\OpenSSH\;C:\Program Files\Java\jdk1.8.0_281\bin;C:\Program Files\Git\cmd;C:\Program Files\TortoiseGit\bin;C:\Program Files\dotnet\;C:\Users\self0\AppData\Local\Microsoft\WindowsApps;;C:\Users\self0\AppData\Local\Programs\Microsoft VS Code\bin;C:\Program Files\JetBrains\IntelliJ IDEA Community Edition 2022.1.3\bin;;C:\Program Files (x86)\ESTsoft\ALSee\x64
USERNAME=self0
OS=Windows_NT
PROCESSOR_IDENTIFIER=AMD64 Family 23 Model 96 Stepping 1, AuthenticAMD



---------------  S Y S T E M  ---------------

OS: Windows 10 , 64 bit Build 19041 (10.0.19041.1889)

CPU:total 6 (initial active 6) (6 cores per cpu, 1 threads per core) family 23 model 96 stepping 1 microcode 0x0, cmov, cx8, fxsr, mmx, sse, sse2, sse3, ssse3, sse4.1, sse4.2, popcnt, avx, avx2, aes, clmul, mmxext, 3dnowpref, lzcnt, sse4a, tsc, tscinvbit, tscinv, bmi1, bmi2, adx, sha, 

Memory: 4k page, system-wide physical 7549M (658M free)
TotalPageFile size 31101M (AvailPageFile size 17M)
current process WorkingSet (physical memory assigned to process): 246M, peak: 257M
current process commit charge ("private bytes"): 313M, peak: 324M

vm_info: Java HotSpot(TM) 64-Bit Server VM (11.0.15.1+2-LTS-10) for windows-amd64 JRE (11.0.15.1+2-LTS-10), built on Apr 25 2022 21:51:57 by "mach5one" with MS VC++ 15.9 (VS2017)

END.
