#
# There is insufficient memory for the Java Runtime Environment to continue.
# Native memory allocation (malloc) failed to allocate 32744 bytes for ChunkPool::allocate
# Possible reasons:
#   The system is out of physical RAM or swap space
#   The process is running with CompressedOops enabled, and the Java Heap may be blocking the growth of the native heap
# Possible solutions:
#   Reduce memory load on the system
#   Increase physical memory or swap space
#   Check if swap backing store is full
#   Decrease Java heap size (-Xmx/-Xms)
#   Decrease number of Java threads
#   Decrease Java thread stack sizes (-Xss)
#   Set larger code cache with -XX:ReservedCodeCacheSize=
#   JVM is running with Unscaled Compressed Oops mode in which the Java heap is
#     placed in the first 4GB address space. The Java Heap base address is the
#     maximum limit for the native heap growth. Please use -XX:HeapBaseMinAddress
#     to set the Java Heap base and to place the Java Heap above 4GB virtual address.
# This output file may be truncated or incomplete.
#
#  Out of Memory Error (./open/src/hotspot/share/memory/arena.cpp:81), pid=5088, tid=27748
#
# JRE version: Java(TM) SE Runtime Environment 18.9 (11.0.15.1+2) (build 11.0.15.1+2-LTS-10)
# Java VM: Java HotSpot(TM) 64-Bit Server VM 18.9 (11.0.15.1+2-LTS-10, mixed mode, tiered, compressed oops, g1 gc, windows-amd64)
# No core dump will be written. Minidumps are not enabled by default on client versions of Windows
#

---------------  S U M M A R Y ------------

Command Line: -Dorg.gradle.internal.worker.tmpdir=C:\z_yy\intellij\bookmanager\build\tmp\test\work -Dorg.gradle.native=false -Xmx512m -Dfile.encoding=UTF-8 -Duser.country=KR -Duser.language=ko -Duser.variant -ea worker.org.gradle.process.internal.worker.GradleWorkerMain 'Gradle Test Executor 3'

Host: AMD Ryzen 5 4500U with Radeon Graphics         , 6 cores, 7G,  Windows 10 , 64 bit Build 19041 (10.0.19041.1889)
Time: Wed Nov 16 19:03:55 2022 대한민국 표준시 elapsed time: 4.349104 seconds (0d 0h 0m 4s)

---------------  T H R E A D  ---------------

Current thread (0x0000018bc5dbc000):  JavaThread "C1 CompilerThread0" daemon [_thread_in_vm, id=27748, stack(0x0000005b48500000,0x0000005b48600000)]


Current CompileTask:
C1:   4349 2419   !   3       org.springframework.util.ConcurrentReferenceHashMap$Segment::doTask (179 bytes)

Stack: [0x0000005b48500000,0x0000005b48600000]
Native frames: (J=compiled Java code, j=interpreted, Vv=VM code, C=native code)
V  [jvm.dll+0x629d8a]
V  [jvm.dll+0x7638ff]
V  [jvm.dll+0x764fa9]
V  [jvm.dll+0x765633]
V  [jvm.dll+0x23d9c8]
V  [jvm.dll+0xb2c7b]
V  [jvm.dll+0xb2fdc]
V  [jvm.dll+0x32a23a]
V  [jvm.dll+0x1a5d65]
V  [jvm.dll+0x19266f]
V  [jvm.dll+0x206eda]
V  [jvm.dll+0x2051bb]
V  [jvm.dll+0x729820]
V  [jvm.dll+0x7223f4]
V  [jvm.dll+0x628c26]
C  [ucrtbase.dll+0x21bb2]
C  [KERNEL32.DLL+0x17034]
C  [ntdll.dll+0x526a1]


---------------  P R O C E S S  ---------------

Threads class SMR info:
_java_thread_list=0x0000018bc8544320, length=15, elements={
0x0000018babad0000, 0x0000018bc5d77000, 0x0000018bc5d81000, 0x0000018bc5da4000,
0x0000018bc5da6000, 0x0000018bc5da7000, 0x0000018bc5dac000, 0x0000018bc5dbc000,
0x0000018bc5dcd800, 0x0000018bc67b8800, 0x0000018bc7050000, 0x0000018bc7976800,
0x0000018bc70de000, 0x0000018bc8603800, 0x0000018bc86c7800
}

Java Threads: ( => current thread )
  0x0000018babad0000 JavaThread "Test worker" [_thread_in_vm, id=28000, stack(0x0000005b47800000,0x0000005b47900000)]
  0x0000018bc5d77000 JavaThread "Reference Handler" daemon [_thread_blocked, id=21656, stack(0x0000005b47f00000,0x0000005b48000000)]
  0x0000018bc5d81000 JavaThread "Finalizer" daemon [_thread_blocked, id=20144, stack(0x0000005b48000000,0x0000005b48100000)]
  0x0000018bc5da4000 JavaThread "Signal Dispatcher" daemon [_thread_blocked, id=27796, stack(0x0000005b48100000,0x0000005b48200000)]
  0x0000018bc5da6000 JavaThread "Attach Listener" daemon [_thread_blocked, id=15644, stack(0x0000005b48200000,0x0000005b48300000)]
  0x0000018bc5da7000 JavaThread "Service Thread" daemon [_thread_blocked, id=16628, stack(0x0000005b48300000,0x0000005b48400000)]
  0x0000018bc5dac000 JavaThread "C2 CompilerThread0" daemon [_thread_in_native, id=28116, stack(0x0000005b48400000,0x0000005b48500000)]
=>0x0000018bc5dbc000 JavaThread "C1 CompilerThread0" daemon [_thread_in_vm, id=27748, stack(0x0000005b48500000,0x0000005b48600000)]
  0x0000018bc5dcd800 JavaThread "Sweeper thread" daemon [_thread_blocked, id=4356, stack(0x0000005b48600000,0x0000005b48700000)]
  0x0000018bc67b8800 JavaThread "Common-Cleaner" daemon [_thread_blocked, id=22304, stack(0x0000005b48800000,0x0000005b48900000)]
  0x0000018bc7050000 JavaThread "/127.0.0.1:61445 to /127.0.0.1:61444 workers" [_thread_blocked, id=23132, stack(0x0000005b48a00000,0x0000005b48b00000)]
  0x0000018bc7976800 JavaThread "/127.0.0.1:61445 to /127.0.0.1:61444 workers Thread 2" [_thread_blocked, id=4240, stack(0x0000005b48b00000,0x0000005b48c00000)]
  0x0000018bc70de000 JavaThread "/127.0.0.1:61445 to /127.0.0.1:61444 workers Thread 3" [_thread_in_native, id=13484, stack(0x0000005b48c00000,0x0000005b48d00000)]
  0x0000018bc8603800 JavaThread "C2 CompilerThread1" daemon [_thread_in_native, id=11240, stack(0x0000005b49400000,0x0000005b49500000)]
  0x0000018bc86c7800 JavaThread "background-preinit" [_thread_in_vm, id=11496, stack(0x0000005b49500000,0x0000005b49600000)]

Other Threads:
  0x0000018bc5d53000 VMThread "VM Thread" [stack: 0x0000005b47e00000,0x0000005b47f00000] [id=25380]
  0x0000018bc6752800 WatcherThread [stack: 0x0000005b48700000,0x0000005b48800000] [id=22864]
  0x0000018babae3800 GCTaskThread "GC Thread#0" [stack: 0x0000005b47900000,0x0000005b47a00000] [id=15180]
  0x0000018bc71e8800 GCTaskThread "GC Thread#1" [stack: 0x0000005b48e00000,0x0000005b48f00000] [id=25080]
  0x0000018bc7b22000 GCTaskThread "GC Thread#2" [stack: 0x0000005b48f00000,0x0000005b49000000] [id=23620]
  0x0000018bc7d22000 GCTaskThread "GC Thread#3" [stack: 0x0000005b49000000,0x0000005b49100000] [id=28424]
  0x0000018bc71ed000 GCTaskThread "GC Thread#4" [stack: 0x0000005b49100000,0x0000005b49200000] [id=5428]
  0x0000018bc717f800 GCTaskThread "GC Thread#5" [stack: 0x0000005b49200000,0x0000005b49300000] [id=24728]
  0x0000018babaf6000 ConcurrentGCThread "G1 Main Marker" [stack: 0x0000005b47a00000,0x0000005b47b00000] [id=7032]
  0x0000018babaf7000 ConcurrentGCThread "G1 Conc#0" [stack: 0x0000005b47b00000,0x0000005b47c00000] [id=28704]
  0x0000018bc82f5800 ConcurrentGCThread "G1 Conc#1" [stack: 0x0000005b48d00000,0x0000005b48e00000] [id=17756]
  0x0000018babb79800 ConcurrentGCThread "G1 Refine#0" [stack: 0x0000005b47c00000,0x0000005b47d00000] [id=7128]
  0x0000018bc718d000 ConcurrentGCThread "G1 Refine#1" [stack: 0x0000005b49300000,0x0000005b49400000] [id=4584]
  0x0000018babb7a800 ConcurrentGCThread "G1 Young RemSet Sampling" [stack: 0x0000005b47d00000,0x0000005b47e00000] [id=27612]

Threads with active compile tasks:
C2 CompilerThread0   4377 2312   !   4       jdk.internal.loader.BuiltinClassLoader::loadClassOrNull (143 bytes)
C1 CompilerThread0   4377 2419   !   3       org.springframework.util.ConcurrentReferenceHashMap$Segment::doTask (179 bytes)
C2 CompilerThread1   4377 2324  s!   4       jdk.internal.loader.URLClassPath::getLoader (194 bytes)

VM state:not at safepoint (normal execution)

VM Mutex/Monitor currently owned by a thread: None

Heap address: 0x00000000e0000000, size: 512 MB, Compressed Oops mode: 32-bit
Narrow klass base: 0x0000000000000000, Narrow klass shift: 3
Compressed class space size: 1073741824 Address: 0x0000000100000000

Heap:
 garbage-first heap   total 120832K, used 30586K [0x00000000e0000000, 0x0000000100000000)
  region size 1024K, 23 young (23552K), 4 survivors (4096K)
 Metaspace       used 30356K, capacity 31381K, committed 31408K, reserved 1077248K
  class space    used 3684K, capacity 4070K, committed 4096K, reserved 1048576K
Heap Regions: E=young(eden), S=young(survivor), O=old, HS=humongous(starts), HC=humongous(continues), CS=collection set, F=free, A=archive, TAMS=top-at-mark-start (previous, next)
|   0|0x00000000e0000000, 0x00000000e0100000, 0x00000000e0100000|100%|HS|  |TAMS 0x00000000e0100000, 0x00000000e0000000| Complete 
|   1|0x00000000e0100000, 0x00000000e0200000, 0x00000000e0200000|100%| O|  |TAMS 0x00000000e0200000, 0x00000000e0100000| Untracked 
|   2|0x00000000e0200000, 0x00000000e0300000, 0x00000000e0300000|100%| O|  |TAMS 0x00000000e0300000, 0x00000000e0200000| Untracked 
|   3|0x00000000e0300000, 0x00000000e0400000, 0x00000000e0400000|100%| O|  |TAMS 0x00000000e0400000, 0x00000000e0300000| Untracked 
|   4|0x00000000e0400000, 0x00000000e0500000, 0x00000000e0500000|100%| O|  |TAMS 0x00000000e0500000, 0x00000000e0400000| Untracked 
|   5|0x00000000e0500000, 0x00000000e0600000, 0x00000000e0600000|100%| O|  |TAMS 0x00000000e0600000, 0x00000000e0500000| Untracked 
|   6|0x00000000e0600000, 0x00000000e0700000, 0x00000000e0700000|100%| O|  |TAMS 0x00000000e0700000, 0x00000000e0600000| Untracked 
|   7|0x00000000e0700000, 0x00000000e0800000, 0x00000000e0800000|100%| O|  |TAMS 0x00000000e0800000, 0x00000000e0700000| Untracked 
|   8|0x00000000e0800000, 0x00000000e0854200, 0x00000000e0900000| 32%| O|  |TAMS 0x00000000e0854200, 0x00000000e0800000| Untracked 
|   9|0x00000000e0900000, 0x00000000e0900000, 0x00000000e0a00000|  0%| F|  |TAMS 0x00000000e0900000, 0x00000000e0900000| Untracked 
|  10|0x00000000e0a00000, 0x00000000e0a00000, 0x00000000e0b00000|  0%| F|  |TAMS 0x00000000e0a00000, 0x00000000e0a00000| Untracked 
|  11|0x00000000e0b00000, 0x00000000e0b00000, 0x00000000e0c00000|  0%| F|  |TAMS 0x00000000e0b00000, 0x00000000e0b00000| Untracked 
|  12|0x00000000e0c00000, 0x00000000e0c00000, 0x00000000e0d00000|  0%| F|  |TAMS 0x00000000e0c00000, 0x00000000e0c00000| Untracked 
|  13|0x00000000e0d00000, 0x00000000e0d00000, 0x00000000e0e00000|  0%| F|  |TAMS 0x00000000e0d00000, 0x00000000e0d00000| Untracked 
|  14|0x00000000e0e00000, 0x00000000e0e00000, 0x00000000e0f00000|  0%| F|  |TAMS 0x00000000e0e00000, 0x00000000e0e00000| Untracked 
|  15|0x00000000e0f00000, 0x00000000e0f00000, 0x00000000e1000000|  0%| F|  |TAMS 0x00000000e0f00000, 0x00000000e0f00000| Untracked 
|  16|0x00000000e1000000, 0x00000000e1000000, 0x00000000e1100000|  0%| F|  |TAMS 0x00000000e1000000, 0x00000000e1000000| Untracked 
|  17|0x00000000e1100000, 0x00000000e1100000, 0x00000000e1200000|  0%| F|  |TAMS 0x00000000e1100000, 0x00000000e1100000| Untracked 
|  18|0x00000000e1200000, 0x00000000e1200000, 0x00000000e1300000|  0%| F|  |TAMS 0x00000000e1200000, 0x00000000e1200000| Untracked 
|  19|0x00000000e1300000, 0x00000000e1300000, 0x00000000e1400000|  0%| F|  |TAMS 0x00000000e1300000, 0x00000000e1300000| Untracked 
|  20|0x00000000e1400000, 0x00000000e1400000, 0x00000000e1500000|  0%| F|  |TAMS 0x00000000e1400000, 0x00000000e1400000| Untracked 
|  21|0x00000000e1500000, 0x00000000e1500000, 0x00000000e1600000|  0%| F|  |TAMS 0x00000000e1500000, 0x00000000e1500000| Untracked 
|  22|0x00000000e1600000, 0x00000000e1600000, 0x00000000e1700000|  0%| F|  |TAMS 0x00000000e1600000, 0x00000000e1600000| Untracked 
|  23|0x00000000e1700000, 0x00000000e1700000, 0x00000000e1800000|  0%| F|  |TAMS 0x00000000e1700000, 0x00000000e1700000| Untracked 
|  24|0x00000000e1800000, 0x00000000e1800000, 0x00000000e1900000|  0%| F|  |TAMS 0x00000000e1800000, 0x00000000e1800000| Untracked 
|  25|0x00000000e1900000, 0x00000000e1900000, 0x00000000e1a00000|  0%| F|  |TAMS 0x00000000e1900000, 0x00000000e1900000| Untracked 
|  26|0x00000000e1a00000, 0x00000000e1a00000, 0x00000000e1b00000|  0%| F|  |TAMS 0x00000000e1a00000, 0x00000000e1a00000| Untracked 
|  27|0x00000000e1b00000, 0x00000000e1b00000, 0x00000000e1c00000|  0%| F|  |TAMS 0x00000000e1b00000, 0x00000000e1b00000| Untracked 
|  28|0x00000000e1c00000, 0x00000000e1c00000, 0x00000000e1d00000|  0%| F|  |TAMS 0x00000000e1c00000, 0x00000000e1c00000| Untracked 
|  29|0x00000000e1d00000, 0x00000000e1d00000, 0x00000000e1e00000|  0%| F|  |TAMS 0x00000000e1d00000, 0x00000000e1d00000| Untracked 
|  30|0x00000000e1e00000, 0x00000000e1e00000, 0x00000000e1f00000|  0%| F|  |TAMS 0x00000000e1e00000, 0x00000000e1e00000| Untracked 
|  31|0x00000000e1f00000, 0x00000000e1f00000, 0x00000000e2000000|  0%| F|  |TAMS 0x00000000e1f00000, 0x00000000e1f00000| Untracked 
|  32|0x00000000e2000000, 0x00000000e2000000, 0x00000000e2100000|  0%| F|  |TAMS 0x00000000e2000000, 0x00000000e2000000| Untracked 
|  33|0x00000000e2100000, 0x00000000e2100000, 0x00000000e2200000|  0%| F|  |TAMS 0x00000000e2100000, 0x00000000e2100000| Untracked 
|  34|0x00000000e2200000, 0x00000000e2200000, 0x00000000e2300000|  0%| F|  |TAMS 0x00000000e2200000, 0x00000000e2200000| Untracked 
|  35|0x00000000e2300000, 0x00000000e2300000, 0x00000000e2400000|  0%| F|  |TAMS 0x00000000e2300000, 0x00000000e2300000| Untracked 
|  36|0x00000000e2400000, 0x00000000e2400000, 0x00000000e2500000|  0%| F|  |TAMS 0x00000000e2400000, 0x00000000e2400000| Untracked 
|  37|0x00000000e2500000, 0x00000000e2500000, 0x00000000e2600000|  0%| F|  |TAMS 0x00000000e2500000, 0x00000000e2500000| Untracked 
|  38|0x00000000e2600000, 0x00000000e2600000, 0x00000000e2700000|  0%| F|  |TAMS 0x00000000e2600000, 0x00000000e2600000| Untracked 
|  39|0x00000000e2700000, 0x00000000e2700000, 0x00000000e2800000|  0%| F|  |TAMS 0x00000000e2700000, 0x00000000e2700000| Untracked 
|  40|0x00000000e2800000, 0x00000000e2800000, 0x00000000e2900000|  0%| F|  |TAMS 0x00000000e2800000, 0x00000000e2800000| Untracked 
|  41|0x00000000e2900000, 0x00000000e2900000, 0x00000000e2a00000|  0%| F|  |TAMS 0x00000000e2900000, 0x00000000e2900000| Untracked 
|  42|0x00000000e2a00000, 0x00000000e2a00000, 0x00000000e2b00000|  0%| F|  |TAMS 0x00000000e2a00000, 0x00000000e2a00000| Untracked 
|  43|0x00000000e2b00000, 0x00000000e2b00000, 0x00000000e2c00000|  0%| F|  |TAMS 0x00000000e2b00000, 0x00000000e2b00000| Untracked 
|  44|0x00000000e2c00000, 0x00000000e2c00000, 0x00000000e2d00000|  0%| F|  |TAMS 0x00000000e2c00000, 0x00000000e2c00000| Untracked 
|  45|0x00000000e2d00000, 0x00000000e2d00000, 0x00000000e2e00000|  0%| F|  |TAMS 0x00000000e2d00000, 0x00000000e2d00000| Untracked 
|  46|0x00000000e2e00000, 0x00000000e2e00000, 0x00000000e2f00000|  0%| F|  |TAMS 0x00000000e2e00000, 0x00000000e2e00000| Untracked 
|  47|0x00000000e2f00000, 0x00000000e2f00000, 0x00000000e3000000|  0%| F|  |TAMS 0x00000000e2f00000, 0x00000000e2f00000| Untracked 
|  48|0x00000000e3000000, 0x00000000e3000000, 0x00000000e3100000|  0%| F|  |TAMS 0x00000000e3000000, 0x00000000e3000000| Untracked 
|  49|0x00000000e3100000, 0x00000000e3100000, 0x00000000e3200000|  0%| F|  |TAMS 0x00000000e3100000, 0x00000000e3100000| Untracked 
|  50|0x00000000e3200000, 0x00000000e3200000, 0x00000000e3300000|  0%| F|  |TAMS 0x00000000e3200000, 0x00000000e3200000| Untracked 
|  51|0x00000000e3300000, 0x00000000e3300000, 0x00000000e3400000|  0%| F|  |TAMS 0x00000000e3300000, 0x00000000e3300000| Untracked 
|  52|0x00000000e3400000, 0x00000000e3400000, 0x00000000e3500000|  0%| F|  |TAMS 0x00000000e3400000, 0x00000000e3400000| Untracked 
|  53|0x00000000e3500000, 0x00000000e3500000, 0x00000000e3600000|  0%| F|  |TAMS 0x00000000e3500000, 0x00000000e3500000| Untracked 
|  54|0x00000000e3600000, 0x00000000e3600000, 0x00000000e3700000|  0%| F|  |TAMS 0x00000000e3600000, 0x00000000e3600000| Untracked 
|  55|0x00000000e3700000, 0x00000000e3700000, 0x00000000e3800000|  0%| F|  |TAMS 0x00000000e3700000, 0x00000000e3700000| Untracked 
|  56|0x00000000e3800000, 0x00000000e3800000, 0x00000000e3900000|  0%| F|  |TAMS 0x00000000e3800000, 0x00000000e3800000| Untracked 
|  57|0x00000000e3900000, 0x00000000e3900000, 0x00000000e3a00000|  0%| F|  |TAMS 0x00000000e3900000, 0x00000000e3900000| Untracked 
|  58|0x00000000e3a00000, 0x00000000e3a00000, 0x00000000e3b00000|  0%| F|  |TAMS 0x00000000e3a00000, 0x00000000e3a00000| Untracked 
|  59|0x00000000e3b00000, 0x00000000e3b00000, 0x00000000e3c00000|  0%| F|  |TAMS 0x00000000e3b00000, 0x00000000e3b00000| Untracked 
|  60|0x00000000e3c00000, 0x00000000e3c00000, 0x00000000e3d00000|  0%| F|  |TAMS 0x00000000e3c00000, 0x00000000e3c00000| Untracked 
|  61|0x00000000e3d00000, 0x00000000e3d8a720, 0x00000000e3e00000| 54%| S|CS|TAMS 0x00000000e3d00000, 0x00000000e3d00000| Complete 
|  62|0x00000000e3e00000, 0x00000000e3f00000, 0x00000000e3f00000|100%| S|CS|TAMS 0x00000000e3e00000, 0x00000000e3e00000| Complete 
|  63|0x00000000e3f00000, 0x00000000e4000000, 0x00000000e4000000|100%| S|CS|TAMS 0x00000000e3f00000, 0x00000000e3f00000| Complete 
|  64|0x00000000e4000000, 0x00000000e4100000, 0x00000000e4100000|100%| S|CS|TAMS 0x00000000e4000000, 0x00000000e4000000| Complete 
|  65|0x00000000e4100000, 0x00000000e4100000, 0x00000000e4200000|  0%| F|  |TAMS 0x00000000e4100000, 0x00000000e4100000| Untracked 
|  66|0x00000000e4200000, 0x00000000e4200000, 0x00000000e4300000|  0%| F|  |TAMS 0x00000000e4200000, 0x00000000e4200000| Untracked 
|  67|0x00000000e4300000, 0x00000000e4300000, 0x00000000e4400000|  0%| F|  |TAMS 0x00000000e4300000, 0x00000000e4300000| Untracked 
|  68|0x00000000e4400000, 0x00000000e4400000, 0x00000000e4500000|  0%| F|  |TAMS 0x00000000e4400000, 0x00000000e4400000| Untracked 
|  69|0x00000000e4500000, 0x00000000e4500000, 0x00000000e4600000|  0%| F|  |TAMS 0x00000000e4500000, 0x00000000e4500000| Untracked 
|  70|0x00000000e4600000, 0x00000000e4600000, 0x00000000e4700000|  0%| F|  |TAMS 0x00000000e4600000, 0x00000000e4600000| Untracked 
|  71|0x00000000e4700000, 0x00000000e4700000, 0x00000000e4800000|  0%| F|  |TAMS 0x00000000e4700000, 0x00000000e4700000| Untracked 
|  72|0x00000000e4800000, 0x00000000e4800000, 0x00000000e4900000|  0%| F|  |TAMS 0x00000000e4800000, 0x00000000e4800000| Untracked 
|  73|0x00000000e4900000, 0x00000000e4900000, 0x00000000e4a00000|  0%| F|  |TAMS 0x00000000e4900000, 0x00000000e4900000| Untracked 
|  74|0x00000000e4a00000, 0x00000000e4a00000, 0x00000000e4b00000|  0%| F|  |TAMS 0x00000000e4a00000, 0x00000000e4a00000| Untracked 
|  75|0x00000000e4b00000, 0x00000000e4b00000, 0x00000000e4c00000|  0%| F|  |TAMS 0x00000000e4b00000, 0x00000000e4b00000| Untracked 
|  76|0x00000000e4c00000, 0x00000000e4c00000, 0x00000000e4d00000|  0%| F|  |TAMS 0x00000000e4c00000, 0x00000000e4c00000| Untracked 
|  77|0x00000000e4d00000, 0x00000000e4d00000, 0x00000000e4e00000|  0%| F|  |TAMS 0x00000000e4d00000, 0x00000000e4d00000| Untracked 
|  78|0x00000000e4e00000, 0x00000000e4e00000, 0x00000000e4f00000|  0%| F|  |TAMS 0x00000000e4e00000, 0x00000000e4e00000| Untracked 
|  79|0x00000000e4f00000, 0x00000000e4f00000, 0x00000000e5000000|  0%| F|  |TAMS 0x00000000e4f00000, 0x00000000e4f00000| Untracked 
|  80|0x00000000e5000000, 0x00000000e5000000, 0x00000000e5100000|  0%| F|  |TAMS 0x00000000e5000000, 0x00000000e5000000| Untracked 
|  81|0x00000000e5100000, 0x00000000e5100000, 0x00000000e5200000|  0%| F|  |TAMS 0x00000000e5100000, 0x00000000e5100000| Untracked 
|  82|0x00000000e5200000, 0x00000000e5200000, 0x00000000e5300000|  0%| F|  |TAMS 0x00000000e5200000, 0x00000000e5200000| Untracked 
|  83|0x00000000e5300000, 0x00000000e5300000, 0x00000000e5400000|  0%| F|  |TAMS 0x00000000e5300000, 0x00000000e5300000| Untracked 
|  84|0x00000000e5400000, 0x00000000e5400000, 0x00000000e5500000|  0%| F|  |TAMS 0x00000000e5400000, 0x00000000e5400000| Untracked 
|  85|0x00000000e5500000, 0x00000000e5500000, 0x00000000e5600000|  0%| F|  |TAMS 0x00000000e5500000, 0x00000000e5500000| Untracked 
|  86|0x00000000e5600000, 0x00000000e5600000, 0x00000000e5700000|  0%| F|  |TAMS 0x00000000e5600000, 0x00000000e5600000| Untracked 
|  87|0x00000000e5700000, 0x00000000e5700000, 0x00000000e5800000|  0%| F|  |TAMS 0x00000000e5700000, 0x00000000e5700000| Untracked 
|  88|0x00000000e5800000, 0x00000000e5800000, 0x00000000e5900000|  0%| F|  |TAMS 0x00000000e5800000, 0x00000000e5800000| Untracked 
|  89|0x00000000e5900000, 0x00000000e5900000, 0x00000000e5a00000|  0%| F|  |TAMS 0x00000000e5900000, 0x00000000e5900000| Untracked 
|  90|0x00000000e5a00000, 0x00000000e5a00000, 0x00000000e5b00000|  0%| F|  |TAMS 0x00000000e5a00000, 0x00000000e5a00000| Untracked 
|  91|0x00000000e5b00000, 0x00000000e5b00000, 0x00000000e5c00000|  0%| F|  |TAMS 0x00000000e5b00000, 0x00000000e5b00000| Untracked 
|  92|0x00000000e5c00000, 0x00000000e5c00000, 0x00000000e5d00000|  0%| F|  |TAMS 0x00000000e5c00000, 0x00000000e5c00000| Untracked 
|  93|0x00000000e5d00000, 0x00000000e5d00000, 0x00000000e5e00000|  0%| F|  |TAMS 0x00000000e5d00000, 0x00000000e5d00000| Untracked 
|  94|0x00000000e5e00000, 0x00000000e5e00000, 0x00000000e5f00000|  0%| F|  |TAMS 0x00000000e5e00000, 0x00000000e5e00000| Untracked 
|  95|0x00000000e5f00000, 0x00000000e5f00000, 0x00000000e6000000|  0%| F|  |TAMS 0x00000000e5f00000, 0x00000000e5f00000| Untracked 
|  96|0x00000000e6000000, 0x00000000e6000000, 0x00000000e6100000|  0%| F|  |TAMS 0x00000000e6000000, 0x00000000e6000000| Untracked 
|  97|0x00000000e6100000, 0x00000000e6100000, 0x00000000e6200000|  0%| F|  |TAMS 0x00000000e6100000, 0x00000000e6100000| Untracked 
|  98|0x00000000e6200000, 0x00000000e6200000, 0x00000000e6300000|  0%| F|  |TAMS 0x00000000e6200000, 0x00000000e6200000| Untracked 
|  99|0x00000000e6300000, 0x00000000e63aa180, 0x00000000e6400000| 66%| E|  |TAMS 0x00000000e6300000, 0x00000000e6300000| Complete 
| 100|0x00000000e6400000, 0x00000000e6500000, 0x00000000e6500000|100%| E|CS|TAMS 0x00000000e6400000, 0x00000000e6400000| Complete 
| 101|0x00000000e6500000, 0x00000000e6600000, 0x00000000e6600000|100%| E|CS|TAMS 0x00000000e6500000, 0x00000000e6500000| Complete 
| 102|0x00000000e6600000, 0x00000000e6700000, 0x00000000e6700000|100%| E|CS|TAMS 0x00000000e6600000, 0x00000000e6600000| Complete 
| 103|0x00000000e6700000, 0x00000000e6800000, 0x00000000e6800000|100%| E|CS|TAMS 0x00000000e6700000, 0x00000000e6700000| Complete 
| 104|0x00000000e6800000, 0x00000000e6900000, 0x00000000e6900000|100%| E|CS|TAMS 0x00000000e6800000, 0x00000000e6800000| Complete 
| 105|0x00000000e6900000, 0x00000000e6a00000, 0x00000000e6a00000|100%| E|CS|TAMS 0x00000000e6900000, 0x00000000e6900000| Complete 
| 106|0x00000000e6a00000, 0x00000000e6b00000, 0x00000000e6b00000|100%| E|CS|TAMS 0x00000000e6a00000, 0x00000000e6a00000| Complete 
| 107|0x00000000e6b00000, 0x00000000e6c00000, 0x00000000e6c00000|100%| E|CS|TAMS 0x00000000e6b00000, 0x00000000e6b00000| Complete 
| 108|0x00000000e6c00000, 0x00000000e6d00000, 0x00000000e6d00000|100%| E|CS|TAMS 0x00000000e6c00000, 0x00000000e6c00000| Complete 
| 109|0x00000000e6d00000, 0x00000000e6e00000, 0x00000000e6e00000|100%| E|CS|TAMS 0x00000000e6d00000, 0x00000000e6d00000| Complete 
| 110|0x00000000e6e00000, 0x00000000e6f00000, 0x00000000e6f00000|100%| E|CS|TAMS 0x00000000e6e00000, 0x00000000e6e00000| Complete 
| 111|0x00000000e6f00000, 0x00000000e7000000, 0x00000000e7000000|100%| E|CS|TAMS 0x00000000e6f00000, 0x00000000e6f00000| Complete 
| 112|0x00000000e7000000, 0x00000000e7100000, 0x00000000e7100000|100%| E|CS|TAMS 0x00000000e7000000, 0x00000000e7000000| Complete 
| 113|0x00000000e7100000, 0x00000000e7200000, 0x00000000e7200000|100%| E|CS|TAMS 0x00000000e7100000, 0x00000000e7100000| Complete 
| 114|0x00000000e7200000, 0x00000000e7300000, 0x00000000e7300000|100%| E|CS|TAMS 0x00000000e7200000, 0x00000000e7200000| Complete 
| 115|0x00000000e7300000, 0x00000000e7400000, 0x00000000e7400000|100%| E|CS|TAMS 0x00000000e7300000, 0x00000000e7300000| Complete 
| 116|0x00000000e7400000, 0x00000000e7500000, 0x00000000e7500000|100%| E|CS|TAMS 0x00000000e7400000, 0x00000000e7400000| Complete 
| 117|0x00000000e7500000, 0x00000000e7600000, 0x00000000e7600000|100%| E|CS|TAMS 0x00000000e7500000, 0x00000000e7500000| Complete 

Card table byte_map: [0x0000018bc2390000,0x0000018bc2490000] _byte_map_base: 0x0000018bc1c90000

Marking Bits (Prev, Next): (CMBitMap*) 0x0000018babaf2f70, (CMBitMap*) 0x0000018babaf2f38
 Prev Bits: [0x0000018bc2d90000, 0x0000018bc3590000)
 Next Bits: [0x0000018bc2590000, 0x0000018bc2d90000)

Polling page: 0x0000018ba9ac0000

Metaspace:

Usage:
  Non-class:     26.67 MB capacity,    26.05 MB ( 98%) used,   529.55 KB (  2%) free+waste,   109.81 KB ( <1%) overhead. 
      Class:      3.97 MB capacity,     3.60 MB ( 91%) used,   327.98 KB (  8%) free+waste,    57.13 KB (  1%) overhead. 
       Both:     30.65 MB capacity,    29.65 MB ( 97%) used,   857.53 KB (  3%) free+waste,   166.94 KB ( <1%) overhead. 

Virtual space:
  Non-class space:       28.00 MB reserved,      26.67 MB ( 95%) committed 
      Class space:        1.00 GB reserved,       4.00 MB ( <1%) committed 
             Both:        1.03 GB reserved,      30.67 MB (  3%) committed 

Chunk freelists:
   Non-Class:  128 bytes
       Class:  3.25 KB
        Both:  3.38 KB

CodeHeap 'non-profiled nmethods': size=120064Kb used=994Kb max_used=994Kb free=119069Kb
 bounds [0x0000018bbac40000, 0x0000018bbaeb0000, 0x0000018bc2180000]
CodeHeap 'profiled nmethods': size=120000Kb used=4943Kb max_used=4943Kb free=115056Kb
 bounds [0x0000018bb3710000, 0x0000018bb3bf0000, 0x0000018bbac40000]
CodeHeap 'non-nmethods': size=5696Kb used=1164Kb max_used=1168Kb free=4531Kb
 bounds [0x0000018bb3180000, 0x0000018bb33f0000, 0x0000018bb3710000]
 total_blobs=2876 nmethods=2407 adapters=378
 compilation: enabled
              stopped_count=0, restarted_count=0
 full_count=0

Compilation events (10 events):
Event: 4.327 Thread 0x0000018bc5dbc000 nmethod 2414 0x0000018bbad38690 code [0x0000018bbad38820, 0x0000018bbad388d8]
Event: 4.333 Thread 0x0000018bc5dbc000 2415       3       java.util.Collections$EmptySet::toArray (11 bytes)
Event: 4.333 Thread 0x0000018bc5dbc000 nmethod 2415 0x0000018bb3be2890 code [0x0000018bb3be2a40, 0x0000018bb3be2d18]
Event: 4.333 Thread 0x0000018bc5dbc000 2418       3       org.springframework.core.annotation.AttributeMethods::forAnnotationType (26 bytes)
Event: 4.334 Thread 0x0000018bc5dbc000 nmethod 2418 0x0000018bb3be2e10 code [0x0000018bb3be2fe0, 0x0000018bb3be3408]
Event: 4.334 Thread 0x0000018bc5dbc000 2416       3       java.util.ArrayDeque::<init> (14 bytes)
Event: 4.334 Thread 0x0000018bc5dbc000 nmethod 2416 0x0000018bb3be3510 code [0x0000018bb3be36c0, 0x0000018bb3be3978]
Event: 4.334 Thread 0x0000018bc5dbc000 2417       3       java.util.Collections::emptyMap (4 bytes)
Event: 4.334 Thread 0x0000018bc5dbc000 nmethod 2417 0x0000018bb3be3a90 code [0x0000018bb3be3c20, 0x0000018bb3be3d18]
Event: 4.337 Thread 0x0000018bc5dbc000 2419   !   3       org.springframework.util.ConcurrentReferenceHashMap$Segment::doTask (179 bytes)

GC Heap History (8 events):
Event: 1.760 GC heap before
{Heap before GC invocations=0 (full 0):
 garbage-first heap   total 120832K, used 22528K [0x00000000e0000000, 0x0000000100000000)
  region size 1024K, 22 young (22528K), 0 survivors (0K)
 Metaspace       used 12718K, capacity 12987K, committed 13312K, reserved 1060864K
  class space    used 1345K, capacity 1426K, committed 1536K, reserved 1048576K
}
Event: 1.772 GC heap after
{Heap after GC invocations=1 (full 0):
 garbage-first heap   total 120832K, used 8621K [0x00000000e0000000, 0x0000000100000000)
  region size 1024K, 3 young (3072K), 3 survivors (3072K)
 Metaspace       used 12718K, capacity 12987K, committed 13312K, reserved 1060864K
  class space    used 1345K, capacity 1426K, committed 1536K, reserved 1048576K
}
Event: 1.966 GC heap before
{Heap before GC invocations=1 (full 0):
 garbage-first heap   total 120832K, used 16813K [0x00000000e0000000, 0x0000000100000000)
  region size 1024K, 11 young (11264K), 3 survivors (3072K)
 Metaspace       used 14203K, capacity 14598K, committed 14848K, reserved 1062912K
  class space    used 1543K, capacity 1673K, committed 1792K, reserved 1048576K
}
Event: 1.969 GC heap after
{Heap after GC invocations=2 (full 0):
 garbage-first heap   total 120832K, used 8991K [0x00000000e0000000, 0x0000000100000000)
  region size 1024K, 1 young (1024K), 1 survivors (1024K)
 Metaspace       used 14203K, capacity 14598K, committed 14848K, reserved 1062912K
  class space    used 1543K, capacity 1673K, committed 1792K, reserved 1048576K
}
Event: 3.257 GC heap before
{Heap before GC invocations=2 (full 0):
 garbage-first heap   total 120832K, used 44831K [0x00000000e0000000, 0x0000000100000000)
  region size 1024K, 37 young (37888K), 1 survivors (1024K)
 Metaspace       used 20437K, capacity 21114K, committed 21296K, reserved 1069056K
  class space    used 2338K, capacity 2609K, committed 2688K, reserved 1048576K
}
Event: 3.260 GC heap after
{Heap after GC invocations=3 (full 0):
 garbage-first heap   total 120832K, used 10353K [0x00000000e0000000, 0x0000000100000000)
  region size 1024K, 2 young (2048K), 2 survivors (2048K)
 Metaspace       used 20437K, capacity 21114K, committed 21296K, reserved 1069056K
  class space    used 2338K, capacity 2609K, committed 2688K, reserved 1048576K
}
Event: 4.144 GC heap before
{Heap before GC invocations=4 (full 0):
 garbage-first heap   total 120832K, used 62577K [0x00000000e0000000, 0x0000000100000000)
  region size 1024K, 53 young (54272K), 2 survivors (2048K)
 Metaspace       used 28113K, capacity 29155K, committed 29360K, reserved 1075200K
  class space    used 3377K, capacity 3799K, committed 3840K, reserved 1048576K
}
Event: 4.148 GC heap after
{Heap after GC invocations=5 (full 0):
 garbage-first heap   total 120832K, used 12154K [0x00000000e0000000, 0x0000000100000000)
  region size 1024K, 4 young (4096K), 4 survivors (4096K)
 Metaspace       used 28113K, capacity 29155K, committed 29360K, reserved 1075200K
  class space    used 3377K, capacity 3799K, committed 3840K, reserved 1048576K
}

Deoptimization events (10 events):
Event: 2.534 Thread 0x0000018babad0000 Uncommon trap: reason=bimorphic_or_optimized_type_check action=maybe_recompile pc=0x0000018bbaca3090 method=java.util.HashMap.getNode(ILjava/lang/Object;)Ljava/util/HashMap$Node; @ 126 c2
Event: 2.671 Thread 0x0000018babad0000 Uncommon trap: reason=unstable_if action=reinterpret pc=0x0000018bbac687cc method=java.util.zip.ZipFile$Source.getEntryPos([BZ)I @ 156 c2
Event: 3.245 Thread 0x0000018babad0000 Uncommon trap: reason=unstable_if action=reinterpret pc=0x0000018bbace70b4 method=java.lang.ref.SoftReference.get()Ljava/lang/Object; @ 6 c2
Event: 3.483 Thread 0x0000018babad0000 Uncommon trap: reason=unstable_if action=reinterpret pc=0x0000018bbacc9258 method=jdk.internal.org.objectweb.asm.Type.getArgumentsAndReturnSizes(Ljava/lang/String;)I @ 130 c2
Event: 3.508 Thread 0x0000018babad0000 Uncommon trap: reason=bimorphic_or_optimized_type_check action=maybe_recompile pc=0x0000018bbaca3090 method=java.util.HashMap.getNode(ILjava/lang/Object;)Ljava/util/HashMap$Node; @ 126 c2
Event: 3.599 Thread 0x0000018babad0000 Uncommon trap: reason=unstable_if action=reinterpret pc=0x0000018bbace03d0 method=java.net.URLStreamHandler.parseURL(Ljava/net/URL;Ljava/lang/String;II)V @ 725 c2
Event: 3.603 Thread 0x0000018babad0000 Uncommon trap: reason=unstable_if action=reinterpret pc=0x0000018bbacd3764 method=java.lang.String.indexOf([BBILjava/lang/String;I)I @ 21 c2
Event: 3.603 Thread 0x0000018babad0000 Uncommon trap: reason=unstable_if action=reinterpret pc=0x0000018bbacd3e30 method=java.lang.String.indexOf([BBILjava/lang/String;I)I @ 21 c2
Event: 3.923 Thread 0x0000018babad0000 Uncommon trap: reason=unstable_if action=reinterpret pc=0x0000018bbaccefd0 method=java.net.URL.<init>(Ljava/net/URL;Ljava/lang/String;Ljava/net/URLStreamHandler;)V @ 347 c2
Event: 4.199 Thread 0x0000018babad0000 Uncommon trap: reason=unstable_if action=reinterpret pc=0x0000018bbac7e7e4 method=java.util.concurrent.ConcurrentHashMap.get(Ljava/lang/Object;)Ljava/lang/Object; @ 76 c2

Classes redefined (0 events):
No events

Internal exceptions (10 events):
Event: 4.207 Thread 0x0000018babad0000 Exception <a 'java/lang/ClassNotFoundException'{0x00000000e7081650}: org/springframework/core/PriorityOrderedCustomizer> (0x00000000e7081650) thrown at [./open/src/hotspot/share/classfile/systemDictionary.cpp, line 226]
Event: 4.208 Thread 0x0000018babad0000 Exception <a 'java/lang/ClassNotFoundException'{0x00000000e7094128}: org/springframework/core/OrderedCustomizer> (0x00000000e7094128) thrown at [./open/src/hotspot/share/classfile/systemDictionary.cpp, line 226]
Event: 4.210 Thread 0x0000018babad0000 Exception <a 'java/lang/ClassNotFoundException'{0x00000000e70a9fa8}: org/springframework/context/ResourceLoaderAwareCustomizer> (0x00000000e70a9fa8) thrown at [./open/src/hotspot/share/classfile/systemDictionary.cpp, line 226]
Event: 4.211 Thread 0x0000018babad0000 Exception <a 'java/lang/ClassNotFoundException'{0x00000000e70bebd0}: org/springframework/beans/factory/AwareCustomizer> (0x00000000e70bebd0) thrown at [./open/src/hotspot/share/classfile/systemDictionary.cpp, line 226]
Event: 4.212 Thread 0x0000018babad0000 Exception <a 'java/lang/ClassNotFoundException'{0x00000000e70d4870}: org/springframework/context/ApplicationStartupAwareCustomizer> (0x00000000e70d4870) thrown at [./open/src/hotspot/share/classfile/systemDictionary.cpp, line 226]
Event: 4.213 Thread 0x0000018babad0000 Exception <a 'java/lang/ClassNotFoundException'{0x00000000e6f69a60}: org/springframework/beans/factory/AwareCustomizer> (0x00000000e6f69a60) thrown at [./open/src/hotspot/share/classfile/systemDictionary.cpp, line 226]
Event: 4.215 Thread 0x0000018babad0000 Exception <a 'java/lang/ClassNotFoundException'{0x00000000e6f7fd68}: org/springframework/beans/factory/BeanClassLoaderAwareCustomizer> (0x00000000e6f7fd68) thrown at [./open/src/hotspot/share/classfile/systemDictionary.cpp, line 226]
Event: 4.216 Thread 0x0000018babad0000 Exception <a 'java/lang/ClassNotFoundException'{0x00000000e6f949a8}: org/springframework/beans/factory/AwareCustomizer> (0x00000000e6f949a8) thrown at [./open/src/hotspot/share/classfile/systemDictionary.cpp, line 226]
Event: 4.217 Thread 0x0000018babad0000 Exception <a 'java/lang/ClassNotFoundException'{0x00000000e6fa9550}: org/springframework/context/EnvironmentAwareCustomizer> (0x00000000e6fa9550) thrown at [./open/src/hotspot/share/classfile/systemDictionary.cpp, line 226]
Event: 4.218 Thread 0x0000018babad0000 Exception <a 'java/lang/ClassNotFoundException'{0x00000000e6fbe108}: org/springframework/beans/factory/AwareCustomizer> (0x00000000e6fbe108) thrown at [./open/src/hotspot/share/classfile/systemDictionary.cpp, line 226]

Events (10 events):
Event: 4.335 loading class org/springframework/boot/autoconfigure/AutoConfigurationImportSelector
Event: 4.335 loading class org/springframework/boot/autoconfigure/AutoConfigurationImportSelector done
Event: 4.336 loading class org/springframework/data/auditing/config/AuditingConfiguration
Event: 4.336 loading class org/springframework/data/auditing/config/AuditingConfiguration done
Event: 4.336 loading class com/fasterxml/jackson/datatype/jsr310/deser/LocalTimeDeserializer
Event: 4.336 loading class com/fasterxml/jackson/datatype/jsr310/deser/LocalTimeDeserializer done
Event: 4.337 loading class com/fasterxml/jackson/datatype/jsr310/deser/MonthDayDeserializer
Event: 4.337 loading class com/fasterxml/jackson/datatype/jsr310/deser/MonthDayDeserializer done
Event: 4.337 loading class org/springframework/context/annotation/ConfigurationClassParser$DeferredImportSelectorGroupingHandler
Event: 4.337 loading class org/springframework/context/annotation/ConfigurationClassParser$DeferredImportSelectorGroupingHandler done


Dynamic libraries:
0x00007ff6e31d0000 - 0x00007ff6e31df000 	C:\Program Files\Java\jdk-11.0.15.1\bin\java.exe
0x00007ff9a9790000 - 0x00007ff9a9988000 	C:\Windows\SYSTEM32\ntdll.dll
0x00007ff9a8df0000 - 0x00007ff9a8ead000 	C:\Windows\System32\KERNEL32.DLL
0x00007ff9a6f60000 - 0x00007ff9a7232000 	C:\Windows\System32\KERNELBASE.dll
0x00007ff9a76c0000 - 0x00007ff9a77c0000 	C:\Windows\System32\ucrtbase.dll
0x00007ff994170000 - 0x00007ff994185000 	C:\Program Files\Java\jdk-11.0.15.1\bin\VCRUNTIME140.dll
0x00007ff997e70000 - 0x00007ff997e88000 	C:\Program Files\Java\jdk-11.0.15.1\bin\jli.dll
0x00007ff9a8d40000 - 0x00007ff9a8dee000 	C:\Windows\System32\ADVAPI32.dll
0x00007ff9a80c0000 - 0x00007ff9a815e000 	C:\Windows\System32\msvcrt.dll
0x00007ff9a8ba0000 - 0x00007ff9a8c3c000 	C:\Windows\System32\sechost.dll
0x00007ff9a7ee0000 - 0x00007ff9a8005000 	C:\Windows\System32\RPCRT4.dll
0x00007ff9a7d40000 - 0x00007ff9a7edd000 	C:\Windows\System32\USER32.dll
0x00007ff9a73f0000 - 0x00007ff9a7412000 	C:\Windows\System32\win32u.dll
0x00007ff9a8f80000 - 0x00007ff9a8fab000 	C:\Windows\System32\GDI32.dll
0x00007ff9a72e0000 - 0x00007ff9a73ef000 	C:\Windows\System32\gdi32full.dll
0x00007ff9a7240000 - 0x00007ff9a72dd000 	C:\Windows\System32\msvcp_win.dll
0x00007ff9907a0000 - 0x00007ff990a3a000 	C:\Windows\WinSxS\amd64_microsoft.windows.common-controls_6595b64144ccf1df_6.0.19041.1110_none_60b5254171f9507e\COMCTL32.dll
0x00007ff99cee0000 - 0x00007ff99ceea000 	C:\Windows\SYSTEM32\VERSION.dll
0x00007ff9a94e0000 - 0x00007ff9a9510000 	C:\Windows\System32\IMM32.DLL
0x00007ff97d320000 - 0x00007ff97d3bb000 	C:\Program Files\Java\jdk-11.0.15.1\bin\msvcp140.dll
0x00007ff958c30000 - 0x00007ff959746000 	C:\Program Files\Java\jdk-11.0.15.1\bin\server\jvm.dll
0x00007ff9a8ca0000 - 0x00007ff9a8ca8000 	C:\Windows\System32\PSAPI.DLL
0x00007ff98f190000 - 0x00007ff98f199000 	C:\Windows\SYSTEM32\WSOCK32.dll
0x00007ff99cef0000 - 0x00007ff99cf17000 	C:\Windows\SYSTEM32\WINMM.dll
0x00007ff9a8ad0000 - 0x00007ff9a8b3b000 	C:\Windows\System32\WS2_32.dll
0x00007ff9a4d60000 - 0x00007ff9a4d72000 	C:\Windows\SYSTEM32\kernel.appcore.dll
0x00007ff9a00b0000 - 0x00007ff9a00c0000 	C:\Program Files\Java\jdk-11.0.15.1\bin\verify.dll
0x00007ff99bea0000 - 0x00007ff99c084000 	C:\Windows\SYSTEM32\DBGHELP.DLL
0x00007ff996460000 - 0x00007ff99648c000 	C:\Windows\SYSTEM32\dbgcore.DLL
0x00007ff9a7580000 - 0x00007ff9a7602000 	C:\Windows\System32\bcryptPrimitives.dll
0x00007ff98c3a0000 - 0x00007ff98c3c8000 	C:\Program Files\Java\jdk-11.0.15.1\bin\java.dll
0x00007ff99f010000 - 0x00007ff99f01a000 	C:\Program Files\Java\jdk-11.0.15.1\bin\jimage.dll
0x00007ff98daa0000 - 0x00007ff98dab6000 	C:\Program Files\Java\jdk-11.0.15.1\bin\zip.dll
0x00007ff9a8160000 - 0x00007ff9a88a3000 	C:\Windows\System32\SHELL32.dll
0x00007ff9a4f60000 - 0x00007ff9a56f1000 	C:\Windows\SYSTEM32\windows.storage.dll
0x00007ff9a90d0000 - 0x00007ff9a9424000 	C:\Windows\System32\combase.dll
0x00007ff9a6890000 - 0x00007ff9a68c0000 	C:\Windows\SYSTEM32\Wldp.dll
0x00007ff9a96a0000 - 0x00007ff9a974d000 	C:\Windows\System32\SHCORE.dll
0x00007ff9a8c40000 - 0x00007ff9a8c95000 	C:\Windows\System32\shlwapi.dll
0x00007ff9a6de0000 - 0x00007ff9a6dff000 	C:\Windows\SYSTEM32\profapi.dll
0x00007ff98c380000 - 0x00007ff98c399000 	C:\Program Files\Java\jdk-11.0.15.1\bin\net.dll
0x00007ff99bbd0000 - 0x00007ff99bcdd000 	C:\Windows\SYSTEM32\WINHTTP.dll
0x00007ff9a6580000 - 0x00007ff9a65ea000 	C:\Windows\system32\mswsock.dll
0x00007ff98c320000 - 0x00007ff98c332000 	C:\Program Files\Java\jdk-11.0.15.1\bin\nio.dll
0x00007ff9a67f0000 - 0x00007ff9a6808000 	C:\Windows\SYSTEM32\CRYPTSP.dll
0x00007ff9a5ea0000 - 0x00007ff9a5ed4000 	C:\Windows\system32\rsaenh.dll
0x00007ff9a77c0000 - 0x00007ff9a77e7000 	C:\Windows\System32\bcrypt.dll
0x00007ff9a6d60000 - 0x00007ff9a6d8e000 	C:\Windows\SYSTEM32\USERENV.dll
0x00007ff9a67e0000 - 0x00007ff9a67ec000 	C:\Windows\SYSTEM32\CRYPTBASE.dll
0x00007ff9a6270000 - 0x00007ff9a62ab000 	C:\Windows\SYSTEM32\IPHLPAPI.DLL
0x00007ff9a8ac0000 - 0x00007ff9a8ac8000 	C:\Windows\System32\NSI.dll
0x00007ff99a5f0000 - 0x00007ff99a607000 	C:\Windows\SYSTEM32\dhcpcsvc6.DLL
0x00007ff99a780000 - 0x00007ff99a79d000 	C:\Windows\SYSTEM32\dhcpcsvc.DLL
0x00007ff9a62b0000 - 0x00007ff9a637a000 	C:\Windows\SYSTEM32\DNSAPI.dll
0x00007ff997cd0000 - 0x00007ff997cd9000 	C:\Program Files\Java\jdk-11.0.15.1\bin\management.dll
0x00007ff997cb0000 - 0x00007ff997cbb000 	C:\Program Files\Java\jdk-11.0.15.1\bin\management_ext.dll
0x00007ff98b840000 - 0x00007ff98b857000 	C:\Windows\system32\napinsp.dll
0x00007ff98b820000 - 0x00007ff98b83b000 	C:\Windows\system32\pnrpnsp.dll
0x00007ff9a1890000 - 0x00007ff9a18a5000 	C:\Windows\system32\wshbth.dll
0x00007ff9a2690000 - 0x00007ff9a26ad000 	C:\Windows\system32\NLAapi.dll
0x00007ff98d540000 - 0x00007ff98d552000 	C:\Windows\System32\winrnr.dll
0x00007ff99e9a0000 - 0x00007ff99e9aa000 	C:\Windows\System32\rasadhlp.dll
0x00007ff997f20000 - 0x00007ff997fa0000 	C:\Windows\System32\fwpuclnt.dll

dbghelp: loaded successfully - version: 4.0.5 - missing functions: none
symbol engine: initialized successfully - sym options: 0x614 - pdb path: .;C:\Program Files\Java\jdk-11.0.15.1\bin;C:\Windows\SYSTEM32;C:\Windows\WinSxS\amd64_microsoft.windows.common-controls_6595b64144ccf1df_6.0.19041.1110_none_60b5254171f9507e;C:\Program Files\Java\jdk-11.0.15.1\bin\server

VM Arguments:
jvm_args: -Dorg.gradle.internal.worker.tmpdir=C:\z_yy\intellij\bookmanager\build\tmp\test\work -Dorg.gradle.native=false -Xmx512m -Dfile.encoding=UTF-8 -Duser.country=KR -Duser.language=ko -Duser.variant -ea 
java_command: worker.org.gradle.process.internal.worker.GradleWorkerMain 'Gradle Test Executor 3'
java_class_path (initial): C:\\Users\\self0\\.gradle\\caches\\7.5.1\\workerMain\\gradle-worker.jar;C:\\z_yy\\intellij\\bookmanager\\build\\classes\\java\\test;C:\\z_yy\\intellij\\bookmanager\\build\\resources\\test;C:\\z_yy\\intellij\\bookmanager\\build\\classes\\java\\main;C:\\z_yy\\intellij\\bookmanager\\build\\resources\\main;C:\\Users\\self0\\.gradle\\caches\\modules-2\\files-2.1\\org.springframework.boot\\spring-boot-starter-data-jpa\\2.7.5\\b83184467079d5b808fb2f9fbc858b1804975808\\spring-boot-starter-data-jpa-2.7.5.jar;C:\\Users\\self0\\.gradle\\caches\\modules-2\\files-2.1\\org.springframework.boot\\spring-boot-starter-web\\2.7.5\\bb4099d0466a62c3b11ab9323babca13bb430a2e\\spring-boot-starter-web-2.7.5.jar;C:\\Users\\self0\\.gradle\\caches\\modules-2\\files-2.1\\org.springframework.boot\\spring-boot-devtools\\2.7.5\\e8510bace48b6a516515aa140cdfd758ad5a47c\\spring-boot-devtools-2.7.5.jar;C:\\Users\\self0\\.gradle\\caches\\modules-2\\files-2.1\\com.h2database\\h2\\2.1.214\\d5c2005c9e3279201e12d4776c948578b16bf8b2\\h2-2.1.214.jar;C:\\Users\\self0\\.gradle\\caches\\modules-2\\files-2.1\\org.springframework.boot\\spring-boot-starter-test\\2.7.5\\f52fd19eda97bb76bb304f4734c3d654ecca0666\\spring-boot-starter-test-2.7.5.jar;C:\\Users\\self0\\.gradle\\caches\\modules-2\\files-2.1\\org.springframework.boot\\spring-boot-starter-aop\\2.7.5\\ea4b85395faaa3a382f2a582e4bf023d088d320e\\spring-boot-starter-aop-2.7.5.jar;C:\\Users\\self0\\.gradle\\caches\\modules-2\\files-2.1\\org.springframework.boot\\spring-boot-starter-jdbc\\2.7.5\\b57c3f8fb2fe235a8ff368755092371423bbc5b3\\spring-boot-starter-jdbc-2.7.5.jar;C:\\Users\\self0\\.gradle\\caches\\modules-2\\files-2.1\\jakarta.transaction\\jakarta.transaction-api\\1.3.3\\c4179d48720a1e87202115fbed6089bdc4195405\\jakarta.transaction-api-1.3.3.jar;C:\\Users\\self0\\.gradle\\caches\\modules-2\\files-2.1\\jakarta.persistence\\jakarta.persistence-api\\2.2.3\\8f6ea5daedc614f07a3654a455660145286f024e\\jakarta.persistence-api-2.2.3.jar
Launcher Type: SUN_STANDARD

[Global flags]
     intx CICompilerCount                          = 3                                         {product} {ergonomic}
     uint ConcGCThreads                            = 2                                         {product} {ergonomic}
     uint G1ConcRefinementThreads                  = 6                                         {product} {ergonomic}
   size_t G1HeapRegionSize                         = 1048576                                   {product} {ergonomic}
    uintx GCDrainStackTargetSize                   = 64                                        {product} {ergonomic}
   size_t InitialHeapSize                          = 123731968                                 {product} {ergonomic}
   size_t MarkStackSize                            = 4194304                                   {product} {ergonomic}
   size_t MaxHeapSize                              = 536870912                                 {product} {command line}
   size_t MaxNewSize                               = 321912832                                 {product} {ergonomic}
   size_t MinHeapDeltaBytes                        = 1048576                                   {product} {ergonomic}
    uintx NonNMethodCodeHeapSize                   = 5830732                                {pd product} {ergonomic}
    uintx NonProfiledCodeHeapSize                  = 122913754                              {pd product} {ergonomic}
    uintx ProfiledCodeHeapSize                     = 122913754                              {pd product} {ergonomic}
    uintx ReservedCodeCacheSize                    = 251658240                              {pd product} {ergonomic}
     bool SegmentedCodeCache                       = true                                      {product} {ergonomic}
     bool UseCompressedClassPointers               = true                                 {lp64_product} {ergonomic}
     bool UseCompressedOops                        = true                                 {lp64_product} {ergonomic}
     bool UseG1GC                                  = true                                      {product} {ergonomic}
     bool UseLargePagesIndividualAllocation        = false                                  {pd product} {ergonomic}

Logging:
Log output configuration:
 #0: stdout all=warning uptime,level,tags
 #1: stderr all=off uptime,level,tags

Environment Variables:
JAVA_HOME=C:\Program Files\Java\jdk-11.0.15.1
PATH=C:\Program Files\Common Files\Oracle\Java\javapath;C:\oraclexe\app\oracle\product\11.2.0\server\bin;C:\Program Files (x86)\Common Files\Oracle\Java\javapath;C:\Windows\system32;C:\Windows;C:\Windows\System32\Wbem;C:\Windows\System32\WindowsPowerShell\v1.0\;C:\Windows\System32\OpenSSH\;C:\Program Files\Java\jdk1.8.0_281\bin;C:\Program Files\Git\cmd;C:\Program Files\TortoiseGit\bin;C:\Program Files\dotnet\;C:\Users\self0\AppData\Local\Microsoft\WindowsApps;;C:\Users\self0\AppData\Local\Programs\Microsoft VS Code\bin;C:\Program Files\JetBrains\IntelliJ IDEA Community Edition 2022.1.3\bin;;C:\Program Files (x86)\ESTsoft\ALSee\x64
USERNAME=self0
OS=Windows_NT
PROCESSOR_IDENTIFIER=AMD64 Family 23 Model 96 Stepping 1, AuthenticAMD



---------------  S Y S T E M  ---------------

OS: Windows 10 , 64 bit Build 19041 (10.0.19041.1889)

CPU:total 6 (initial active 6) (6 cores per cpu, 1 threads per core) family 23 model 96 stepping 1 microcode 0x0, cmov, cx8, fxsr, mmx, sse, sse2, sse3, ssse3, sse4.1, sse4.2, popcnt, avx, avx2, aes, clmul, mmxext, 3dnowpref, lzcnt, sse4a, tsc, tscinvbit, tscinv, bmi1, bmi2, adx, sha, 

Memory: 4k page, system-wide physical 7549M (465M free)
TotalPageFile size 31101M (AvailPageFile size 3M)
current process WorkingSet (physical memory assigned to process): 181M, peak: 181M
current process commit charge ("private bytes"): 271M, peak: 271M

vm_info: Java HotSpot(TM) 64-Bit Server VM (11.0.15.1+2-LTS-10) for windows-amd64 JRE (11.0.15.1+2-LTS-10), built on Apr 25 2022 21:51:57 by "mach5one" with MS VC++ 15.9 (VS2017)

END.
